

Microchip MPLAB XC8 Assembler V2.46 build 20240104201356 
                                                                                               Tue Aug 27 20:06:45 2024

Microchip MPLAB XC8 C Compiler v2.46 (Free license) build 20240104201356 Og1 
     1                           	processor	18F4580
     2                           	fnconf	rparam,??,?,0
     3                           	pagewidth 120
     4                           	opt	flic
     5                           	psect	cinit,global,reloc=2,class=CODE,delta=1
     6                           	psect	bssCOMRAM,global,class=COMRAM,space=1,delta=1,lowdata,noexec
     7                           	psect	cstackCOMRAM,global,class=COMRAM,space=1,delta=1,lowdata,noexec
     8                           	psect	text0,global,reloc=2,class=CODE,delta=1
     9                           	psect	text1,global,reloc=2,class=CODE,delta=1
    10                           	psect	smallconst,global,reloc=2,class=SMALLCONST,delta=1,noexec
    11                           	psect	intsave_regs,global,class=BIGRAM,space=1,delta=1,noexec
    12                           	psect	rparam,global,class=COMRAM,space=1,delta=1,noexec
    13   000000                     
    14                           ; Generated 17/10/2023 GMT
    15                           ; 
    16                           ; Copyright © 2023, Microchip Technology Inc. and its subsidiaries ("Microchip")
    17                           ; All rights reserved.
    18                           ; 
    19                           ; This software is developed by Microchip Technology Inc. and its subsidiaries ("Microch
      +                          ip").
    20                           ; 
    21                           ; Redistribution and use in source and binary forms, with or without modification, are
    22                           ; permitted provided that the following conditions are met:
    23                           ; 
    24                           ;     1. Redistributions of source code must retain the above copyright notice, this lis
      +                          t of
    25                           ;        conditions and the following disclaimer.
    26                           ; 
    27                           ;     2. Redistributions in binary form must reproduce the above copyright notice, this 
      +                          list
    28                           ;        of conditions and the following disclaimer in the documentation and/or other
    29                           ;        materials provided with the distribution. Publication is not required when
    30                           ;        this file is used in an embedded application.
    31                           ; 
    32                           ;     3. Microchip's name may not be used to endorse or promote products derived from th
      +                          is
    33                           ;        software without specific prior written permission.
    34                           ; 
    35                           ; THIS SOFTWARE IS PROVIDED BY MICROCHIP "AS IS" AND ANY EXPRESS OR IMPLIED WARRANTIES,
    36                           ; INCLUDING, BUT NOT LIMITED TO, THE IMPLIED WARRANTIES OF MERCHANTABILITY AND FITNESS F
      +                          OR
    37                           ; PURPOSE ARE DISCLAIMED.  IN NO EVENT SHALL MICROCHIP BE LIABLE FOR ANY DIRECT, INDIREC
      +                          T,
    38                           ; INCIDENTAL, SPECIAL, EXEMPLARY, OR CONSEQUENTIAL DAMAGES (INCLUDING BUT NOT LIMITED TO
    39                           ; PROCUREMENT OF SUBSTITUTE GOODS OR SERVICES; LOSS OF USE, DATA OR PROFITS; OR BUSINESS
    40                           ; INTERRUPTION) HOWSOEVER CAUSED AND ON ANY THEORY OF LIABILITY, WHETHER IN CONTRACT, ST
      +                          RICT
    41                           ; LIABILITY, OR TORT (INCLUDING NEGLIGENCE OR OTHERWISE) ARISING IN ANY WAY OUT OF THE U
      +                          SE OF
    42                           ; THIS SOFTWARE, EVEN IF ADVISED OF THE POSSIBILITY OF SUCH DAMAGE.
    43                           ; 
    44                           ; 
    45                           ; Code-generator required, PIC18F4580 Definitions
    46                           ; 
    47                           ; SFR Addresses
    48   000000                     _PORTC	set	3970
    49   000000                     _TRISC	set	3988
    50   000000                     _T2CON	set	4042
    51   000000                     _TMR2IF	set	31985
    52   000000                     _PR2	set	4043
    53                           
    54                           ; #config settings
    55                           
    56                           	psect	cinit
    57   000636                     __pcinit:
    58                           	callstack 0
    59   000636                     start_initialization:
    60                           	callstack 0
    61   000636                     __initialization:
    62                           	callstack 0
    63                           
    64                           ; Clear objects allocated to COMRAM (2 bytes)
    65   000636  6A02               	clrf	(__pbssCOMRAM+1)& (0+255),c
    66   000638  6A01               	clrf	__pbssCOMRAM& (0+255),c
    67   00063A                     end_of_initialization:
    68                           	callstack 0
    69   00063A                     __end_of__initialization:
    70                           	callstack 0
    71   00063A  0100               	movlb	0
    72   00063C  EF01  F003         	goto	_main	;jump to C main() function
    73                           
    74                           	psect	bssCOMRAM
    75   000001                     __pbssCOMRAM:
    76                           	callstack 0
    77   000001                     _a:
    78                           	callstack 0
    79   000001                     	ds	2
    80                           
    81                           	psect	cstackCOMRAM
    82   000000                     __pcstackCOMRAM:
    83                           	callstack 0
    84   000000                     
    85                           ; 1 bytes @ 0x0
    86 ;;
    87 ;;Main: autosize = 0, tempsize = 0, incstack = 0, save=0
    88 ;;
    89 ;; *************** function _main *****************
    90 ;; Defined at:
    91 ;;		line 12 in file "timer2prgrm1.c"
    92 ;; Parameters:    Size  Location     Type
    93 ;;		None
    94 ;; Auto vars:     Size  Location     Type
    95 ;;		None
    96 ;; Return value:  Size  Location     Type
    97 ;;                  1    wreg      void 
    98 ;; Registers used:
    99 ;;		wreg, status,2, cstack
   100 ;; Tracked objects:
   101 ;;		On entry : 0/0
   102 ;;		On exit  : 0/0
   103 ;;		Unchanged: 0/0
   104 ;; Data sizes:     COMRAM   BANK0   BANK1   BANK2   BANK3   BANK4   BANK5
   105 ;;      Params:         0       0       0       0       0       0       0
   106 ;;      Locals:         0       0       0       0       0       0       0
   107 ;;      Temps:          0       0       0       0       0       0       0
   108 ;;      Totals:         0       0       0       0       0       0       0
   109 ;;Total ram usage:        0 bytes
   110 ;; Hardware stack levels required when called: 1
   111 ;; This function calls:
   112 ;;		_delay
   113 ;; This function is called by:
   114 ;;		Startup code after reset
   115 ;; This function uses a non-reentrant model
   116 ;;
   117                           
   118                           	psect	text0
   119   000602                     __ptext0:
   120                           	callstack 0
   121   000602                     _main:
   122                           	callstack 30
   123   000602                     
   124                           ;timer2prgrm1.c: 14:     TRISC=0X00;
   125   000602  0E00               	movlw	0
   126   000604  6E94               	movwf	148,c	;volatile
   127                           
   128                           ;timer2prgrm1.c: 15:     T2CON=0X7e;
   129   000606  0E7E               	movlw	126
   130   000608  6ECA               	movwf	202,c	;volatile
   131   00060A                     
   132                           ;timer2prgrm1.c: 16:     PR2=255;
   133   00060A  68CB               	setf	203,c	;volatile
   134   00060C                     l710:
   135                           
   136                           ;timer2prgrm1.c: 19:     {;timer2prgrm1.c: 20:             PORTC=0XFF;
   137   00060C  6882               	setf	130,c	;volatile
   138   00060E                     
   139                           ;timer2prgrm1.c: 21:             delay();
   140   00060E  EC11  F003         	call	_delay	;wreg free
   141   000612                     
   142                           ;timer2prgrm1.c: 22:             PORTC=0X00;
   143   000612  0E00               	movlw	0
   144   000614  6E82               	movwf	130,c	;volatile
   145                           
   146                           ;timer2prgrm1.c: 23:             delay();
   147   000616  EC11  F003         	call	_delay	;wreg free
   148   00061A  EF06  F003         	goto	l710
   149   00061E  EF00  F000         	goto	start
   150   000622                     __end_of_main:
   151                           	callstack 0
   152                           
   153 ;; *************** function _delay *****************
   154 ;; Defined at:
   155 ;;		line 27 in file "timer2prgrm1.c"
   156 ;; Parameters:    Size  Location     Type
   157 ;;		None
   158 ;; Auto vars:     Size  Location     Type
   159 ;;		None
   160 ;; Return value:  Size  Location     Type
   161 ;;                  1    wreg      void 
   162 ;; Registers used:
   163 ;;		None
   164 ;; Tracked objects:
   165 ;;		On entry : 0/0
   166 ;;		On exit  : 0/0
   167 ;;		Unchanged: 0/0
   168 ;; Data sizes:     COMRAM   BANK0   BANK1   BANK2   BANK3   BANK4   BANK5
   169 ;;      Params:         0       0       0       0       0       0       0
   170 ;;      Locals:         0       0       0       0       0       0       0
   171 ;;      Temps:          0       0       0       0       0       0       0
   172 ;;      Totals:         0       0       0       0       0       0       0
   173 ;;Total ram usage:        0 bytes
   174 ;; Hardware stack levels used: 1
   175 ;; This function calls:
   176 ;;		Nothing
   177 ;; This function is called by:
   178 ;;		_main
   179 ;; This function uses a non-reentrant model
   180 ;;
   181                           
   182                           	psect	text1
   183   000622                     __ptext1:
   184                           	callstack 0
   185   000622                     _delay:
   186                           	callstack 30
   187   000622                     l25:
   188   000622  A29E               	btfss	3998,1,c	;volatile
   189   000624  EF16  F003         	goto	u11
   190   000628  EF18  F003         	goto	u10
   191   00062C                     u11:
   192   00062C  EF11  F003         	goto	l25
   193   000630                     u10:
   194   000630                     
   195                           ;timer2prgrm1.c: 31:     TMR2IF=0;
   196   000630  929E               	bcf	3998,1,c	;volatile
   197                           
   198                           ;timer2prgrm1.c: 32:        PR2=255;
   199   000632  68CB               	setf	203,c	;volatile
   200   000634  0012               	return		;funcret
   201   000636                     __end_of_delay:
   202                           	callstack 0
   203                           
   204                           	psect	smallconst
   205   000600                     __psmallconst:
   206                           	callstack 0
   207   000600  00                 	db	0
   208   000601  00                 	db	0	; dummy byte at the end
   209   000000                     
   210                           	psect	rparam
   211   000000                     tosu	equ	0xFFF
   212                           tosh	equ	0xFFE
   213                           tosl	equ	0xFFD
   214                           stkptr	equ	0xFFC
   215                           pclatu	equ	0xFFB
   216                           pclath	equ	0xFFA
   217                           pcl	equ	0xFF9
   218                           tblptru	equ	0xFF8
   219                           tblptrh	equ	0xFF7
   220                           tblptrl	equ	0xFF6
   221                           tablat	equ	0xFF5
   222                           prodh	equ	0xFF4
   223                           prodl	equ	0xFF3
   224                           indf0	equ	0xFEF
   225                           postinc0	equ	0xFEE
   226                           postdec0	equ	0xFED
   227                           preinc0	equ	0xFEC
   228                           plusw0	equ	0xFEB
   229                           fsr0h	equ	0xFEA
   230                           fsr0l	equ	0xFE9
   231                           wreg	equ	0xFE8
   232                           indf1	equ	0xFE7
   233                           postinc1	equ	0xFE6
   234                           postdec1	equ	0xFE5
   235                           preinc1	equ	0xFE4
   236                           plusw1	equ	0xFE3
   237                           fsr1h	equ	0xFE2
   238                           fsr1l	equ	0xFE1
   239                           bsr	equ	0xFE0
   240                           indf2	equ	0xFDF
   241                           postinc2	equ	0xFDE
   242                           postdec2	equ	0xFDD
   243                           preinc2	equ	0xFDC
   244                           plusw2	equ	0xFDB
   245                           fsr2h	equ	0xFDA
   246                           fsr2l	equ	0xFD9
   247                           status	equ	0xFD8

Data Sizes:
    Strings     0
    Constant    0
    Data        0
    BSS         2
    Persistent  0
    Stack       0

Auto Spaces:
    Space          Size  Autos    Used
    COMRAM           95      0       2
    BANK0           160      0       0
    BANK1           256      0       0
    BANK2           256      0       0
    BANK3           256      0       0
    BANK4           256      0       0
    BANK5           256      0       0

Pointer List with Targets:

    None.

Critical Paths under _main in COMRAM

    None.

Critical Paths under _main in BANK0

    None.

Critical Paths under _main in BANK1

    None.

Critical Paths under _main in BANK2

    None.

Critical Paths under _main in BANK3

    None.

Critical Paths under _main in BANK4

    None.

Critical Paths under _main in BANK5

    None.

Call Graph Tables:

 ---------------------------------------------------------------------------------
 (Depth) Function   	        Calls       Base Space   Used Autos Params    Refs
 ---------------------------------------------------------------------------------
 (0) _main                                                 0     0      0       0
                              _delay
 ---------------------------------------------------------------------------------
 (1) _delay                                                0     0      0       0
 ---------------------------------------------------------------------------------
 Estimated maximum stack depth 1
 ---------------------------------------------------------------------------------

 Call Graph Graphs:

 _main (ROOT)
   _delay

 Address spaces:
Name               Size   Autos  Total    Cost      Usage
BIGRAM             5FF      0       0      22        0.0%
BITBIGSFRll        282      0       0      20        0.0%
EEDATA             100      0       0       0        0.0%
BITBANK5           100      0       0      14        0.0%
BANK5              100      0       0      15        0.0%
BITBANK4           100      0       0      12        0.0%
BANK4              100      0       0      13        0.0%
BITBANK3           100      0       0      10        0.0%
BANK3              100      0       0      11        0.0%
BITBANK2           100      0       0       8        0.0%
BANK2              100      0       0       9        0.0%
BITBANK1           100      0       0       6        0.0%
BANK1              100      0       0       7        0.0%
BITBANK0            A0      0       0       4        0.0%
BANK0               A0      0       0       5        0.0%
BITCOMRAM           5F      0       0       0        0.0%
COMRAM              5F      0       2       1        2.1%
BITBIGSFRhh         34      0       0      16        0.0%
BITBIGSFRhlh        2B      0       0      17        0.0%
BITBIGSFRlh         11      0       0      19        0.0%
BITBIGSFRhll         9      0       0      18        0.0%
BIGSFR               0      0       0     200        0.0%
BITSFR_3             0      0       0     200        0.0%
SFR_3                0      0       0     200        0.0%
BITSFR_2             0      0       0     200        0.0%
SFR_2                0      0       0     200        0.0%
BITSFR_1             0      0       0     200        0.0%
SFR_1                0      0       0     200        0.0%
BITSFR               0      0       0     200        0.0%
SFR                  0      0       0     200        0.0%
STACK                0      0       0       2        0.0%
NULL                 0      0       0       0        0.0%
ABS                  0      0       2      21        0.0%
DATA                 0      0       2       3        0.0%
CODE                 0      0       0       0        0.0%


Microchip Technology PIC18 Macro Assembler V2.46 build 20240104201356 
Symbol Table                                                                                   Tue Aug 27 20:06:45 2024

                      _a 0001                       l25 0622                       l27 0630  
                     l28 0634                       u10 0630                       u11 062C  
                    l710 060C                      l704 0622                      l712 060E  
                    l714 0612                      l706 0602                      l708 060A  
                    _PR2 0FCB                     _main 0602                     start 0000  
           ___param_bank 0000                    ?_main 0000                    _T2CON 0FCA  
                  _PORTC 0F82                    _TRISC 0F94                    _delay 0622  
        __initialization 0636             __end_of_main 0622                   ??_main 0000  
          __activetblptr 0000                   ?_delay 0000                   _TMR2IF 7CF1  
                 isa$std 0001             __mediumconst 0000               __accesstop 0060  
__end_of__initialization 063A            ___rparam_used 0001           __pcstackCOMRAM 0000  
          __end_of_delay 0636                  ??_delay 0000                  __Hparam 0000  
                __Lparam 0000             __psmallconst 0600                  __pcinit 0636  
                __ramtop 0600                  __ptext0 0602                  __ptext1 0622  
   end_of_initialization 063A      start_initialization 0636              __pbssCOMRAM 0001  
            __smallconst 0600                 __Hrparam 0000                 __Lrparam 0000  
               isa$xinst 0000  
