

Microchip MPLAB XC8 Assembler V2.46 build 20240104201356 
                                                                                               Tue Aug 20 17:32:34 2024

Microchip MPLAB XC8 C Compiler v2.46 (Free license) build 20240104201356 Og1 
     1                           	processor	18F4580
     2                           	fnconf	rparam,??,?,0
     3                           	pagewidth 120
     4                           	opt	flic
     5                           	psect	cinit,global,reloc=2,class=CODE,delta=1
     6                           	psect	cstackCOMRAM,global,class=COMRAM,space=1,delta=1,lowdata,noexec
     7                           	psect	text0,global,reloc=2,class=CODE,delta=1
     8                           	psect	text1,global,reloc=2,class=CODE,delta=1
     9                           	psect	smallconst,global,reloc=2,class=SMALLCONST,delta=1,noexec
    10                           	psect	intsave_regs,global,class=BIGRAM,space=1,delta=1,noexec
    11                           	psect	rparam,global,class=COMRAM,space=1,delta=1,noexec
    12   000000                     
    13                           ; Generated 17/10/2023 GMT
    14                           ; 
    15                           ; Copyright © 2023, Microchip Technology Inc. and its subsidiaries ("Microchip")
    16                           ; All rights reserved.
    17                           ; 
    18                           ; This software is developed by Microchip Technology Inc. and its subsidiaries ("Microch
      +                          ip").
    19                           ; 
    20                           ; Redistribution and use in source and binary forms, with or without modification, are
    21                           ; permitted provided that the following conditions are met:
    22                           ; 
    23                           ;     1. Redistributions of source code must retain the above copyright notice, this lis
      +                          t of
    24                           ;        conditions and the following disclaimer.
    25                           ; 
    26                           ;     2. Redistributions in binary form must reproduce the above copyright notice, this 
      +                          list
    27                           ;        of conditions and the following disclaimer in the documentation and/or other
    28                           ;        materials provided with the distribution. Publication is not required when
    29                           ;        this file is used in an embedded application.
    30                           ; 
    31                           ;     3. Microchip's name may not be used to endorse or promote products derived from th
      +                          is
    32                           ;        software without specific prior written permission.
    33                           ; 
    34                           ; THIS SOFTWARE IS PROVIDED BY MICROCHIP "AS IS" AND ANY EXPRESS OR IMPLIED WARRANTIES,
    35                           ; INCLUDING, BUT NOT LIMITED TO, THE IMPLIED WARRANTIES OF MERCHANTABILITY AND FITNESS F
      +                          OR
    36                           ; PURPOSE ARE DISCLAIMED.  IN NO EVENT SHALL MICROCHIP BE LIABLE FOR ANY DIRECT, INDIREC
      +                          T,
    37                           ; INCIDENTAL, SPECIAL, EXEMPLARY, OR CONSEQUENTIAL DAMAGES (INCLUDING BUT NOT LIMITED TO
    38                           ; PROCUREMENT OF SUBSTITUTE GOODS OR SERVICES; LOSS OF USE, DATA OR PROFITS; OR BUSINESS
    39                           ; INTERRUPTION) HOWSOEVER CAUSED AND ON ANY THEORY OF LIABILITY, WHETHER IN CONTRACT, ST
      +                          RICT
    40                           ; LIABILITY, OR TORT (INCLUDING NEGLIGENCE OR OTHERWISE) ARISING IN ANY WAY OUT OF THE U
      +                          SE OF
    41                           ; THIS SOFTWARE, EVEN IF ADVISED OF THE POSSIBILITY OF SUCH DAMAGE.
    42                           ; 
    43                           ; 
    44                           ; Code-generator required, PIC18F4580 Definitions
    45                           ; 
    46                           ; SFR Addresses
    47   000000                     _TRISC	set	3988
    48   000000                     _RCSTA	set	4011
    49   000000                     _TXSTA	set	4012
    50   000000                     _TXIF	set	31988
    51   000000                     _TXREG	set	4013
    52   000000                     _SPBRG	set	4015
    53   000000                     _BAUDCON	set	4024
    54                           
    55                           ; #config settings
    56                           
    57                           	psect	cinit
    58   00063C                     __pcinit:
    59                           	callstack 0
    60   00063C                     start_initialization:
    61                           	callstack 0
    62   00063C                     __initialization:
    63                           	callstack 0
    64   00063C                     end_of_initialization:
    65                           	callstack 0
    66   00063C                     __end_of__initialization:
    67                           	callstack 0
    68   00063C  0100               	movlb	0
    69   00063E  EF01  F003         	goto	_main	;jump to C main() function
    70                           
    71                           	psect	cstackCOMRAM
    72   000001                     __pcstackCOMRAM:
    73                           	callstack 0
    74   000001                     transmission@a:
    75                           	callstack 0
    76                           
    77                           ; 1 bytes @ 0x0
    78   000001                     	ds	1
    79   000002                     
    80                           ; 1 bytes @ 0x1
    81 ;;
    82 ;;Main: autosize = 0, tempsize = 0, incstack = 0, save=0
    83 ;;
    84 ;; *************** function _main *****************
    85 ;; Defined at:
    86 ;;		line 11 in file "function2.c"
    87 ;; Parameters:    Size  Location     Type
    88 ;;		None
    89 ;; Auto vars:     Size  Location     Type
    90 ;;		None
    91 ;; Return value:  Size  Location     Type
    92 ;;                  1    wreg      void 
    93 ;; Registers used:
    94 ;;		wreg, status,2, cstack
    95 ;; Tracked objects:
    96 ;;		On entry : 0/0
    97 ;;		On exit  : 0/0
    98 ;;		Unchanged: 0/0
    99 ;; Data sizes:     COMRAM   BANK0   BANK1   BANK2   BANK3   BANK4   BANK5
   100 ;;      Params:         0       0       0       0       0       0       0
   101 ;;      Locals:         0       0       0       0       0       0       0
   102 ;;      Temps:          0       0       0       0       0       0       0
   103 ;;      Totals:         0       0       0       0       0       0       0
   104 ;;Total ram usage:        0 bytes
   105 ;; Hardware stack levels required when called: 1
   106 ;; This function calls:
   107 ;;		_transmission
   108 ;; This function is called by:
   109 ;;		Startup code after reset
   110 ;; This function uses a non-reentrant model
   111 ;;
   112                           
   113                           	psect	text0
   114   000602                     __ptext0:
   115                           	callstack 0
   116   000602                     _main:
   117                           	callstack 30
   118   000602                     
   119                           ;function2.c: 13:     TRISC=0X00;
   120   000602  0E00               	movlw	0
   121   000604  6E94               	movwf	148,c	;volatile
   122                           
   123                           ;function2.c: 14:     TXSTA =0X24;
   124   000606  0E24               	movlw	36
   125   000608  6EAC               	movwf	172,c	;volatile
   126                           
   127                           ;function2.c: 15:     RCSTA =0X90;
   128   00060A  0E90               	movlw	144
   129   00060C  6EAB               	movwf	171,c	;volatile
   130                           
   131                           ;function2.c: 16:     SPBRG=129;
   132   00060E  0E81               	movlw	129
   133   000610  6EAF               	movwf	175,c	;volatile
   134                           
   135                           ;function2.c: 17:     BAUDCON=0X00;
   136   000612  0E00               	movlw	0
   137   000614  6EB8               	movwf	184,c	;volatile
   138   000616                     
   139                           ;function2.c: 18:     transmission ('a');
   140   000616  0E61               	movlw	97
   141   000618  EC12  F003         	call	_transmission
   142   00061C                     l21:
   143   00061C  EF0E  F003         	goto	l21
   144   000620  EF00  F000         	goto	start
   145   000624                     __end_of_main:
   146                           	callstack 0
   147                           
   148 ;; *************** function _transmission *****************
   149 ;; Defined at:
   150 ;;		line 21 in file "function2.c"
   151 ;; Parameters:    Size  Location     Type
   152 ;;  a               1    wreg     unsigned char 
   153 ;; Auto vars:     Size  Location     Type
   154 ;;  a               1    0[COMRAM] unsigned char 
   155 ;; Return value:  Size  Location     Type
   156 ;;                  1    wreg      void 
   157 ;; Registers used:
   158 ;;		wreg
   159 ;; Tracked objects:
   160 ;;		On entry : 0/0
   161 ;;		On exit  : 0/0
   162 ;;		Unchanged: 0/0
   163 ;; Data sizes:     COMRAM   BANK0   BANK1   BANK2   BANK3   BANK4   BANK5
   164 ;;      Params:         0       0       0       0       0       0       0
   165 ;;      Locals:         1       0       0       0       0       0       0
   166 ;;      Temps:          0       0       0       0       0       0       0
   167 ;;      Totals:         1       0       0       0       0       0       0
   168 ;;Total ram usage:        1 bytes
   169 ;; Hardware stack levels used: 1
   170 ;; This function calls:
   171 ;;		Nothing
   172 ;; This function is called by:
   173 ;;		_main
   174 ;; This function uses a non-reentrant model
   175 ;;
   176                           
   177                           	psect	text1
   178   000624                     __ptext1:
   179                           	callstack 0
   180   000624                     _transmission:
   181                           	callstack 30
   182                           
   183                           ;incstack = 0
   184                           ;transmission@a stored from wreg
   185   000624  6E01               	movwf	transmission@a^0,c
   186   000626                     
   187                           ;function2.c: 21: void transmission(char a);function2.c: 22: {;function2.c: 23:     TXRE
      +                          G= a;
   188   000626  C001  FFAD         	movff	transmission@a,4013	;volatile
   189   00062A                     l27:
   190   00062A  A89E               	btfss	3998,4,c	;volatile
   191   00062C  EF1A  F003         	goto	u11
   192   000630  EF1C  F003         	goto	u10
   193   000634                     u11:
   194   000634  EF15  F003         	goto	l27
   195   000638                     u10:
   196   000638                     
   197                           ;function2.c: 25:     TXIF=0;
   198   000638  989E               	bcf	3998,4,c	;volatile
   199   00063A  0012               	return		;funcret
   200   00063C                     __end_of_transmission:
   201                           	callstack 0
   202                           
   203                           	psect	smallconst
   204   000600                     __psmallconst:
   205                           	callstack 0
   206   000600  00                 	db	0
   207   000601  00                 	db	0	; dummy byte at the end
   208   000000                     
   209                           	psect	rparam
   210   000000                     tosu	equ	0xFFF
   211                           tosh	equ	0xFFE
   212                           tosl	equ	0xFFD
   213                           stkptr	equ	0xFFC
   214                           pclatu	equ	0xFFB
   215                           pclath	equ	0xFFA
   216                           pcl	equ	0xFF9
   217                           tblptru	equ	0xFF8
   218                           tblptrh	equ	0xFF7
   219                           tblptrl	equ	0xFF6
   220                           tablat	equ	0xFF5
   221                           prodh	equ	0xFF4
   222                           prodl	equ	0xFF3
   223                           indf0	equ	0xFEF
   224                           postinc0	equ	0xFEE
   225                           postdec0	equ	0xFED
   226                           preinc0	equ	0xFEC
   227                           plusw0	equ	0xFEB
   228                           fsr0h	equ	0xFEA
   229                           fsr0l	equ	0xFE9
   230                           wreg	equ	0xFE8
   231                           indf1	equ	0xFE7
   232                           postinc1	equ	0xFE6
   233                           postdec1	equ	0xFE5
   234                           preinc1	equ	0xFE4
   235                           plusw1	equ	0xFE3
   236                           fsr1h	equ	0xFE2
   237                           fsr1l	equ	0xFE1
   238                           bsr	equ	0xFE0
   239                           indf2	equ	0xFDF
   240                           postinc2	equ	0xFDE
   241                           postdec2	equ	0xFDD
   242                           preinc2	equ	0xFDC
   243                           plusw2	equ	0xFDB
   244                           fsr2h	equ	0xFDA
   245                           fsr2l	equ	0xFD9
   246                           status	equ	0xFD8

Data Sizes:
    Strings     0
    Constant    0
    Data        0
    BSS         0
    Persistent  0
    Stack       0

Auto Spaces:
    Space          Size  Autos    Used
    COMRAM           95      1       1
    BANK0           160      0       0
    BANK1           256      0       0
    BANK2           256      0       0
    BANK3           256      0       0
    BANK4           256      0       0
    BANK5           256      0       0

Pointer List with Targets:

    None.

Critical Paths under _main in COMRAM

    _main->_transmission

Critical Paths under _main in BANK0

    None.

Critical Paths under _main in BANK1

    None.

Critical Paths under _main in BANK2

    None.

Critical Paths under _main in BANK3

    None.

Critical Paths under _main in BANK4

    None.

Critical Paths under _main in BANK5

    None.

Call Graph Tables:

 ---------------------------------------------------------------------------------
 (Depth) Function   	        Calls       Base Space   Used Autos Params    Refs
 ---------------------------------------------------------------------------------
 (0) _main                                                 0     0      0      15
                       _transmission
 ---------------------------------------------------------------------------------
 (1) _transmission                                         1     1      0      15
                                              0 COMRAM     1     1      0
 ---------------------------------------------------------------------------------
 Estimated maximum stack depth 1
 ---------------------------------------------------------------------------------

 Call Graph Graphs:

 _main (ROOT)
   _transmission

 Address spaces:
Name               Size   Autos  Total    Cost      Usage
BITCOMRAM           5F      0       0       0        0.0%
EEDATA             100      0       0       0        0.0%
NULL                 0      0       0       0        0.0%
CODE                 0      0       0       0        0.0%
COMRAM              5F      1       1       1        1.1%
STACK                0      0       0       2        0.0%
DATA                 0      0       0       3        0.0%
BITBANK0            A0      0       0       4        0.0%
BANK0               A0      0       0       5        0.0%
BITBANK1           100      0       0       6        0.0%
BANK1              100      0       0       7        0.0%
BITBANK2           100      0       0       8        0.0%
BANK2              100      0       0       9        0.0%
BITBANK3           100      0       0      10        0.0%
BANK3              100      0       0      11        0.0%
BITBANK4           100      0       0      12        0.0%
BANK4              100      0       0      13        0.0%
BITBANK5           100      0       0      14        0.0%
BANK5              100      0       0      15        0.0%
BITBIGSFRhhhh       47      0       0      16        0.0%
BITBIGSFRhhhl        8      0       0      17        0.0%
BITBIGSFRhhl         1      0       0      18        0.0%
BITBIGSFRhlh         C      0       0      19        0.0%
BITBIGSFRhll         9      0       0      20        0.0%
BITBIGSFRl         294      0       0      21        0.0%
ABS                  0      0       0      22        0.0%
BIGRAM             5FF      0       0      23        0.0%
BIGSFR               0      0       0     200        0.0%
BITSFR_3             0      0       0     200        0.0%
SFR_3                0      0       0     200        0.0%
BITSFR_2             0      0       0     200        0.0%
SFR_2                0      0       0     200        0.0%
BITSFR_1             0      0       0     200        0.0%
SFR_1                0      0       0     200        0.0%
BITSFR               0      0       0     200        0.0%
SFR                  0      0       0     200        0.0%


Microchip Technology PIC18 Macro Assembler V2.46 build 20240104201356 
Symbol Table                                                                                   Tue Aug 20 17:32:34 2024

                     l21 061C                       l30 063A                       l22 061C  
                     l27 062A                       l29 0638                       u10 0638  
                     u11 0634                      l710 0616                      l706 0626  
                    l708 0602                     _TXIF 7CF4             _transmission 0624  
                   _main 0602                     start 0000             ___param_bank 0000  
                  ?_main 0001                    _RCSTA 0FAB                    _SPBRG 0FAF  
                  _TRISC 0F94                    _TXREG 0FAD                    _TXSTA 0FAC  
        __initialization 063C             __end_of_main 0624                   ??_main 0002  
          __activetblptr 0000                   isa$std 0001             __mediumconst 0000  
             __accesstop 0060  __end_of__initialization 063C            ___rparam_used 0001  
         __pcstackCOMRAM 0001                  _BAUDCON 0FB8                  __Hparam 0000  
                __Lparam 0000             __psmallconst 0600                  __pcinit 063C  
                __ramtop 0600                  __ptext0 0602                  __ptext1 0624  
   end_of_initialization 063C            transmission@a 0001      start_initialization 063C  
          ?_transmission 0001           ??_transmission 0001              __smallconst 0600  
               __Hrparam 0000                 __Lrparam 0000     __end_of_transmission 063C  
               isa$xinst 0000  
