

Microchip MPLAB XC8 Assembler V2.46 build 20240104201356 
                                                                                               Mon Jul 29 09:36:14 2024

Microchip MPLAB XC8 C Compiler v2.46 (Free license) build 20240104201356 Og1 
     1                           	processor	18F4580
     2                           	fnconf	rparam,??,?,0
     3                           	pagewidth 120
     4                           	opt	flic
     5                           	psect	cinit,global,reloc=2,class=CODE,delta=1
     6                           	psect	cstackCOMRAM,global,class=COMRAM,space=1,delta=1,lowdata,noexec
     7                           	psect	text0,global,reloc=2,class=CODE,delta=1
     8                           	psect	smallconst,global,reloc=2,class=SMALLCONST,delta=1,noexec
     9                           	psect	intsave_regs,global,class=BIGRAM,space=1,delta=1,noexec
    10                           	psect	rparam,global,class=COMRAM,space=1,delta=1,noexec
    11   000000                     
    12                           ; Generated 17/10/2023 GMT
    13                           ; 
    14                           ; Copyright © 2023, Microchip Technology Inc. and its subsidiaries ("Microchip")
    15                           ; All rights reserved.
    16                           ; 
    17                           ; This software is developed by Microchip Technology Inc. and its subsidiaries ("Microch
      +                          ip").
    18                           ; 
    19                           ; Redistribution and use in source and binary forms, with or without modification, are
    20                           ; permitted provided that the following conditions are met:
    21                           ; 
    22                           ;     1. Redistributions of source code must retain the above copyright notice, this lis
      +                          t of
    23                           ;        conditions and the following disclaimer.
    24                           ; 
    25                           ;     2. Redistributions in binary form must reproduce the above copyright notice, this 
      +                          list
    26                           ;        of conditions and the following disclaimer in the documentation and/or other
    27                           ;        materials provided with the distribution. Publication is not required when
    28                           ;        this file is used in an embedded application.
    29                           ; 
    30                           ;     3. Microchip's name may not be used to endorse or promote products derived from th
      +                          is
    31                           ;        software without specific prior written permission.
    32                           ; 
    33                           ; THIS SOFTWARE IS PROVIDED BY MICROCHIP "AS IS" AND ANY EXPRESS OR IMPLIED WARRANTIES,
    34                           ; INCLUDING, BUT NOT LIMITED TO, THE IMPLIED WARRANTIES OF MERCHANTABILITY AND FITNESS F
      +                          OR
    35                           ; PURPOSE ARE DISCLAIMED.  IN NO EVENT SHALL MICROCHIP BE LIABLE FOR ANY DIRECT, INDIREC
      +                          T,
    36                           ; INCIDENTAL, SPECIAL, EXEMPLARY, OR CONSEQUENTIAL DAMAGES (INCLUDING BUT NOT LIMITED TO
    37                           ; PROCUREMENT OF SUBSTITUTE GOODS OR SERVICES; LOSS OF USE, DATA OR PROFITS; OR BUSINESS
    38                           ; INTERRUPTION) HOWSOEVER CAUSED AND ON ANY THEORY OF LIABILITY, WHETHER IN CONTRACT, ST
      +                          RICT
    39                           ; LIABILITY, OR TORT (INCLUDING NEGLIGENCE OR OTHERWISE) ARISING IN ANY WAY OUT OF THE U
      +                          SE OF
    40                           ; THIS SOFTWARE, EVEN IF ADVISED OF THE POSSIBILITY OF SUCH DAMAGE.
    41                           ; 
    42                           ; 
    43                           ; Code-generator required, PIC18F4580 Definitions
    44                           ; 
    45                           ; SFR Addresses
    46   000000                     _PORTC	set	3970
    47   000000                     _TRISC	set	3988
    48                           
    49                           ; #config settings
    50                           
    51                           	psect	cinit
    52   000662                     __pcinit:
    53                           	callstack 0
    54   000662                     start_initialization:
    55                           	callstack 0
    56   000662                     __initialization:
    57                           	callstack 0
    58   000662                     end_of_initialization:
    59                           	callstack 0
    60   000662                     __end_of__initialization:
    61                           	callstack 0
    62   000662  0100               	movlb	0
    63   000664  EF01  F003         	goto	_main	;jump to C main() function
    64                           
    65                           	psect	cstackCOMRAM
    66   000001                     __pcstackCOMRAM:
    67                           	callstack 0
    68   000001                     main@i:
    69                           	callstack 0
    70                           
    71                           ; 2 bytes @ 0x0
    72   000001                     	ds	2
    73   000003                     main@j:
    74                           	callstack 0
    75                           
    76                           ; 2 bytes @ 0x2
    77   000003                     	ds	2
    78                           
    79 ;;
    80 ;;Main: autosize = 0, tempsize = 0, incstack = 0, save=0
    81 ;;
    82 ;; *************** function _main *****************
    83 ;; Defined at:
    84 ;;		line 9 in file "backtofront.c"
    85 ;; Parameters:    Size  Location     Type
    86 ;;		None
    87 ;; Auto vars:     Size  Location     Type
    88 ;;  i               2    0[COMRAM] unsigned int 
    89 ;;  j               2    2[COMRAM] int 
    90 ;; Return value:  Size  Location     Type
    91 ;;                  1    wreg      void 
    92 ;; Registers used:
    93 ;;		wreg, status,2, status,0
    94 ;; Tracked objects:
    95 ;;		On entry : 0/0
    96 ;;		On exit  : 0/0
    97 ;;		Unchanged: 0/0
    98 ;; Data sizes:     COMRAM   BANK0   BANK1   BANK2   BANK3   BANK4   BANK5
    99 ;;      Params:         0       0       0       0       0       0       0
   100 ;;      Locals:         4       0       0       0       0       0       0
   101 ;;      Temps:          0       0       0       0       0       0       0
   102 ;;      Totals:         4       0       0       0       0       0       0
   103 ;;Total ram usage:        4 bytes
   104 ;; This function calls:
   105 ;;		Nothing
   106 ;; This function is called by:
   107 ;;		Startup code after reset
   108 ;; This function uses a non-reentrant model
   109 ;;
   110                           
   111                           	psect	text0
   112   000602                     __ptext0:
   113                           	callstack 0
   114   000602                     _main:
   115                           	callstack 31
   116   000602                     
   117                           ;backtofront.c: 12:     TRISC=0X00;
   118   000602  0E00               	movlw	0
   119   000604  6E94               	movwf	148,c	;volatile
   120   000606                     l9:
   121                           
   122                           ;backtofront.c: 14:     {;backtofront.c: 16:         for(int j=1;j<=128;j=j*2)
   123   000606  0E00               	movlw	0
   124   000608  6E04               	movwf	(main@j+1)^0,c
   125   00060A  0E01               	movlw	1
   126   00060C  6E03               	movwf	main@j^0,c
   127   00060E                     l10:
   128                           
   129                           ;backtofront.c: 17:         {;backtofront.c: 18:             PORTC=j;
   130   00060E  C003  FF82         	movff	main@j,3970	;volatile
   131   000612                     
   132                           ;backtofront.c: 19:             for(unsigned int i = 0; i < 55000; i++);
   133   000612  0E00               	movlw	0
   134   000614  6E02               	movwf	(main@i+1)^0,c
   135   000616  0E00               	movlw	0
   136   000618  6E01               	movwf	main@i^0,c
   137   00061A                     l704:
   138   00061A  4A01               	infsnz	main@i^0,f,c
   139   00061C  2A02               	incf	(main@i+1)^0,f,c
   140   00061E  0ED8               	movlw	216
   141   000620  5C01               	subwf	main@i^0,w,c
   142   000622  0ED6               	movlw	214
   143   000624  5802               	subwfb	(main@i+1)^0,w,c
   144   000626  A0D8               	btfss	status,0,c
   145   000628  EF18  F003         	goto	u11
   146   00062C  EF1A  F003         	goto	u10
   147   000630                     u11:
   148   000630  EF0D  F003         	goto	l704
   149   000634                     u10:
   150   000634                     
   151                           ;backtofront.c: 20:         }
   152   000634  90D8               	bcf	status,0,c
   153   000636  3403               	rlcf	main@j^0,w,c
   154   000638  6E03               	movwf	main@j^0,c
   155   00063A  3404               	rlcf	(main@j+1)^0,w,c
   156   00063C  6E04               	movwf	(main@j+1)^0,c
   157   00063E  BE04               	btfsc	(main@j+1)^0,7,c
   158   000640  EF2B  F003         	goto	u21
   159   000644  5004               	movf	(main@j+1)^0,w,c
   160   000646  E109               	bnz	u20
   161   000648  0E81               	movlw	129
   162   00064A  5C03               	subwf	main@j^0,w,c
   163   00064C  A0D8               	btfss	status,0,c
   164   00064E  EF2B  F003         	goto	u21
   165   000652  EF2D  F003         	goto	u20
   166   000656                     u21:
   167   000656  EF07  F003         	goto	l10
   168   00065A                     u20:
   169   00065A  EF03  F003         	goto	l9
   170   00065E  EF00  F000         	goto	start
   171   000662                     __end_of_main:
   172                           	callstack 0
   173                           
   174                           	psect	smallconst
   175   000600                     __psmallconst:
   176                           	callstack 0
   177   000600  00                 	db	0
   178   000601  00                 	db	0	; dummy byte at the end
   179   000000                     
   180                           	psect	rparam
   181   000000                     tosu	equ	0xFFF
   182                           tosh	equ	0xFFE
   183                           tosl	equ	0xFFD
   184                           stkptr	equ	0xFFC
   185                           pclatu	equ	0xFFB
   186                           pclath	equ	0xFFA
   187                           pcl	equ	0xFF9
   188                           tblptru	equ	0xFF8
   189                           tblptrh	equ	0xFF7
   190                           tblptrl	equ	0xFF6
   191                           tablat	equ	0xFF5
   192                           prodh	equ	0xFF4
   193                           prodl	equ	0xFF3
   194                           indf0	equ	0xFEF
   195                           postinc0	equ	0xFEE
   196                           postdec0	equ	0xFED
   197                           preinc0	equ	0xFEC
   198                           plusw0	equ	0xFEB
   199                           fsr0h	equ	0xFEA
   200                           fsr0l	equ	0xFE9
   201                           wreg	equ	0xFE8
   202                           indf1	equ	0xFE7
   203                           postinc1	equ	0xFE6
   204                           postdec1	equ	0xFE5
   205                           preinc1	equ	0xFE4
   206                           plusw1	equ	0xFE3
   207                           fsr1h	equ	0xFE2
   208                           fsr1l	equ	0xFE1
   209                           bsr	equ	0xFE0
   210                           indf2	equ	0xFDF
   211                           postinc2	equ	0xFDE
   212                           postdec2	equ	0xFDD
   213                           preinc2	equ	0xFDC
   214                           plusw2	equ	0xFDB
   215                           fsr2h	equ	0xFDA
   216                           fsr2l	equ	0xFD9
   217                           status	equ	0xFD8

Data Sizes:
    Strings     0
    Constant    0
    Data        0
    BSS         0
    Persistent  0
    Stack       0

Auto Spaces:
    Space          Size  Autos    Used
    COMRAM           95      4       4
    BANK0           160      0       0
    BANK1           256      0       0
    BANK2           256      0       0
    BANK3           256      0       0
    BANK4           256      0       0
    BANK5           256      0       0

Pointer List with Targets:

    None.

Critical Paths under _main in COMRAM

    None.

Critical Paths under _main in BANK0

    None.

Critical Paths under _main in BANK1

    None.

Critical Paths under _main in BANK2

    None.

Critical Paths under _main in BANK3

    None.

Critical Paths under _main in BANK4

    None.

Critical Paths under _main in BANK5

    None.

Call Graph Tables:

 ---------------------------------------------------------------------------------
 (Depth) Function   	        Calls       Base Space   Used Autos Params    Refs
 ---------------------------------------------------------------------------------
 (0) _main                                                 4     4      0      90
                                              0 COMRAM     4     4      0
 ---------------------------------------------------------------------------------
 Estimated maximum stack depth 0
 ---------------------------------------------------------------------------------

 Call Graph Graphs:

 _main (ROOT)

 Address spaces:
Name               Size   Autos  Total    Cost      Usage
BITCOMRAM           5F      0       0       0        0.0%
EEDATA             100      0       0       0        0.0%
NULL                 0      0       0       0        0.0%
CODE                 0      0       0       0        0.0%
COMRAM              5F      4       4       1        4.2%
STACK                0      0       0       2        0.0%
DATA                 0      0       0       3        0.0%
BITBANK0            A0      0       0       4        0.0%
BANK0               A0      0       0       5        0.0%
BITBANK1           100      0       0       6        0.0%
BANK1              100      0       0       7        0.0%
BITBANK2           100      0       0       8        0.0%
BANK2              100      0       0       9        0.0%
BITBANK3           100      0       0      10        0.0%
BANK3              100      0       0      11        0.0%
BITBANK4           100      0       0      12        0.0%
BANK4              100      0       0      13        0.0%
BITBANK5           100      0       0      14        0.0%
BANK5              100      0       0      15        0.0%
BITBIGSFRh          6B      0       0      16        0.0%
BITBIGSFRlh         11      0       0      17        0.0%
BITBIGSFRll        282      0       0      18        0.0%
ABS                  0      0       0      19        0.0%
BIGRAM             5FF      0       0      20        0.0%
BIGSFR               0      0       0     200        0.0%
BITSFR_3             0      0       0     200        0.0%
SFR_3                0      0       0     200        0.0%
BITSFR_2             0      0       0     200        0.0%
SFR_2                0      0       0     200        0.0%
BITSFR_1             0      0       0     200        0.0%
SFR_1                0      0       0     200        0.0%
BITSFR               0      0       0     200        0.0%
SFR                  0      0       0     200        0.0%


Microchip Technology PIC18 Macro Assembler V2.46 build 20240104201356 
Symbol Table                                                                                   Mon Jul 29 09:36:14 2024

                      l9 0606                       l10 060E                       u10 0634  
                     u11 0630                       u20 065A                       u21 0656  
                    l704 061A                      l706 061E                      l708 0634  
                    l692 0602                      l698 0612                     _main 0602  
                   start 0000             ___param_bank 0000                    ?_main 0001  
                  _PORTC 0F82                    _TRISC 0F94                    main@i 0001  
                  main@j 0003                    status 0FD8          __initialization 0662  
           __end_of_main 0662                   ??_main 0001            __activetblptr 0000  
                 isa$std 0001             __mediumconst 0000               __accesstop 0060  
__end_of__initialization 0662            ___rparam_used 0001           __pcstackCOMRAM 0001  
                __Hparam 0000                  __Lparam 0000             __psmallconst 0600  
                __pcinit 0662                  __ramtop 0600                  __ptext0 0602  
   end_of_initialization 0662      start_initialization 0662              __smallconst 0600  
               __Hrparam 0000                 __Lrparam 0000                 isa$xinst 0000  
