

Microchip MPLAB XC8 Assembler V2.46 build 20240104201356 
                                                                                               Mon Aug 12 20:12:03 2024

Microchip MPLAB XC8 C Compiler v2.46 (Free license) build 20240104201356 Og1 
     1                           	processor	18F4580
     2                           	fnconf	rparam,??,?,0
     3                           	pagewidth 120
     4                           	opt	flic
     5                           	psect	smallconst,global,reloc=2,class=SMALLCONST,delta=1,noexec
     6                           	psect	cinit,global,reloc=2,class=CODE,delta=1
     7                           	psect	cstackCOMRAM,global,class=COMRAM,space=1,delta=1,lowdata,noexec
     8                           	psect	text0,global,reloc=2,class=CODE,delta=1
     9                           	psect	text1,global,reloc=2,class=CODE,delta=1
    10                           	psect	text2,global,reloc=2,class=CODE,delta=1
    11                           	psect	text3,global,reloc=2,class=CODE,delta=1
    12                           	psect	intsave_regs,global,class=BIGRAM,space=1,delta=1,noexec
    13                           	psect	rparam,global,class=COMRAM,space=1,delta=1,noexec
    14   000000                     
    15                           ; Generated 17/10/2023 GMT
    16                           ; 
    17                           ; Copyright © 2023, Microchip Technology Inc. and its subsidiaries ("Microchip")
    18                           ; All rights reserved.
    19                           ; 
    20                           ; This software is developed by Microchip Technology Inc. and its subsidiaries ("Microch
      +                          ip").
    21                           ; 
    22                           ; Redistribution and use in source and binary forms, with or without modification, are
    23                           ; permitted provided that the following conditions are met:
    24                           ; 
    25                           ;     1. Redistributions of source code must retain the above copyright notice, this lis
      +                          t of
    26                           ;        conditions and the following disclaimer.
    27                           ; 
    28                           ;     2. Redistributions in binary form must reproduce the above copyright notice, this 
      +                          list
    29                           ;        of conditions and the following disclaimer in the documentation and/or other
    30                           ;        materials provided with the distribution. Publication is not required when
    31                           ;        this file is used in an embedded application.
    32                           ; 
    33                           ;     3. Microchip's name may not be used to endorse or promote products derived from th
      +                          is
    34                           ;        software without specific prior written permission.
    35                           ; 
    36                           ; THIS SOFTWARE IS PROVIDED BY MICROCHIP "AS IS" AND ANY EXPRESS OR IMPLIED WARRANTIES,
    37                           ; INCLUDING, BUT NOT LIMITED TO, THE IMPLIED WARRANTIES OF MERCHANTABILITY AND FITNESS F
      +                          OR
    38                           ; PURPOSE ARE DISCLAIMED.  IN NO EVENT SHALL MICROCHIP BE LIABLE FOR ANY DIRECT, INDIREC
      +                          T,
    39                           ; INCIDENTAL, SPECIAL, EXEMPLARY, OR CONSEQUENTIAL DAMAGES (INCLUDING BUT NOT LIMITED TO
    40                           ; PROCUREMENT OF SUBSTITUTE GOODS OR SERVICES; LOSS OF USE, DATA OR PROFITS; OR BUSINESS
    41                           ; INTERRUPTION) HOWSOEVER CAUSED AND ON ANY THEORY OF LIABILITY, WHETHER IN CONTRACT, ST
      +                          RICT
    42                           ; LIABILITY, OR TORT (INCLUDING NEGLIGENCE OR OTHERWISE) ARISING IN ANY WAY OUT OF THE U
      +                          SE OF
    43                           ; THIS SOFTWARE, EVEN IF ADVISED OF THE POSSIBILITY OF SUCH DAMAGE.
    44                           ; 
    45                           ; 
    46                           ; Code-generator required, PIC18F4580 Definitions
    47                           ; 
    48                           ; SFR Addresses
    49   000000                     _RB5	set	31757
    50   000000                     _RB4	set	31756
    51   000000                     _RC5	set	31765
    52   000000                     _RC4	set	31764
    53   000000                     _RC1	set	31761
    54   000000                     _RC3	set	31763
    55   000000                     _RC2	set	31762
    56   000000                     _TRISB	set	3987
    57   000000                     _TRISC	set	3988
    58   000000                     _RB3	set	31755
    59   000000                     _RC0	set	31760
    60   000000                     _TRISD	set	3989
    61   000000                     _PORTD	set	3971
    62                           
    63                           	psect	smallconst
    64   000600                     __psmallconst:
    65                           	callstack 0
    66   000600  00                 	db	0
    67   000601                     STR_3:
    68   000601  4D                 	db	77	;'M'
    69   000602  4F                 	db	79	;'O'
    70   000603  54                 	db	84	;'T'
    71   000604  4F                 	db	79	;'O'
    72   000605  52                 	db	82	;'R'
    73   000606  31                 	db	49	;'1'
    74   000607  53                 	db	83	;'S'
    75   000608  54                 	db	84	;'T'
    76   000609  4F                 	db	79	;'O'
    77   00060A  50                 	db	80	;'P'
    78   00060B  20                 	db	32
    79   00060C  20                 	db	32
    80   00060D  20                 	db	32
    81   00060E  20                 	db	32
    82   00060F  20                 	db	32
    83   000610  20                 	db	32
    84   000611  00                 	db	0
    85   000612                     STR_6:
    86   000612  4D                 	db	77	;'M'
    87   000613  4F                 	db	79	;'O'
    88   000614  54                 	db	84	;'T'
    89   000615  4F                 	db	79	;'O'
    90   000616  52                 	db	82	;'R'
    91   000617  32                 	db	50	;'2'
    92   000618  53                 	db	83	;'S'
    93   000619  54                 	db	84	;'T'
    94   00061A  4F                 	db	79	;'O'
    95   00061B  50                 	db	80	;'P'
    96   00061C  20                 	db	32
    97   00061D  20                 	db	32
    98   00061E  20                 	db	32
    99   00061F  20                 	db	32
   100   000620  20                 	db	32
   101   000621  20                 	db	32
   102   000622  00                 	db	0
   103   000623                     STR_1:
   104   000623  4D                 	db	77	;'M'
   105   000624  4F                 	db	79	;'O'
   106   000625  54                 	db	84	;'T'
   107   000626  4F                 	db	79	;'O'
   108   000627  52                 	db	82	;'R'
   109   000628  31                 	db	49	;'1'
   110   000629  43                 	db	67	;'C'
   111   00062A  4C                 	db	76	;'L'
   112   00062B  4F                 	db	79	;'O'
   113   00062C  43                 	db	67	;'C'
   114   00062D  4B                 	db	75	;'K'
   115   00062E  57                 	db	87	;'W'
   116   00062F  49                 	db	73	;'I'
   117   000630  53                 	db	83	;'S'
   118   000631  45                 	db	69	;'E'
   119   000632  20                 	db	32
   120   000633  00                 	db	0
   121   000634                     STR_4:
   122   000634  4D                 	db	77	;'M'
   123   000635  4F                 	db	79	;'O'
   124   000636  54                 	db	84	;'T'
   125   000637  4F                 	db	79	;'O'
   126   000638  52                 	db	82	;'R'
   127   000639  32                 	db	50	;'2'
   128   00063A  43                 	db	67	;'C'
   129   00063B  4C                 	db	76	;'L'
   130   00063C  4F                 	db	79	;'O'
   131   00063D  43                 	db	67	;'C'
   132   00063E  4B                 	db	75	;'K'
   133   00063F  57                 	db	87	;'W'
   134   000640  49                 	db	73	;'I'
   135   000641  53                 	db	83	;'S'
   136   000642  45                 	db	69	;'E'
   137   000643  20                 	db	32
   138   000644  00                 	db	0
   139   000645                     STR_2:
   140   000645  4D                 	db	77	;'M'
   141   000646  4F                 	db	79	;'O'
   142   000647  54                 	db	84	;'T'
   143   000648  4F                 	db	79	;'O'
   144   000649  52                 	db	82	;'R'
   145   00064A  31                 	db	49	;'1'
   146   00064B  41                 	db	65	;'A'
   147   00064C  4E                 	db	78	;'N'
   148   00064D  54                 	db	84	;'T'
   149   00064E  49                 	db	73	;'I'
   150   00064F  43                 	db	67	;'C'
   151   000650  4C                 	db	76	;'L'
   152   000651  4F                 	db	79	;'O'
   153   000652  43                 	db	67	;'C'
   154   000653  4B                 	db	75	;'K'
   155   000654  00                 	db	0
   156   000655                     STR_5:
   157   000655  4D                 	db	77	;'M'
   158   000656  4F                 	db	79	;'O'
   159   000657  54                 	db	84	;'T'
   160   000658  4F                 	db	79	;'O'
   161   000659  52                 	db	82	;'R'
   162   00065A  32                 	db	50	;'2'
   163   00065B  41                 	db	65	;'A'
   164   00065C  4E                 	db	78	;'N'
   165   00065D  54                 	db	84	;'T'
   166   00065E  49                 	db	73	;'I'
   167   00065F  43                 	db	67	;'C'
   168   000660  4C                 	db	76	;'L'
   169   000661  4F                 	db	79	;'O'
   170   000662  43                 	db	67	;'C'
   171   000663  4B                 	db	75	;'K'
   172   000664  00                 	db	0
   173   000665  00                 	db	0	; dummy byte at the end
   174   000000                     
   175                           ; #config settings
   176                           
   177                           	psect	cinit
   178   0008D2                     __pcinit:
   179                           	callstack 0
   180   0008D2                     start_initialization:
   181                           	callstack 0
   182   0008D2                     __initialization:
   183                           	callstack 0
   184   0008D2                     end_of_initialization:
   185                           	callstack 0
   186   0008D2                     __end_of__initialization:
   187                           	callstack 0
   188   0008D2  0E00               	movlw	low (__Lsmallconst shr (0+16))
   189   0008D4  6EF8               	movwf	tblptru,c
   190   0008D6  0E06               	movlw	high __Lsmallconst
   191   0008D8  6EF7               	movwf	tblptrh,c
   192   0008DA  0100               	movlb	0
   193   0008DC  EF33  F003         	goto	_main	;jump to C main() function
   194                           
   195                           	psect	cstackCOMRAM
   196   000001                     __pcstackCOMRAM:
   197                           	callstack 0
   198   000001                     cmd@a:
   199                           	callstack 0
   200   000001                     data@b:
   201                           	callstack 0
   202                           
   203                           ; 1 bytes @ 0x0
   204   000001                     	ds	1
   205   000002                     cmd@i:
   206                           	callstack 0
   207   000002                     data@i:
   208                           	callstack 0
   209                           
   210                           ; 2 bytes @ 0x1
   211   000002                     	ds	2
   212   000004                     cmd@i_63:
   213                           	callstack 0
   214   000004                     data@i_67:
   215                           	callstack 0
   216                           
   217                           ; 2 bytes @ 0x3
   218   000004                     	ds	2
   219   000006                     display@p:
   220                           	callstack 0
   221                           
   222                           ; 1 bytes @ 0x5
   223   000006                     	ds	1
   224   000007                     main@c1:
   225                           	callstack 0
   226                           
   227                           ; 2 bytes @ 0x6
   228   000007                     	ds	2
   229   000009                     main@c2:
   230                           	callstack 0
   231                           
   232                           ; 2 bytes @ 0x8
   233   000009                     	ds	2
   234                           
   235 ;;
   236 ;;Main: autosize = 0, tempsize = 0, incstack = 0, save=0
   237 ;;
   238 ;; *************** function _main *****************
   239 ;; Defined at:
   240 ;;		line 12 in file "lcdwithoutclear.c"
   241 ;; Parameters:    Size  Location     Type
   242 ;;		None
   243 ;; Auto vars:     Size  Location     Type
   244 ;;  c2              2    8[COMRAM] int 
   245 ;;  c1              2    6[COMRAM] int 
   246 ;; Return value:  Size  Location     Type
   247 ;;                  1    wreg      void 
   248 ;; Registers used:
   249 ;;		wreg, status,2, status,0, tblptrl, tblptrh, tblptru, cstack
   250 ;; Tracked objects:
   251 ;;		On entry : 0/0
   252 ;;		On exit  : 0/0
   253 ;;		Unchanged: 0/0
   254 ;; Data sizes:     COMRAM   BANK0   BANK1   BANK2   BANK3   BANK4   BANK5
   255 ;;      Params:         0       0       0       0       0       0       0
   256 ;;      Locals:         4       0       0       0       0       0       0
   257 ;;      Temps:          0       0       0       0       0       0       0
   258 ;;      Totals:         4       0       0       0       0       0       0
   259 ;;Total ram usage:        4 bytes
   260 ;; Hardware stack levels required when called: 2
   261 ;; This function calls:
   262 ;;		_cmd
   263 ;;		_display
   264 ;; This function is called by:
   265 ;;		Startup code after reset
   266 ;; This function uses a non-reentrant model
   267 ;;
   268                           
   269                           	psect	text0
   270   000666                     __ptext0:
   271                           	callstack 0
   272   000666                     _main:
   273                           	callstack 29
   274   000666                     
   275                           ;lcdwithoutclear.c: 13:        TRISC=0X03;
   276   000666  0E03               	movlw	3
   277   000668  6E94               	movwf	148,c	;volatile
   278                           
   279                           ;lcdwithoutclear.c: 14:      TRISD=0X00;
   280   00066A  0E00               	movlw	0
   281   00066C  6E95               	movwf	149,c	;volatile
   282                           
   283                           ;lcdwithoutclear.c: 15:      TRISB=0X00;
   284   00066E  0E00               	movlw	0
   285   000670  6E93               	movwf	147,c	;volatile
   286   000672                     
   287                           ;lcdwithoutclear.c: 16:       cmd(0x01);
   288   000672  0E01               	movlw	1
   289   000674  EC23  F004         	call	_cmd
   290   000678                     
   291                           ;lcdwithoutclear.c: 17:     cmd(0x0f);
   292   000678  0E0F               	movlw	15
   293   00067A  EC23  F004         	call	_cmd
   294   00067E                     
   295                           ;lcdwithoutclear.c: 18:     cmd(0x38);
   296   00067E  0E38               	movlw	56
   297   000680  EC23  F004         	call	_cmd
   298   000684                     
   299                           ;lcdwithoutclear.c: 20:       int c1=-1,c2=-1;
   300   000684  6807               	setf	main@c1^0,c
   301   000686  6808               	setf	(main@c1+1)^0,c
   302   000688  6809               	setf	main@c2^0,c
   303   00068A  680A               	setf	(main@c2+1)^0,c
   304   00068C                     l904:
   305                           
   306                           ;lcdwithoutclear.c: 22:         cmd(0x0C);
   307   00068C  0E0C               	movlw	12
   308   00068E  EC23  F004         	call	_cmd
   309   000692                     
   310                           ;lcdwithoutclear.c: 23:         if(RC0==1)
   311   000692  A082               	btfss	3970,0,c	;volatile
   312   000694  EF4E  F003         	goto	u191
   313   000698  EF50  F003         	goto	u190
   314   00069C                     u191:
   315   00069C  EF9C  F003         	goto	l934
   316   0006A0                     u190:
   317   0006A0                     
   318                           ;lcdwithoutclear.c: 24:         {;lcdwithoutclear.c: 25:             if(c1==2)
   319   0006A0  0E02               	movlw	2
   320   0006A2  1807               	xorwf	main@c1^0,w,c
   321   0006A4  1008               	iorwf	(main@c1+1)^0,w,c
   322   0006A6  A4D8               	btfss	status,2,c
   323   0006A8  EF58  F003         	goto	u201
   324   0006AC  EF5A  F003         	goto	u200
   325   0006B0                     u201:
   326   0006B0  EF5C  F003         	goto	l912
   327   0006B4                     u200:
   328   0006B4                     
   329                           ;lcdwithoutclear.c: 26:             {;lcdwithoutclear.c: 27:                 c1=-1;
   330   0006B4  6807               	setf	main@c1^0,c
   331   0006B6  6808               	setf	(main@c1+1)^0,c
   332   0006B8                     l912:
   333                           
   334                           ;lcdwithoutclear.c: 29:             c1++;
   335   0006B8  4A07               	infsnz	main@c1^0,f,c
   336   0006BA  2A08               	incf	(main@c1+1)^0,f,c
   337   0006BC                     l38:
   338   0006BC  B082               	btfsc	3970,0,c	;volatile
   339   0006BE  EF63  F003         	goto	u211
   340   0006C2  EF65  F003         	goto	u210
   341   0006C6                     u211:
   342   0006C6  EF5E  F003         	goto	l38
   343   0006CA                     u210:
   344   0006CA                     
   345                           ;lcdwithoutclear.c: 31:               cmd(0x80);
   346   0006CA  0E80               	movlw	128
   347   0006CC  EC23  F004         	call	_cmd
   348   0006D0                     
   349                           ;lcdwithoutclear.c: 32:          if(c1==0)
   350   0006D0  5007               	movf	main@c1^0,w,c
   351   0006D2  1008               	iorwf	(main@c1+1)^0,w,c
   352   0006D4  A4D8               	btfss	status,2,c
   353   0006D6  EF6F  F003         	goto	u221
   354   0006DA  EF71  F003         	goto	u220
   355   0006DE                     u221:
   356   0006DE  EF79  F003         	goto	l922
   357   0006E2                     u220:
   358   0006E2                     
   359                           ;lcdwithoutclear.c: 33:             {;lcdwithoutclear.c: 34:             RC2=1; RC3=0;
   360   0006E2  8482               	bsf	3970,2,c	;volatile
   361   0006E4  9682               	bcf	3970,3,c	;volatile
   362   0006E6                     
   363                           ;lcdwithoutclear.c: 35:              display("MOTOR1CLOCKWISE ");
   364   0006E6  0E23               	movlw	low STR_1
   365   0006E8  6E06               	movwf	display@p^0,c
   366   0006EA  EC53  F004         	call	_display	;wreg free
   367                           
   368                           ;lcdwithoutclear.c: 36:             }
   369   0006EE  EF9C  F003         	goto	l934
   370   0006F2                     l922:
   371   0006F2  0407               	decf	main@c1^0,w,c
   372   0006F4  1008               	iorwf	(main@c1+1)^0,w,c
   373   0006F6  A4D8               	btfss	status,2,c
   374   0006F8  EF80  F003         	goto	u231
   375   0006FC  EF82  F003         	goto	u230
   376   000700                     u231:
   377   000700  EF8A  F003         	goto	l928
   378   000704                     u230:
   379   000704                     
   380                           ;lcdwithoutclear.c: 38:             {;lcdwithoutclear.c: 39:             RC2=0; RC3=1;
   381   000704  9482               	bcf	3970,2,c	;volatile
   382   000706  8682               	bsf	3970,3,c	;volatile
   383   000708                     
   384                           ;lcdwithoutclear.c: 40:              display("MOTOR1ANTICLOCK");
   385   000708  0E45               	movlw	low STR_2
   386   00070A  6E06               	movwf	display@p^0,c
   387   00070C  EC53  F004         	call	_display	;wreg free
   388                           
   389                           ;lcdwithoutclear.c: 41:             }
   390   000710  EF9C  F003         	goto	l934
   391   000714                     l928:
   392   000714  0E02               	movlw	2
   393   000716  1807               	xorwf	main@c1^0,w,c
   394   000718  1008               	iorwf	(main@c1+1)^0,w,c
   395   00071A  A4D8               	btfss	status,2,c
   396   00071C  EF92  F003         	goto	u241
   397   000720  EF94  F003         	goto	u240
   398   000724                     u241:
   399   000724  EF9C  F003         	goto	l42
   400   000728                     u240:
   401   000728                     
   402                           ;lcdwithoutclear.c: 43:             {;lcdwithoutclear.c: 44:                 RC2=0; RC3=
      +                          0;
   403   000728  9482               	bcf	3970,2,c	;volatile
   404   00072A  9682               	bcf	3970,3,c	;volatile
   405   00072C                     
   406                           ;lcdwithoutclear.c: 45:              display("MOTOR1STOP      ");
   407   00072C  0E01               	movlw	low STR_3
   408   00072E  6E06               	movwf	display@p^0,c
   409   000730  EC53  F004         	call	_display	;wreg free
   410   000734  EF9C  F003         	goto	l934
   411   000738                     l42:
   412   000738                     l934:
   413                           
   414                           ;lcdwithoutclear.c: 47:         if(RC1==1)
   415   000738  A282               	btfss	3970,1,c	;volatile
   416   00073A  EFA1  F003         	goto	u251
   417   00073E  EFA3  F003         	goto	u250
   418   000742                     u251:
   419   000742  EF46  F003         	goto	l904
   420   000746                     u250:
   421   000746                     
   422                           ;lcdwithoutclear.c: 48:         {;lcdwithoutclear.c: 49:             if(c2==2)
   423   000746  0E02               	movlw	2
   424   000748  1809               	xorwf	main@c2^0,w,c
   425   00074A  100A               	iorwf	(main@c2+1)^0,w,c
   426   00074C  A4D8               	btfss	status,2,c
   427   00074E  EFAB  F003         	goto	u261
   428   000752  EFAD  F003         	goto	u260
   429   000756                     u261:
   430   000756  EFAF  F003         	goto	l940
   431   00075A                     u260:
   432   00075A                     
   433                           ;lcdwithoutclear.c: 50:             {;lcdwithoutclear.c: 51:                 c2=-1;
   434   00075A  6809               	setf	main@c2^0,c
   435   00075C  680A               	setf	(main@c2+1)^0,c
   436   00075E                     l940:
   437                           
   438                           ;lcdwithoutclear.c: 53:             c2++;
   439   00075E  4A09               	infsnz	main@c2^0,f,c
   440   000760  2A0A               	incf	(main@c2+1)^0,f,c
   441   000762                     l48:
   442   000762  B282               	btfsc	3970,1,c	;volatile
   443   000764  EFB6  F003         	goto	u271
   444   000768  EFB8  F003         	goto	u270
   445   00076C                     u271:
   446   00076C  EFB1  F003         	goto	l48
   447   000770                     u270:
   448   000770                     
   449                           ;lcdwithoutclear.c: 55:            cmd(0xC0);
   450   000770  0EC0               	movlw	192
   451   000772  EC23  F004         	call	_cmd
   452   000776                     
   453                           ;lcdwithoutclear.c: 56:          if(c2==0)
   454   000776  5009               	movf	main@c2^0,w,c
   455   000778  100A               	iorwf	(main@c2+1)^0,w,c
   456   00077A  A4D8               	btfss	status,2,c
   457   00077C  EFC2  F003         	goto	u281
   458   000780  EFC4  F003         	goto	u280
   459   000784                     u281:
   460   000784  EFCC  F003         	goto	l950
   461   000788                     u280:
   462   000788                     
   463                           ;lcdwithoutclear.c: 57:             {;lcdwithoutclear.c: 58:             RC4=1; RC5=0;
   464   000788  8882               	bsf	3970,4,c	;volatile
   465   00078A  9A82               	bcf	3970,5,c	;volatile
   466   00078C                     
   467                           ;lcdwithoutclear.c: 59:              display("MOTOR2CLOCKWISE ");
   468   00078C  0E34               	movlw	low STR_4
   469   00078E  6E06               	movwf	display@p^0,c
   470   000790  EC53  F004         	call	_display	;wreg free
   471                           
   472                           ;lcdwithoutclear.c: 60:             }
   473   000794  EF46  F003         	goto	l904
   474   000798                     l950:
   475   000798  0409               	decf	main@c2^0,w,c
   476   00079A  100A               	iorwf	(main@c2+1)^0,w,c
   477   00079C  A4D8               	btfss	status,2,c
   478   00079E  EFD3  F003         	goto	u291
   479   0007A2  EFD5  F003         	goto	u290
   480   0007A6                     u291:
   481   0007A6  EFDD  F003         	goto	l956
   482   0007AA                     u290:
   483   0007AA                     
   484                           ;lcdwithoutclear.c: 62:             {;lcdwithoutclear.c: 63:             RC4=0; RC5=1;
   485   0007AA  9882               	bcf	3970,4,c	;volatile
   486   0007AC  8A82               	bsf	3970,5,c	;volatile
   487   0007AE                     
   488                           ;lcdwithoutclear.c: 64:              display("MOTOR2ANTICLOCK");
   489   0007AE  0E55               	movlw	low STR_5
   490   0007B0  6E06               	movwf	display@p^0,c
   491   0007B2  EC53  F004         	call	_display	;wreg free
   492                           
   493                           ;lcdwithoutclear.c: 65:             }
   494   0007B6  EF46  F003         	goto	l904
   495   0007BA                     l956:
   496   0007BA  0E02               	movlw	2
   497   0007BC  1809               	xorwf	main@c2^0,w,c
   498   0007BE  100A               	iorwf	(main@c2+1)^0,w,c
   499   0007C0  A4D8               	btfss	status,2,c
   500   0007C2  EFE5  F003         	goto	u301
   501   0007C6  EFE7  F003         	goto	u300
   502   0007CA                     u301:
   503   0007CA  EFEF  F003         	goto	l46
   504   0007CE                     u300:
   505   0007CE                     
   506                           ;lcdwithoutclear.c: 67:             {;lcdwithoutclear.c: 68:                 RC4=0; RC5=
      +                          0;
   507   0007CE  9882               	bcf	3970,4,c	;volatile
   508   0007D0  9A82               	bcf	3970,5,c	;volatile
   509   0007D2                     
   510                           ;lcdwithoutclear.c: 69:                  display("MOTOR2STOP      ");
   511   0007D2  0E12               	movlw	low STR_6
   512   0007D4  6E06               	movwf	display@p^0,c
   513   0007D6  EC53  F004         	call	_display	;wreg free
   514   0007DA  EF46  F003         	goto	l904
   515   0007DE                     l46:
   516   0007DE  EF46  F003         	goto	l904
   517   0007E2  EF00  F000         	goto	start
   518   0007E6                     __end_of_main:
   519                           	callstack 0
   520                           
   521 ;; *************** function _display *****************
   522 ;; Defined at:
   523 ;;		line 95 in file "lcdwithoutclear.c"
   524 ;; Parameters:    Size  Location     Type
   525 ;;  p               1    5[COMRAM] PTR const unsigned char 
   526 ;;		 -> STR_6(17), STR_5(16), STR_4(17), STR_3(17), 
   527 ;;		 -> STR_2(16), STR_1(17), 
   528 ;; Auto vars:     Size  Location     Type
   529 ;;		None
   530 ;; Return value:  Size  Location     Type
   531 ;;                  1    wreg      void 
   532 ;; Registers used:
   533 ;;		wreg, status,2, status,0, tblptrl, tblptrh, tblptru, cstack
   534 ;; Tracked objects:
   535 ;;		On entry : 0/0
   536 ;;		On exit  : 0/0
   537 ;;		Unchanged: 0/0
   538 ;; Data sizes:     COMRAM   BANK0   BANK1   BANK2   BANK3   BANK4   BANK5
   539 ;;      Params:         1       0       0       0       0       0       0
   540 ;;      Locals:         0       0       0       0       0       0       0
   541 ;;      Temps:          0       0       0       0       0       0       0
   542 ;;      Totals:         1       0       0       0       0       0       0
   543 ;;Total ram usage:        1 bytes
   544 ;; Hardware stack levels used: 1
   545 ;; Hardware stack levels required when called: 1
   546 ;; This function calls:
   547 ;;		_data
   548 ;; This function is called by:
   549 ;;		_main
   550 ;; This function uses a non-reentrant model
   551 ;;
   552                           
   553                           	psect	text1
   554   0008A6                     __ptext1:
   555                           	callstack 0
   556   0008A6                     _display:
   557                           	callstack 29
   558   0008A6                     
   559                           ;lcdwithoutclear.c: 95: void display(const char *p);lcdwithoutclear.c: 96: {;lcdwithoutc
      +                          lear.c: 97:     while(*p)
   560   0008A6  EF5C  F004         	goto	l890
   561   0008AA                     l886:
   562                           
   563                           ;lcdwithoutclear.c: 98:     {;lcdwithoutclear.c: 99:         data(*p);
   564   0008AA  C006  FFF6         	movff	display@p,tblptrl
   565   0008AE                     	if	0	;There is only one active tblptr byte
   566   0008AE                     	endif
   567   0008AE                     	if	0	;tblptru may be non-zero
   568   0008AE                     	endif
   569   0008AE                     	if	0	;tblptru may be non-zero
   570   0008AE                     	endif
   571   0008AE  0008               	tblrd		*
   572   0008B0  50F5               	movf	tablat,w,c
   573   0008B2  ECF3  F003         	call	_data
   574   0008B6                     
   575                           ;lcdwithoutclear.c: 100:         p++;
   576   0008B6  2A06               	incf	display@p^0,f,c
   577   0008B8                     l890:
   578                           
   579                           ;lcdwithoutclear.c: 97:     while(*p)
   580   0008B8  C006  FFF6         	movff	display@p,tblptrl
   581   0008BC                     	if	0	;There is only one active tblptr byte
   582   0008BC                     	endif
   583   0008BC                     	if	0	;tblptru may be non-zero
   584   0008BC                     	endif
   585   0008BC                     	if	0	;tblptru may be non-zero
   586   0008BC                     	endif
   587   0008BC  0008               	tblrd		*
   588   0008BE  50F5               	movf	tablat,w,c
   589   0008C0  0900               	iorlw	0
   590   0008C2  A4D8               	btfss	status,2,c
   591   0008C4  EF66  F004         	goto	u181
   592   0008C8  EF68  F004         	goto	u180
   593   0008CC                     u181:
   594   0008CC  EF55  F004         	goto	l886
   595   0008D0                     u180:
   596   0008D0  0012               	return		;funcret
   597   0008D2                     __end_of_display:
   598                           	callstack 0
   599                           
   600 ;; *************** function _data *****************
   601 ;; Defined at:
   602 ;;		line 84 in file "lcdwithoutclear.c"
   603 ;; Parameters:    Size  Location     Type
   604 ;;  b               1    wreg     unsigned char 
   605 ;; Auto vars:     Size  Location     Type
   606 ;;  b               1    0[COMRAM] unsigned char 
   607 ;;  i               2    3[COMRAM] int 
   608 ;;  i               2    1[COMRAM] int 
   609 ;; Return value:  Size  Location     Type
   610 ;;                  1    wreg      void 
   611 ;; Registers used:
   612 ;;		wreg, status,2, status,0
   613 ;; Tracked objects:
   614 ;;		On entry : 0/0
   615 ;;		On exit  : 0/0
   616 ;;		Unchanged: 0/0
   617 ;; Data sizes:     COMRAM   BANK0   BANK1   BANK2   BANK3   BANK4   BANK5
   618 ;;      Params:         0       0       0       0       0       0       0
   619 ;;      Locals:         5       0       0       0       0       0       0
   620 ;;      Temps:          0       0       0       0       0       0       0
   621 ;;      Totals:         5       0       0       0       0       0       0
   622 ;;Total ram usage:        5 bytes
   623 ;; Hardware stack levels used: 1
   624 ;; This function calls:
   625 ;;		Nothing
   626 ;; This function is called by:
   627 ;;		_display
   628 ;; This function uses a non-reentrant model
   629 ;;
   630                           
   631                           	psect	text2
   632   0007E6                     __ptext2:
   633                           	callstack 0
   634   0007E6                     _data:
   635                           	callstack 29
   636                           
   637                           ;incstack = 0
   638                           ;data@b stored from wreg
   639   0007E6  6E01               	movwf	data@b^0,c
   640   0007E8                     
   641                           ;lcdwithoutclear.c: 84: void data(unsigned char b );lcdwithoutclear.c: 85: {;lcdwithoutc
      +                          lear.c: 86:     RB3=1;
   642   0007E8  8681               	bsf	3969,3,c	;volatile
   643                           
   644                           ;lcdwithoutclear.c: 87:     RB4=0;
   645   0007EA  9881               	bcf	3969,4,c	;volatile
   646   0007EC                     
   647                           ;lcdwithoutclear.c: 88:     PORTD=b;
   648   0007EC  C001  FF83         	movff	data@b,3971	;volatile
   649   0007F0                     
   650                           ;lcdwithoutclear.c: 89:     RB5=1;
   651   0007F0  8A81               	bsf	3969,5,c	;volatile
   652   0007F2                     
   653                           ;lcdwithoutclear.c: 90:     for(int i=0;i<=100;i++);
   654   0007F2  0E00               	movlw	0
   655   0007F4  6E03               	movwf	(data@i+1)^0,c
   656   0007F6  0E00               	movlw	0
   657   0007F8  6E02               	movwf	data@i^0,c
   658   0007FA                     l766:
   659   0007FA  4A02               	infsnz	data@i^0,f,c
   660   0007FC  2A03               	incf	(data@i+1)^0,f,c
   661   0007FE  BE03               	btfsc	(data@i+1)^0,7,c
   662   000800  EF0B  F004         	goto	u11
   663   000804  5003               	movf	(data@i+1)^0,w,c
   664   000806  E109               	bnz	u10
   665   000808  0E65               	movlw	101
   666   00080A  5C02               	subwf	data@i^0,w,c
   667   00080C  A0D8               	btfss	status,0,c
   668   00080E  EF0B  F004         	goto	u11
   669   000812  EF0D  F004         	goto	u10
   670   000816                     u11:
   671   000816  EFFD  F003         	goto	l766
   672   00081A                     u10:
   673   00081A                     
   674                           ;lcdwithoutclear.c: 91:     RB5=0;
   675   00081A  9A81               	bcf	3969,5,c	;volatile
   676   00081C                     
   677                           ;lcdwithoutclear.c: 92:     for(int i=0;i<=5000;i++);
   678   00081C  0E00               	movlw	0
   679   00081E  6E05               	movwf	(data@i_67+1)^0,c
   680   000820  0E00               	movlw	0
   681   000822  6E04               	movwf	data@i_67^0,c
   682   000824                     l776:
   683   000824  4A04               	infsnz	data@i_67^0,f,c
   684   000826  2A05               	incf	(data@i_67+1)^0,f,c
   685   000828  BE05               	btfsc	(data@i_67+1)^0,7,c
   686   00082A  EF20  F004         	goto	u21
   687   00082E  0E89               	movlw	137
   688   000830  5C04               	subwf	data@i_67^0,w,c
   689   000832  0E13               	movlw	19
   690   000834  5805               	subwfb	(data@i_67+1)^0,w,c
   691   000836  A0D8               	btfss	status,0,c
   692   000838  EF20  F004         	goto	u21
   693   00083C  EF22  F004         	goto	u20
   694   000840                     u21:
   695   000840  EF12  F004         	goto	l776
   696   000844                     u20:
   697   000844  0012               	return		;funcret
   698   000846                     __end_of_data:
   699                           	callstack 0
   700                           
   701 ;; *************** function _cmd *****************
   702 ;; Defined at:
   703 ;;		line 74 in file "lcdwithoutclear.c"
   704 ;; Parameters:    Size  Location     Type
   705 ;;  a               1    wreg     unsigned char 
   706 ;; Auto vars:     Size  Location     Type
   707 ;;  a               1    0[COMRAM] unsigned char 
   708 ;;  i               2    3[COMRAM] int 
   709 ;;  i               2    1[COMRAM] int 
   710 ;; Return value:  Size  Location     Type
   711 ;;                  1    wreg      void 
   712 ;; Registers used:
   713 ;;		wreg, status,2, status,0
   714 ;; Tracked objects:
   715 ;;		On entry : 0/0
   716 ;;		On exit  : 0/0
   717 ;;		Unchanged: 0/0
   718 ;; Data sizes:     COMRAM   BANK0   BANK1   BANK2   BANK3   BANK4   BANK5
   719 ;;      Params:         0       0       0       0       0       0       0
   720 ;;      Locals:         5       0       0       0       0       0       0
   721 ;;      Temps:          0       0       0       0       0       0       0
   722 ;;      Totals:         5       0       0       0       0       0       0
   723 ;;Total ram usage:        5 bytes
   724 ;; Hardware stack levels used: 1
   725 ;; This function calls:
   726 ;;		Nothing
   727 ;; This function is called by:
   728 ;;		_main
   729 ;; This function uses a non-reentrant model
   730 ;;
   731                           
   732                           	psect	text3
   733   000846                     __ptext3:
   734                           	callstack 0
   735   000846                     _cmd:
   736                           	callstack 30
   737                           
   738                           ;incstack = 0
   739                           ;cmd@a stored from wreg
   740   000846  6E01               	movwf	cmd@a^0,c
   741   000848                     
   742                           ;lcdwithoutclear.c: 74:   void cmd(unsigned char a );lcdwithoutclear.c: 75: {;lcdwithout
      +                          clear.c: 76:     RB3=0;
   743   000848  9681               	bcf	3969,3,c	;volatile
   744                           
   745                           ;lcdwithoutclear.c: 77:     RB4=0;
   746   00084A  9881               	bcf	3969,4,c	;volatile
   747   00084C                     
   748                           ;lcdwithoutclear.c: 78:     PORTD=a;
   749   00084C  C001  FF83         	movff	cmd@a,3971	;volatile
   750   000850                     
   751                           ;lcdwithoutclear.c: 79:     RB5=1;
   752   000850  8A81               	bsf	3969,5,c	;volatile
   753   000852                     
   754                           ;lcdwithoutclear.c: 80:     for(int i=0;i<=100;i++);
   755   000852  0E00               	movlw	0
   756   000854  6E03               	movwf	(cmd@i+1)^0,c
   757   000856  0E00               	movlw	0
   758   000858  6E02               	movwf	cmd@i^0,c
   759   00085A                     l792:
   760   00085A  4A02               	infsnz	cmd@i^0,f,c
   761   00085C  2A03               	incf	(cmd@i+1)^0,f,c
   762   00085E  BE03               	btfsc	(cmd@i+1)^0,7,c
   763   000860  EF3B  F004         	goto	u31
   764   000864  5003               	movf	(cmd@i+1)^0,w,c
   765   000866  E109               	bnz	u30
   766   000868  0E65               	movlw	101
   767   00086A  5C02               	subwf	cmd@i^0,w,c
   768   00086C  A0D8               	btfss	status,0,c
   769   00086E  EF3B  F004         	goto	u31
   770   000872  EF3D  F004         	goto	u30
   771   000876                     u31:
   772   000876  EF2D  F004         	goto	l792
   773   00087A                     u30:
   774   00087A                     
   775                           ;lcdwithoutclear.c: 81:     RB5=0;
   776   00087A  9A81               	bcf	3969,5,c	;volatile
   777   00087C                     
   778                           ;lcdwithoutclear.c: 82:     for(int i=0;i<=5000;i++);
   779   00087C  0E00               	movlw	0
   780   00087E  6E05               	movwf	(cmd@i_63+1)^0,c
   781   000880  0E00               	movlw	0
   782   000882  6E04               	movwf	cmd@i_63^0,c
   783   000884                     l802:
   784   000884  4A04               	infsnz	cmd@i_63^0,f,c
   785   000886  2A05               	incf	(cmd@i_63+1)^0,f,c
   786   000888  BE05               	btfsc	(cmd@i_63+1)^0,7,c
   787   00088A  EF50  F004         	goto	u41
   788   00088E  0E89               	movlw	137
   789   000890  5C04               	subwf	cmd@i_63^0,w,c
   790   000892  0E13               	movlw	19
   791   000894  5805               	subwfb	(cmd@i_63+1)^0,w,c
   792   000896  A0D8               	btfss	status,0,c
   793   000898  EF50  F004         	goto	u41
   794   00089C  EF52  F004         	goto	u40
   795   0008A0                     u41:
   796   0008A0  EF42  F004         	goto	l802
   797   0008A4                     u40:
   798   0008A4  0012               	return		;funcret
   799   0008A6                     __end_of_cmd:
   800                           	callstack 0
   801                           
   802                           	psect	rparam
   803   000000                     tosu	equ	0xFFF
   804                           tosh	equ	0xFFE
   805                           tosl	equ	0xFFD
   806                           stkptr	equ	0xFFC
   807                           pclatu	equ	0xFFB
   808                           pclath	equ	0xFFA
   809                           pcl	equ	0xFF9
   810                           tblptru	equ	0xFF8
   811                           tblptrh	equ	0xFF7
   812                           tblptrl	equ	0xFF6
   813                           tablat	equ	0xFF5
   814                           prodh	equ	0xFF4
   815                           prodl	equ	0xFF3
   816                           indf0	equ	0xFEF
   817                           postinc0	equ	0xFEE
   818                           postdec0	equ	0xFED
   819                           preinc0	equ	0xFEC
   820                           plusw0	equ	0xFEB
   821                           fsr0h	equ	0xFEA
   822                           fsr0l	equ	0xFE9
   823                           wreg	equ	0xFE8
   824                           indf1	equ	0xFE7
   825                           postinc1	equ	0xFE6
   826                           postdec1	equ	0xFE5
   827                           preinc1	equ	0xFE4
   828                           plusw1	equ	0xFE3
   829                           fsr1h	equ	0xFE2
   830                           fsr1l	equ	0xFE1
   831                           bsr	equ	0xFE0
   832                           indf2	equ	0xFDF
   833                           postinc2	equ	0xFDE
   834                           postdec2	equ	0xFDD
   835                           preinc2	equ	0xFDC
   836                           plusw2	equ	0xFDB
   837                           fsr2h	equ	0xFDA
   838                           fsr2l	equ	0xFD9
   839                           status	equ	0xFD8

Data Sizes:
    Strings     100
    Constant    0
    Data        0
    BSS         0
    Persistent  0
    Stack       0

Auto Spaces:
    Space          Size  Autos    Used
    COMRAM           95     10      10
    BANK0           160      0       0
    BANK1           256      0       0
    BANK2           256      0       0
    BANK3           256      0       0
    BANK4           256      0       0
    BANK5           256      0       0

Pointer List with Targets:

    display@p	PTR const unsigned char  size(1) Largest target is 17
		 -> STR_1(CODE[17]), STR_2(CODE[16]), STR_3(CODE[17]), STR_4(CODE[17]), 
		 -> STR_5(CODE[16]), STR_6(CODE[17]), 


Critical Paths under _main in COMRAM

    _main->_display
    _display->_data

Critical Paths under _main in BANK0

    None.

Critical Paths under _main in BANK1

    None.

Critical Paths under _main in BANK2

    None.

Critical Paths under _main in BANK3

    None.

Critical Paths under _main in BANK4

    None.

Critical Paths under _main in BANK5

    None.

Call Graph Tables:

 ---------------------------------------------------------------------------------
 (Depth) Function   	        Calls       Base Space   Used Autos Params    Refs
 ---------------------------------------------------------------------------------
 (0) _main                                                 4     4      0     833
                                              6 COMRAM     4     4      0
                                _cmd
                            _display
 ---------------------------------------------------------------------------------
 (1) _display                                              1     0      1     576
                                              5 COMRAM     1     0      1
                               _data
 ---------------------------------------------------------------------------------
 (2) _data                                                 5     5      0      75
                                              0 COMRAM     5     5      0
 ---------------------------------------------------------------------------------
 (1) _cmd                                                  5     5      0      75
                                              0 COMRAM     5     5      0
 ---------------------------------------------------------------------------------
 Estimated maximum stack depth 2
 ---------------------------------------------------------------------------------

 Call Graph Graphs:

 _main (ROOT)
   _cmd
   _display
     _data

 Address spaces:
Name               Size   Autos  Total    Cost      Usage
BITCOMRAM           5F      0       0       0        0.0%
EEDATA             100      0       0       0        0.0%
NULL                 0      0       0       0        0.0%
CODE                 0      0       0       0        0.0%
COMRAM              5F      A       A       1       10.5%
STACK                0      0       0       2        0.0%
DATA                 0      0       0       3        0.0%
BITBANK0            A0      0       0       4        0.0%
BANK0               A0      0       0       5        0.0%
BITBANK1           100      0       0       6        0.0%
BANK1              100      0       0       7        0.0%
BITBANK2           100      0       0       8        0.0%
BANK2              100      0       0       9        0.0%
BITBANK3           100      0       0      10        0.0%
BANK3              100      0       0      11        0.0%
BITBANK4           100      0       0      12        0.0%
BANK4              100      0       0      13        0.0%
BITBANK5           100      0       0      14        0.0%
BANK5              100      0       0      15        0.0%
BITBIGSFRh          6A      0       0      16        0.0%
BITBIGSFRlh          F      0       0      17        0.0%
BITBIGSFRll        281      0       0      18        0.0%
ABS                  0      0       0      19        0.0%
BIGRAM             5FF      0       0      20        0.0%
BIGSFR               0      0       0     200        0.0%
BITSFR_3             0      0       0     200        0.0%
SFR_3                0      0       0     200        0.0%
BITSFR_2             0      0       0     200        0.0%
SFR_2                0      0       0     200        0.0%
BITSFR_1             0      0       0     200        0.0%
SFR_1                0      0       0     200        0.0%
BITSFR               0      0       0     200        0.0%
SFR                  0      0       0     200        0.0%


Microchip Technology PIC18 Macro Assembler V2.46 build 20240104201356 
Symbol Table                                                                                   Mon Aug 12 20:12:03 2024

                     l42 0738                       l62 087A                       l46 07DE  
                     l38 06BC                       l72 0844                       l48 0762  
                     l65 08A4                       l69 081A                       l78 08D0  
                     u10 081A                       u11 0816                       u20 0844  
                     u21 0840                       u30 087A                       u31 0876  
                     u40 08A4                       u41 08A0                      l802 0884  
                    l804 0888                      l900 0684                      l910 06B4  
                    l902 0688                      l760 07F2                      l920 06E6  
                    l912 06B8                      l904 068C                      l770 081C  
                    l754 07E8                      l930 0728                      l922 06F2  
                    l914 06CA                      l906 0692                      l780 0848  
                    l756 07EC                      l940 075E                      l932 072C  
                    l924 0704                      l916 06D0                      l908 06A0  
                    l782 084C                      l766 07FA                      l758 07F0  
                    l950 0798                      l942 0770                      l926 0708  
                    l918 06E2                      l934 0738                      l792 085A  
                    l784 0850                      l776 0824                      l768 07FE  
                    l960 07D2                      l952 07AA                      l944 0776  
                    l936 0746                      l928 0714                      l794 085E  
                    l786 0852                      l778 0828                      l890 08B8  
                    l954 07AE                      l946 0788                      l938 075A  
                    l796 087C                      l884 08A6                      l956 07BA  
                    l948 078C                      l892 0666                      l886 08AA  
                    l958 07CE                      l894 0672                      l888 08B6  
                    l896 0678                      l898 067E                      _RC0 7C10  
                    _RB3 7C0B                      _RC1 7C11                      _RC2 7C12  
                    _RB4 7C0C                      _RC3 7C13                      _RB5 7C0D  
                    _RC4 7C14                      _RC5 7C15                      u200 06B4  
                    u201 06B0                      u210 06CA                      u211 06C6  
                    u300 07CE                      u220 06E2                      u301 07CA  
                    u221 06DE                      u230 0704                      u231 0700  
                    u240 0728                      u241 0724                      u250 0746  
                    u251 0742                      u180 08D0                      u260 075A  
                    u181 08CC                      u261 0756                      u270 0770  
                    u190 06A0                      u271 076C                      u191 069C  
                    u280 0788                      u281 0784                      u290 07AA  
                    u291 07A6                      _cmd 0846                     ?_cmd 0001  
                   STR_1 0623                     STR_2 0645                     STR_3 0601  
                   STR_4 0634                     STR_5 0655                     STR_6 0612  
                   _data 07E6                     cmd@a 0001                     cmd@i 0002  
                   _main 0666                     start 0000             ___param_bank 0000  
                  ??_cmd 0001                    ?_data 0001                    ?_main 0001  
                  _PORTD 0F83                    _TRISB 0F93                    _TRISC 0F94  
                  _TRISD 0F95          __end_of_display 08D2                    data@b 0001  
                  data@i 0002                    tablat 0FF5                    status 0FD8  
        __initialization 08D2             __end_of_data 0846             __end_of_main 07E6  
                 ??_data 0001                   ??_main 0007            __activetblptr 0001  
                 isa$std 0001                   main@c1 0007                   main@c2 0009  
              ??_display 0007             __mediumconst 0000                   tblptrh 0FF7  
                 tblptrl 0FF6                   tblptru 0FF8               __accesstop 0060  
__end_of__initialization 08D2            ___rparam_used 0001           __pcstackCOMRAM 0001  
                __Hparam 0000                  __Lparam 0000             __psmallconst 0600  
                __pcinit 08D2                  __ramtop 0600                  __ptext0 0666  
                __ptext1 08A6                  __ptext2 07E6                  __ptext3 0846  
                cmd@i_63 0004                  _display 08A6     end_of_initialization 08D2  
    start_initialization 08D2              __end_of_cmd 08A6                 ?_display 0006  
            __smallconst 0600                 __Hrparam 0000                 __Lrparam 0000  
           __Lsmallconst 0600                 data@i_67 0004                 isa$xinst 0000  
               display@p 0006  
