

Microchip MPLAB XC8 Assembler V2.46 build 20240104201356 
                                                                                               Sun Jul 28 13:52:22 2024

Microchip MPLAB XC8 C Compiler v2.46 (Free license) build 20240104201356 Og1 
     1                           	processor	18F4580
     2                           	fnconf	rparam,??,?,0
     3                           	pagewidth 120
     4                           	opt	flic
     5                           	psect	cinit,global,reloc=2,class=CODE,delta=1
     6                           	psect	cstackCOMRAM,global,class=COMRAM,space=1,delta=1,lowdata,noexec
     7                           	psect	text0,global,reloc=2,class=CODE,delta=1
     8                           	psect	smallconst,global,reloc=2,class=SMALLCONST,delta=1,noexec
     9                           	psect	intsave_regs,global,class=BIGRAM,space=1,delta=1,noexec
    10                           	psect	rparam,global,class=COMRAM,space=1,delta=1,noexec
    11   000000                     
    12                           ; Generated 17/10/2023 GMT
    13                           ; 
    14                           ; Copyright © 2023, Microchip Technology Inc. and its subsidiaries ("Microchip")
    15                           ; All rights reserved.
    16                           ; 
    17                           ; This software is developed by Microchip Technology Inc. and its subsidiaries ("Microch
      +                          ip").
    18                           ; 
    19                           ; Redistribution and use in source and binary forms, with or without modification, are
    20                           ; permitted provided that the following conditions are met:
    21                           ; 
    22                           ;     1. Redistributions of source code must retain the above copyright notice, this lis
      +                          t of
    23                           ;        conditions and the following disclaimer.
    24                           ; 
    25                           ;     2. Redistributions in binary form must reproduce the above copyright notice, this 
      +                          list
    26                           ;        of conditions and the following disclaimer in the documentation and/or other
    27                           ;        materials provided with the distribution. Publication is not required when
    28                           ;        this file is used in an embedded application.
    29                           ; 
    30                           ;     3. Microchip's name may not be used to endorse or promote products derived from th
      +                          is
    31                           ;        software without specific prior written permission.
    32                           ; 
    33                           ; THIS SOFTWARE IS PROVIDED BY MICROCHIP "AS IS" AND ANY EXPRESS OR IMPLIED WARRANTIES,
    34                           ; INCLUDING, BUT NOT LIMITED TO, THE IMPLIED WARRANTIES OF MERCHANTABILITY AND FITNESS F
      +                          OR
    35                           ; PURPOSE ARE DISCLAIMED.  IN NO EVENT SHALL MICROCHIP BE LIABLE FOR ANY DIRECT, INDIREC
      +                          T,
    36                           ; INCIDENTAL, SPECIAL, EXEMPLARY, OR CONSEQUENTIAL DAMAGES (INCLUDING BUT NOT LIMITED TO
    37                           ; PROCUREMENT OF SUBSTITUTE GOODS OR SERVICES; LOSS OF USE, DATA OR PROFITS; OR BUSINESS
    38                           ; INTERRUPTION) HOWSOEVER CAUSED AND ON ANY THEORY OF LIABILITY, WHETHER IN CONTRACT, ST
      +                          RICT
    39                           ; LIABILITY, OR TORT (INCLUDING NEGLIGENCE OR OTHERWISE) ARISING IN ANY WAY OUT OF THE U
      +                          SE OF
    40                           ; THIS SOFTWARE, EVEN IF ADVISED OF THE POSSIBILITY OF SUCH DAMAGE.
    41                           ; 
    42                           ; 
    43                           ; Code-generator required, PIC18F4580 Definitions
    44                           ; 
    45                           ; SFR Addresses
    46   000000                     _PORTC	set	3970
    47   000000                     _TRISC	set	3988
    48                           
    49                           ; #config settings
    50                           
    51                           	psect	cinit
    52   000678                     __pcinit:
    53                           	callstack 0
    54   000678                     start_initialization:
    55                           	callstack 0
    56   000678                     __initialization:
    57                           	callstack 0
    58   000678                     end_of_initialization:
    59                           	callstack 0
    60   000678                     __end_of__initialization:
    61                           	callstack 0
    62   000678  0100               	movlb	0
    63   00067A  EF01  F003         	goto	_main	;jump to C main() function
    64                           
    65                           	psect	cstackCOMRAM
    66   000001                     __pcstackCOMRAM:
    67                           	callstack 0
    68   000001                     ??_main:
    69                           
    70                           ; 1 bytes @ 0x0
    71   000001                     	ds	2
    72   000003                     main@i_32:
    73                           	callstack 0
    74                           
    75                           ; 2 bytes @ 0x2
    76   000003                     	ds	2
    77   000005                     main@i:
    78                           	callstack 0
    79                           
    80                           ; 2 bytes @ 0x4
    81   000005                     	ds	2
    82                           
    83 ;;
    84 ;;Main: autosize = 0, tempsize = 2, incstack = 0, save=0
    85 ;;
    86 ;; *************** function _main *****************
    87 ;; Defined at:
    88 ;;		line 11 in file "LED.c"
    89 ;; Parameters:    Size  Location     Type
    90 ;;		None
    91 ;; Auto vars:     Size  Location     Type
    92 ;;  i               2    2[COMRAM] unsigned int 
    93 ;;  i               2    4[COMRAM] int 
    94 ;; Return value:  Size  Location     Type
    95 ;;                  1    wreg      void 
    96 ;; Registers used:
    97 ;;		wreg, status,2, status,0
    98 ;; Tracked objects:
    99 ;;		On entry : 0/0
   100 ;;		On exit  : 0/0
   101 ;;		Unchanged: 0/0
   102 ;; Data sizes:     COMRAM   BANK0   BANK1   BANK2   BANK3   BANK4   BANK5
   103 ;;      Params:         0       0       0       0       0       0       0
   104 ;;      Locals:         4       0       0       0       0       0       0
   105 ;;      Temps:          2       0       0       0       0       0       0
   106 ;;      Totals:         6       0       0       0       0       0       0
   107 ;;Total ram usage:        6 bytes
   108 ;; This function calls:
   109 ;;		Nothing
   110 ;; This function is called by:
   111 ;;		Startup code after reset
   112 ;; This function uses a non-reentrant model
   113 ;;
   114                           
   115                           	psect	text0
   116   000602                     __ptext0:
   117                           	callstack 0
   118   000602                     _main:
   119                           	callstack 31
   120   000602                     
   121                           ;LED.c: 13:     TRISC=0X00;
   122   000602  0E00               	movlw	0
   123   000604  6E94               	movwf	148,c	;volatile
   124   000606                     l9:
   125                           
   126                           ;LED.c: 15:     {;LED.c: 16:         for(int i=0;i<=8;i++)
   127   000606  0E00               	movlw	0
   128   000608  6E06               	movwf	(main@i+1)^0,c
   129   00060A  0E00               	movlw	0
   130   00060C  6E05               	movwf	main@i^0,c
   131   00060E                     l694:
   132   00060E  BE06               	btfsc	(main@i+1)^0,7,c
   133   000610  EF13  F003         	goto	u11
   134   000614  5006               	movf	(main@i+1)^0,w,c
   135   000616  E109               	bnz	u10
   136   000618  0E09               	movlw	9
   137   00061A  5C05               	subwf	main@i^0,w,c
   138   00061C  A0D8               	btfss	status,0,c
   139   00061E  EF13  F003         	goto	u11
   140   000622  EF15  F003         	goto	u10
   141   000626                     u11:
   142   000626  EF17  F003         	goto	l698
   143   00062A                     u10:
   144   00062A  EF03  F003         	goto	l9
   145   00062E                     l698:
   146                           
   147                           ;LED.c: 17:         {;LED.c: 18:             PORTC=1<<i;
   148   00062E  C005  F001         	movff	main@i,??_main
   149   000632  0E01               	movlw	1
   150   000634  6E02               	movwf	(??_main+1)^0,c
   151   000636  2A01               	incf	??_main^0,f,c
   152   000638  EF20  F003         	goto	u24
   153   00063C                     u25:
   154   00063C  90D8               	bcf	status,0,c
   155   00063E  3602               	rlcf	(??_main+1)^0,f,c
   156   000640                     u24:
   157   000640  2E01               	decfsz	??_main^0,f,c
   158   000642  EF1E  F003         	goto	u25
   159   000646  5002               	movf	(??_main+1)^0,w,c
   160   000648  6E82               	movwf	130,c	;volatile
   161   00064A                     
   162                           ;LED.c: 19:             for(unsigned int i =0;i<65000;i++);
   163   00064A  0E00               	movlw	0
   164   00064C  6E04               	movwf	(main@i_32+1)^0,c
   165   00064E  0E00               	movlw	0
   166   000650  6E03               	movwf	main@i_32^0,c
   167   000652                     l706:
   168   000652  4A03               	infsnz	main@i_32^0,f,c
   169   000654  2A04               	incf	(main@i_32+1)^0,f,c
   170   000656  0EE8               	movlw	232
   171   000658  5C03               	subwf	main@i_32^0,w,c
   172   00065A  0EFD               	movlw	253
   173   00065C  5804               	subwfb	(main@i_32+1)^0,w,c
   174   00065E  A0D8               	btfss	status,0,c
   175   000660  EF34  F003         	goto	u31
   176   000664  EF36  F003         	goto	u30
   177   000668                     u31:
   178   000668  EF29  F003         	goto	l706
   179   00066C                     u30:
   180   00066C                     
   181                           ;LED.c: 20:         }
   182   00066C  4A05               	infsnz	main@i^0,f,c
   183   00066E  2A06               	incf	(main@i+1)^0,f,c
   184   000670  EF07  F003         	goto	l694
   185   000674  EF00  F000         	goto	start
   186   000678                     __end_of_main:
   187                           	callstack 0
   188                           
   189                           	psect	smallconst
   190   000600                     __psmallconst:
   191                           	callstack 0
   192   000600  00                 	db	0
   193   000601  00                 	db	0	; dummy byte at the end
   194   000000                     
   195                           	psect	rparam
   196   000000                     tosu	equ	0xFFF
   197                           tosh	equ	0xFFE
   198                           tosl	equ	0xFFD
   199                           stkptr	equ	0xFFC
   200                           pclatu	equ	0xFFB
   201                           pclath	equ	0xFFA
   202                           pcl	equ	0xFF9
   203                           tblptru	equ	0xFF8
   204                           tblptrh	equ	0xFF7
   205                           tblptrl	equ	0xFF6
   206                           tablat	equ	0xFF5
   207                           prodh	equ	0xFF4
   208                           prodl	equ	0xFF3
   209                           indf0	equ	0xFEF
   210                           postinc0	equ	0xFEE
   211                           postdec0	equ	0xFED
   212                           preinc0	equ	0xFEC
   213                           plusw0	equ	0xFEB
   214                           fsr0h	equ	0xFEA
   215                           fsr0l	equ	0xFE9
   216                           wreg	equ	0xFE8
   217                           indf1	equ	0xFE7
   218                           postinc1	equ	0xFE6
   219                           postdec1	equ	0xFE5
   220                           preinc1	equ	0xFE4
   221                           plusw1	equ	0xFE3
   222                           fsr1h	equ	0xFE2
   223                           fsr1l	equ	0xFE1
   224                           bsr	equ	0xFE0
   225                           indf2	equ	0xFDF
   226                           postinc2	equ	0xFDE
   227                           postdec2	equ	0xFDD
   228                           preinc2	equ	0xFDC
   229                           plusw2	equ	0xFDB
   230                           fsr2h	equ	0xFDA
   231                           fsr2l	equ	0xFD9
   232                           status	equ	0xFD8

Data Sizes:
    Strings     0
    Constant    0
    Data        0
    BSS         0
    Persistent  0
    Stack       0

Auto Spaces:
    Space          Size  Autos    Used
    COMRAM           95      6       6
    BANK0           160      0       0
    BANK1           256      0       0
    BANK2           256      0       0
    BANK3           256      0       0
    BANK4           256      0       0
    BANK5           256      0       0

Pointer List with Targets:

    None.

Critical Paths under _main in COMRAM

    None.

Critical Paths under _main in BANK0

    None.

Critical Paths under _main in BANK1

    None.

Critical Paths under _main in BANK2

    None.

Critical Paths under _main in BANK3

    None.

Critical Paths under _main in BANK4

    None.

Critical Paths under _main in BANK5

    None.

Call Graph Tables:

 ---------------------------------------------------------------------------------
 (Depth) Function   	        Calls       Base Space   Used Autos Params    Refs
 ---------------------------------------------------------------------------------
 (0) _main                                                 6     6      0      75
                                              0 COMRAM     6     6      0
 ---------------------------------------------------------------------------------
 Estimated maximum stack depth 0
 ---------------------------------------------------------------------------------

 Call Graph Graphs:

 _main (ROOT)

 Address spaces:
Name               Size   Autos  Total    Cost      Usage
BITCOMRAM           5F      0       0       0        0.0%
EEDATA             100      0       0       0        0.0%
NULL                 0      0       0       0        0.0%
CODE                 0      0       0       0        0.0%
COMRAM              5F      6       6       1        6.3%
STACK                0      0       0       2        0.0%
DATA                 0      0       0       3        0.0%
BITBANK0            A0      0       0       4        0.0%
BANK0               A0      0       0       5        0.0%
BITBANK1           100      0       0       6        0.0%
BANK1              100      0       0       7        0.0%
BITBANK2           100      0       0       8        0.0%
BANK2              100      0       0       9        0.0%
BITBANK3           100      0       0      10        0.0%
BANK3              100      0       0      11        0.0%
BITBANK4           100      0       0      12        0.0%
BANK4              100      0       0      13        0.0%
BITBANK5           100      0       0      14        0.0%
BANK5              100      0       0      15        0.0%
BITBIGSFRh          6B      0       0      16        0.0%
BITBIGSFRlh         11      0       0      17        0.0%
BITBIGSFRll        282      0       0      18        0.0%
ABS                  0      0       0      19        0.0%
BIGRAM             5FF      0       0      20        0.0%
BIGSFR               0      0       0     200        0.0%
BITSFR_3             0      0       0     200        0.0%
SFR_3                0      0       0     200        0.0%
BITSFR_2             0      0       0     200        0.0%
SFR_2                0      0       0     200        0.0%
BITSFR_1             0      0       0     200        0.0%
SFR_1                0      0       0     200        0.0%
BITSFR               0      0       0     200        0.0%
SFR                  0      0       0     200        0.0%


Microchip Technology PIC18 Macro Assembler V2.46 build 20240104201356 
Symbol Table                                                                                   Sun Jul 28 13:52:22 2024

                      l9 0606                       u10 062A                       u11 0626  
                     u30 066C                       u31 0668                       u24 0640  
                     u25 063C                      l700 064A                      l710 066C  
                    l706 0652                      l708 0656                      l692 0602  
                    l694 060E                      l698 062E                     _main 0602  
                   start 0000             ___param_bank 0000                    ?_main 0001  
                  _PORTC 0F82                    _TRISC 0F94                    main@i 0005  
                  status 0FD8          __initialization 0678             __end_of_main 0678  
                 ??_main 0001            __activetblptr 0000                   isa$std 0001  
           __mediumconst 0000               __accesstop 0060  __end_of__initialization 0678  
          ___rparam_used 0001           __pcstackCOMRAM 0001                  __Hparam 0000  
                __Lparam 0000             __psmallconst 0600                  __pcinit 0678  
                __ramtop 0600                  __ptext0 0602     end_of_initialization 0678  
    start_initialization 0678              __smallconst 0600                 __Hrparam 0000  
               __Lrparam 0000                 isa$xinst 0000                 main@i_32 0003  
