

Microchip MPLAB XC8 Assembler V2.46 build 20240104201356 
                                                                                               Fri Jul 26 10:02:08 2024

Microchip MPLAB XC8 C Compiler v2.46 (Free license) build 20240104201356 Og1 
     1                           	processor	18F4580
     2                           	fnconf	rparam,??,?,0
     3                           	pagewidth 120
     4                           	opt	flic
     5                           	psect	cinit,global,reloc=2,class=CODE,delta=1
     6                           	psect	cstackCOMRAM,global,class=COMRAM,space=1,delta=1,lowdata,noexec
     7                           	psect	text0,global,reloc=2,class=CODE,delta=1
     8                           	psect	smallconst,global,reloc=2,class=SMALLCONST,delta=1,noexec
     9                           	psect	intsave_regs,global,class=BIGRAM,space=1,delta=1,noexec
    10                           	psect	rparam,global,class=COMRAM,space=1,delta=1,noexec
    11   000000                     
    12                           ; Generated 17/10/2023 GMT
    13                           ; 
    14                           ; Copyright © 2023, Microchip Technology Inc. and its subsidiaries ("Microchip")
    15                           ; All rights reserved.
    16                           ; 
    17                           ; This software is developed by Microchip Technology Inc. and its subsidiaries ("Microch
      +                          ip").
    18                           ; 
    19                           ; Redistribution and use in source and binary forms, with or without modification, are
    20                           ; permitted provided that the following conditions are met:
    21                           ; 
    22                           ;     1. Redistributions of source code must retain the above copyright notice, this lis
      +                          t of
    23                           ;        conditions and the following disclaimer.
    24                           ; 
    25                           ;     2. Redistributions in binary form must reproduce the above copyright notice, this 
      +                          list
    26                           ;        of conditions and the following disclaimer in the documentation and/or other
    27                           ;        materials provided with the distribution. Publication is not required when
    28                           ;        this file is used in an embedded application.
    29                           ; 
    30                           ;     3. Microchip's name may not be used to endorse or promote products derived from th
      +                          is
    31                           ;        software without specific prior written permission.
    32                           ; 
    33                           ; THIS SOFTWARE IS PROVIDED BY MICROCHIP "AS IS" AND ANY EXPRESS OR IMPLIED WARRANTIES,
    34                           ; INCLUDING, BUT NOT LIMITED TO, THE IMPLIED WARRANTIES OF MERCHANTABILITY AND FITNESS F
      +                          OR
    35                           ; PURPOSE ARE DISCLAIMED.  IN NO EVENT SHALL MICROCHIP BE LIABLE FOR ANY DIRECT, INDIREC
      +                          T,
    36                           ; INCIDENTAL, SPECIAL, EXEMPLARY, OR CONSEQUENTIAL DAMAGES (INCLUDING BUT NOT LIMITED TO
    37                           ; PROCUREMENT OF SUBSTITUTE GOODS OR SERVICES; LOSS OF USE, DATA OR PROFITS; OR BUSINESS
    38                           ; INTERRUPTION) HOWSOEVER CAUSED AND ON ANY THEORY OF LIABILITY, WHETHER IN CONTRACT, ST
      +                          RICT
    39                           ; LIABILITY, OR TORT (INCLUDING NEGLIGENCE OR OTHERWISE) ARISING IN ANY WAY OUT OF THE U
      +                          SE OF
    40                           ; THIS SOFTWARE, EVEN IF ADVISED OF THE POSSIBILITY OF SUCH DAMAGE.
    41                           ; 
    42                           ; 
    43                           ; Code-generator required, PIC18F4580 Definitions
    44                           ; 
    45                           ; SFR Addresses
    46   000000                     _PORTC	set	3970
    47   000000                     _TRISC	set	3988
    48                           
    49                           ; #config settings
    50                           
    51                           	psect	cinit
    52   000664                     __pcinit:
    53                           	callstack 0
    54   000664                     start_initialization:
    55                           	callstack 0
    56   000664                     __initialization:
    57                           	callstack 0
    58   000664                     end_of_initialization:
    59                           	callstack 0
    60   000664                     __end_of__initialization:
    61                           	callstack 0
    62   000664  0100               	movlb	0
    63   000666  EF01  F003         	goto	_main	;jump to C main() function
    64                           
    65                           	psect	cstackCOMRAM
    66   000001                     __pcstackCOMRAM:
    67                           	callstack 0
    68   000001                     main@i:
    69                           	callstack 0
    70                           
    71                           ; 2 bytes @ 0x0
    72   000001                     	ds	2
    73   000003                     main@i_32:
    74                           	callstack 0
    75                           
    76                           ; 2 bytes @ 0x2
    77   000003                     	ds	2
    78                           
    79 ;;
    80 ;;Main: autosize = 0, tempsize = 0, incstack = 0, save=0
    81 ;;
    82 ;; *************** function _main *****************
    83 ;; Defined at:
    84 ;;		line 11 in file "LEDBLINK.c"
    85 ;; Parameters:    Size  Location     Type
    86 ;;		None
    87 ;; Auto vars:     Size  Location     Type
    88 ;;  i               2    2[COMRAM] int 
    89 ;;  i               2    0[COMRAM] int 
    90 ;; Return value:  Size  Location     Type
    91 ;;                  1    wreg      void 
    92 ;; Registers used:
    93 ;;		wreg, status,2, status,0
    94 ;; Tracked objects:
    95 ;;		On entry : 0/0
    96 ;;		On exit  : 0/0
    97 ;;		Unchanged: 0/0
    98 ;; Data sizes:     COMRAM   BANK0   BANK1   BANK2   BANK3   BANK4   BANK5
    99 ;;      Params:         0       0       0       0       0       0       0
   100 ;;      Locals:         4       0       0       0       0       0       0
   101 ;;      Temps:          0       0       0       0       0       0       0
   102 ;;      Totals:         4       0       0       0       0       0       0
   103 ;;Total ram usage:        4 bytes
   104 ;; This function calls:
   105 ;;		Nothing
   106 ;; This function is called by:
   107 ;;		Startup code after reset
   108 ;; This function uses a non-reentrant model
   109 ;;
   110                           
   111                           	psect	text0
   112   000602                     __ptext0:
   113                           	callstack 0
   114   000602                     _main:
   115                           	callstack 31
   116   000602                     
   117                           ;LEDBLINK.c: 12:     TRISC=0X00;
   118   000602  0E00               	movlw	0
   119   000604  6E94               	movwf	148,c	;volatile
   120   000606                     l694:
   121                           
   122                           ;LEDBLINK.c: 14:     {;LEDBLINK.c: 15:         PORTC=0XFF;
   123   000606  6882               	setf	130,c	;volatile
   124                           
   125                           ;LEDBLINK.c: 16:         for(int i=0;i<=30000;i++);
   126   000608  0E00               	movlw	0
   127   00060A  6E02               	movwf	(main@i+1)^0,c
   128   00060C  0E00               	movlw	0
   129   00060E  6E01               	movwf	main@i^0,c
   130   000610                     l700:
   131   000610  4A01               	infsnz	main@i^0,f,c
   132   000612  2A02               	incf	(main@i+1)^0,f,c
   133   000614  BE02               	btfsc	(main@i+1)^0,7,c
   134   000616  EF16  F003         	goto	u11
   135   00061A  0E31               	movlw	49
   136   00061C  5C01               	subwf	main@i^0,w,c
   137   00061E  0E75               	movlw	117
   138   000620  5802               	subwfb	(main@i+1)^0,w,c
   139   000622  A0D8               	btfss	status,0,c
   140   000624  EF16  F003         	goto	u11
   141   000628  EF18  F003         	goto	u10
   142   00062C                     u11:
   143   00062C  EF08  F003         	goto	l700
   144   000630                     u10:
   145   000630                     
   146                           ;LEDBLINK.c: 17:         PORTC=0X00;
   147   000630  0E00               	movlw	0
   148   000632  6E82               	movwf	130,c	;volatile
   149                           
   150                           ;LEDBLINK.c: 18:         for(int i=0;i<=30000;i++);
   151   000634  0E00               	movlw	0
   152   000636  6E04               	movwf	(main@i_32+1)^0,c
   153   000638  0E00               	movlw	0
   154   00063A  6E03               	movwf	main@i_32^0,c
   155   00063C                     l710:
   156   00063C  4A03               	infsnz	main@i_32^0,f,c
   157   00063E  2A04               	incf	(main@i_32+1)^0,f,c
   158   000640  BE04               	btfsc	(main@i_32+1)^0,7,c
   159   000642  EF2C  F003         	goto	u21
   160   000646  0E31               	movlw	49
   161   000648  5C03               	subwf	main@i_32^0,w,c
   162   00064A  0E75               	movlw	117
   163   00064C  5804               	subwfb	(main@i_32+1)^0,w,c
   164   00064E  A0D8               	btfss	status,0,c
   165   000650  EF2C  F003         	goto	u21
   166   000654  EF2E  F003         	goto	u20
   167   000658                     u21:
   168   000658  EF1E  F003         	goto	l710
   169   00065C                     u20:
   170   00065C  EF03  F003         	goto	l694
   171   000660  EF00  F000         	goto	start
   172   000664                     __end_of_main:
   173                           	callstack 0
   174                           
   175                           	psect	smallconst
   176   000600                     __psmallconst:
   177                           	callstack 0
   178   000600  00                 	db	0
   179   000601  00                 	db	0	; dummy byte at the end
   180   000000                     
   181                           	psect	rparam
   182   000000                     tosu	equ	0xFFF
   183                           tosh	equ	0xFFE
   184                           tosl	equ	0xFFD
   185                           stkptr	equ	0xFFC
   186                           pclatu	equ	0xFFB
   187                           pclath	equ	0xFFA
   188                           pcl	equ	0xFF9
   189                           tblptru	equ	0xFF8
   190                           tblptrh	equ	0xFF7
   191                           tblptrl	equ	0xFF6
   192                           tablat	equ	0xFF5
   193                           prodh	equ	0xFF4
   194                           prodl	equ	0xFF3
   195                           indf0	equ	0xFEF
   196                           postinc0	equ	0xFEE
   197                           postdec0	equ	0xFED
   198                           preinc0	equ	0xFEC
   199                           plusw0	equ	0xFEB
   200                           fsr0h	equ	0xFEA
   201                           fsr0l	equ	0xFE9
   202                           wreg	equ	0xFE8
   203                           indf1	equ	0xFE7
   204                           postinc1	equ	0xFE6
   205                           postdec1	equ	0xFE5
   206                           preinc1	equ	0xFE4
   207                           plusw1	equ	0xFE3
   208                           fsr1h	equ	0xFE2
   209                           fsr1l	equ	0xFE1
   210                           bsr	equ	0xFE0
   211                           indf2	equ	0xFDF
   212                           postinc2	equ	0xFDE
   213                           postdec2	equ	0xFDD
   214                           preinc2	equ	0xFDC
   215                           plusw2	equ	0xFDB
   216                           fsr2h	equ	0xFDA
   217                           fsr2l	equ	0xFD9
   218                           status	equ	0xFD8

Data Sizes:
    Strings     0
    Constant    0
    Data        0
    BSS         0
    Persistent  0
    Stack       0

Auto Spaces:
    Space          Size  Autos    Used
    COMRAM           95      4       4
    BANK0           160      0       0
    BANK1           256      0       0
    BANK2           256      0       0
    BANK3           256      0       0
    BANK4           256      0       0
    BANK5           256      0       0

Pointer List with Targets:

    None.

Critical Paths under _main in COMRAM

    None.

Critical Paths under _main in BANK0

    None.

Critical Paths under _main in BANK1

    None.

Critical Paths under _main in BANK2

    None.

Critical Paths under _main in BANK3

    None.

Critical Paths under _main in BANK4

    None.

Critical Paths under _main in BANK5

    None.

Call Graph Tables:

 ---------------------------------------------------------------------------------
 (Depth) Function   	        Calls       Base Space   Used Autos Params    Refs
 ---------------------------------------------------------------------------------
 (0) _main                                                 4     4      0      60
                                              0 COMRAM     4     4      0
 ---------------------------------------------------------------------------------
 Estimated maximum stack depth 0
 ---------------------------------------------------------------------------------

 Call Graph Graphs:

 _main (ROOT)

 Address spaces:
Name               Size   Autos  Total    Cost      Usage
BITCOMRAM           5F      0       0       0        0.0%
EEDATA             100      0       0       0        0.0%
NULL                 0      0       0       0        0.0%
CODE                 0      0       0       0        0.0%
COMRAM              5F      4       4       1        4.2%
STACK                0      0       0       2        0.0%
DATA                 0      0       0       3        0.0%
BITBANK0            A0      0       0       4        0.0%
BANK0               A0      0       0       5        0.0%
BITBANK1           100      0       0       6        0.0%
BANK1              100      0       0       7        0.0%
BITBANK2           100      0       0       8        0.0%
BANK2              100      0       0       9        0.0%
BITBANK3           100      0       0      10        0.0%
BANK3              100      0       0      11        0.0%
BITBANK4           100      0       0      12        0.0%
BANK4              100      0       0      13        0.0%
BITBANK5           100      0       0      14        0.0%
BANK5              100      0       0      15        0.0%
BITBIGSFRh          6B      0       0      16        0.0%
BITBIGSFRlh         11      0       0      17        0.0%
BITBIGSFRll        282      0       0      18        0.0%
ABS                  0      0       0      19        0.0%
BIGRAM             5FF      0       0      20        0.0%
BIGSFR               0      0       0     200        0.0%
BITSFR_3             0      0       0     200        0.0%
SFR_3                0      0       0     200        0.0%
BITSFR_2             0      0       0     200        0.0%
SFR_2                0      0       0     200        0.0%
BITSFR_1             0      0       0     200        0.0%
SFR_1                0      0       0     200        0.0%
BITSFR               0      0       0     200        0.0%
SFR                  0      0       0     200        0.0%


Microchip Technology PIC18 Macro Assembler V2.46 build 20240104201356 
Symbol Table                                                                                   Fri Jul 26 10:02:08 2024

                     u10 0630                       u11 062C                       u20 065C  
                     u21 0658                      l700 0610                      l710 063C  
                    l702 0614                      l712 0640                      l704 0630  
                    l692 0602                      l694 0606                     _main 0602  
                   start 0000             ___param_bank 0000                    ?_main 0001  
                  _PORTC 0F82                    _TRISC 0F94                    main@i 0001  
                  status 0FD8          __initialization 0664             __end_of_main 0664  
                 ??_main 0001            __activetblptr 0000                   isa$std 0001  
           __mediumconst 0000               __accesstop 0060  __end_of__initialization 0664  
          ___rparam_used 0001           __pcstackCOMRAM 0001                  __Hparam 0000  
                __Lparam 0000             __psmallconst 0600                  __pcinit 0664  
                __ramtop 0600                  __ptext0 0602     end_of_initialization 0664  
    start_initialization 0664              __smallconst 0600                 __Hrparam 0000  
               __Lrparam 0000                 isa$xinst 0000                 main@i_32 0003  
