

Microchip MPLAB XC8 Assembler V2.46 build 20240104201356 
                                                                                               Wed Jul 24 10:22:16 2024

Microchip MPLAB XC8 C Compiler v2.46 (Free license) build 20240104201356 Og1 
     1                           	processor	18F4580
     2                           	fnconf	rparam,??,?,0
     3                           	pagewidth 120
     4                           	opt	flic
     5                           	psect	cinit,global,reloc=2,class=CODE,delta=1
     6                           	psect	cstackCOMRAM,global,class=COMRAM,space=1,delta=1,lowdata,noexec
     7                           	psect	text0,global,reloc=2,class=CODE,delta=1
     8                           	psect	smallconst,global,reloc=2,class=SMALLCONST,delta=1,noexec
     9                           	psect	intsave_regs,global,class=BIGRAM,space=1,delta=1,noexec
    10                           	psect	rparam,global,class=COMRAM,space=1,delta=1,noexec
    11   000000                     
    12                           ; Generated 17/10/2023 GMT
    13                           ; 
    14                           ; Copyright © 2023, Microchip Technology Inc. and its subsidiaries ("Microchip")
    15                           ; All rights reserved.
    16                           ; 
    17                           ; This software is developed by Microchip Technology Inc. and its subsidiaries ("Microch
      +                          ip").
    18                           ; 
    19                           ; Redistribution and use in source and binary forms, with or without modification, are
    20                           ; permitted provided that the following conditions are met:
    21                           ; 
    22                           ;     1. Redistributions of source code must retain the above copyright notice, this lis
      +                          t of
    23                           ;        conditions and the following disclaimer.
    24                           ; 
    25                           ;     2. Redistributions in binary form must reproduce the above copyright notice, this 
      +                          list
    26                           ;        of conditions and the following disclaimer in the documentation and/or other
    27                           ;        materials provided with the distribution. Publication is not required when
    28                           ;        this file is used in an embedded application.
    29                           ; 
    30                           ;     3. Microchip's name may not be used to endorse or promote products derived from th
      +                          is
    31                           ;        software without specific prior written permission.
    32                           ; 
    33                           ; THIS SOFTWARE IS PROVIDED BY MICROCHIP "AS IS" AND ANY EXPRESS OR IMPLIED WARRANTIES,
    34                           ; INCLUDING, BUT NOT LIMITED TO, THE IMPLIED WARRANTIES OF MERCHANTABILITY AND FITNESS F
      +                          OR
    35                           ; PURPOSE ARE DISCLAIMED.  IN NO EVENT SHALL MICROCHIP BE LIABLE FOR ANY DIRECT, INDIREC
      +                          T,
    36                           ; INCIDENTAL, SPECIAL, EXEMPLARY, OR CONSEQUENTIAL DAMAGES (INCLUDING BUT NOT LIMITED TO
    37                           ; PROCUREMENT OF SUBSTITUTE GOODS OR SERVICES; LOSS OF USE, DATA OR PROFITS; OR BUSINESS
    38                           ; INTERRUPTION) HOWSOEVER CAUSED AND ON ANY THEORY OF LIABILITY, WHETHER IN CONTRACT, ST
      +                          RICT
    39                           ; LIABILITY, OR TORT (INCLUDING NEGLIGENCE OR OTHERWISE) ARISING IN ANY WAY OUT OF THE U
      +                          SE OF
    40                           ; THIS SOFTWARE, EVEN IF ADVISED OF THE POSSIBILITY OF SUCH DAMAGE.
    41                           ; 
    42                           ; 
    43                           ; Code-generator required, PIC18F4580 Definitions
    44                           ; 
    45                           ; SFR Addresses
    46   000000                     
    47                           ; #config settings
    48                           
    49                           	psect	cinit
    50   00060E                     __pcinit:
    51                           	callstack 0
    52   00060E                     start_initialization:
    53                           	callstack 0
    54   00060E                     __initialization:
    55                           	callstack 0
    56   00060E                     end_of_initialization:
    57                           	callstack 0
    58   00060E                     __end_of__initialization:
    59                           	callstack 0
    60   00060E  0100               	movlb	0
    61   000610  EF01  F003         	goto	_main	;jump to C main() function
    62                           
    63                           	psect	cstackCOMRAM
    64   000001                     __pcstackCOMRAM:
    65                           	callstack 0
    66   000001                     main@b:
    67                           	callstack 0
    68                           
    69                           ; 2 bytes @ 0x0
    70   000001                     	ds	2
    71                           
    72 ;;
    73 ;;Main: autosize = 0, tempsize = 0, incstack = 0, save=0
    74 ;;
    75 ;; *************** function _main *****************
    76 ;; Defined at:
    77 ;;		line 11 in file "newmain.c"
    78 ;; Parameters:    Size  Location     Type
    79 ;;		None
    80 ;; Auto vars:     Size  Location     Type
    81 ;;  b               2    0[COMRAM] int 
    82 ;;  a               2    0        int 
    83 ;;  c               2    0        int 
    84 ;; Return value:  Size  Location     Type
    85 ;;                  1    wreg      void 
    86 ;; Registers used:
    87 ;;		wreg, status,2, status,0
    88 ;; Tracked objects:
    89 ;;		On entry : 0/0
    90 ;;		On exit  : 0/0
    91 ;;		Unchanged: 0/0
    92 ;; Data sizes:     COMRAM   BANK0   BANK1   BANK2   BANK3   BANK4   BANK5
    93 ;;      Params:         0       0       0       0       0       0       0
    94 ;;      Locals:         2       0       0       0       0       0       0
    95 ;;      Temps:          0       0       0       0       0       0       0
    96 ;;      Totals:         2       0       0       0       0       0       0
    97 ;;Total ram usage:        2 bytes
    98 ;; This function calls:
    99 ;;		Nothing
   100 ;; This function is called by:
   101 ;;		Startup code after reset
   102 ;; This function uses a non-reentrant model
   103 ;;
   104                           
   105                           	psect	text0
   106   000602                     __ptext0:
   107                           	callstack 0
   108   000602                     _main:
   109                           	callstack 31
   110   000602  0E00               	movlw	0
   111   000604  6E02               	movwf	(main@b+1)^0,c
   112   000606  0E14               	movlw	20
   113   000608  6E01               	movwf	main@b^0,c
   114   00060A  EF00  F000         	goto	start
   115   00060E                     __end_of_main:
   116                           	callstack 0
   117                           
   118                           	psect	smallconst
   119   000600                     __psmallconst:
   120                           	callstack 0
   121   000600  00                 	db	0
   122   000601  00                 	db	0	; dummy byte at the end
   123   000000                     
   124                           	psect	rparam
   125   000000                     tosu	equ	0xFFF
   126                           tosh	equ	0xFFE
   127                           tosl	equ	0xFFD
   128                           stkptr	equ	0xFFC
   129                           pclatu	equ	0xFFB
   130                           pclath	equ	0xFFA
   131                           pcl	equ	0xFF9
   132                           tblptru	equ	0xFF8
   133                           tblptrh	equ	0xFF7
   134                           tblptrl	equ	0xFF6
   135                           tablat	equ	0xFF5
   136                           prodh	equ	0xFF4
   137                           prodl	equ	0xFF3
   138                           indf0	equ	0xFEF
   139                           postinc0	equ	0xFEE
   140                           postdec0	equ	0xFED
   141                           preinc0	equ	0xFEC
   142                           plusw0	equ	0xFEB
   143                           fsr0h	equ	0xFEA
   144                           fsr0l	equ	0xFE9
   145                           wreg	equ	0xFE8
   146                           indf1	equ	0xFE7
   147                           postinc1	equ	0xFE6
   148                           postdec1	equ	0xFE5
   149                           preinc1	equ	0xFE4
   150                           plusw1	equ	0xFE3
   151                           fsr1h	equ	0xFE2
   152                           fsr1l	equ	0xFE1
   153                           bsr	equ	0xFE0
   154                           indf2	equ	0xFDF
   155                           postinc2	equ	0xFDE
   156                           postdec2	equ	0xFDD
   157                           preinc2	equ	0xFDC
   158                           plusw2	equ	0xFDB
   159                           fsr2h	equ	0xFDA
   160                           fsr2l	equ	0xFD9
   161                           status	equ	0xFD8

Data Sizes:
    Strings     0
    Constant    0
    Data        0
    BSS         0
    Persistent  0
    Stack       0

Auto Spaces:
    Space          Size  Autos    Used
    COMRAM           95      2       2
    BANK0           160      0       0
    BANK1           256      0       0
    BANK2           256      0       0
    BANK3           256      0       0
    BANK4           256      0       0
    BANK5           256      0       0

Pointer List with Targets:

    None.

Critical Paths under _main in COMRAM

    None.

Critical Paths under _main in BANK0

    None.

Critical Paths under _main in BANK1

    None.

Critical Paths under _main in BANK2

    None.

Critical Paths under _main in BANK3

    None.

Critical Paths under _main in BANK4

    None.

Critical Paths under _main in BANK5

    None.

Call Graph Tables:

 ---------------------------------------------------------------------------------
 (Depth) Function   	        Calls       Base Space   Used Autos Params    Refs
 ---------------------------------------------------------------------------------
 (0) _main                                                 6     6      0      30
                                              0 COMRAM     2     2      0
 ---------------------------------------------------------------------------------
 Estimated maximum stack depth 0
 ---------------------------------------------------------------------------------

 Call Graph Graphs:

 _main (ROOT)

 Address spaces:
Name               Size   Autos  Total    Cost      Usage
BITCOMRAM           5F      0       0       0        0.0%
EEDATA             100      0       0       0        0.0%
NULL                 0      0       0       0        0.0%
CODE                 0      0       0       0        0.0%
COMRAM              5F      2       2       1        2.1%
STACK                0      0       0       2        0.0%
BITBANK0            A0      0       0       3        0.0%
BANK0               A0      0       0       4        0.0%
BITBANK1           100      0       0       5        0.0%
BANK1              100      0       0       6        0.0%
BITBANK2           100      0       0       7        0.0%
BANK2              100      0       0       8        0.0%
BITBANK3           100      0       0       9        0.0%
BANK3              100      0       0      10        0.0%
BITBANK4           100      0       0      11        0.0%
BANK4              100      0       0      12        0.0%
BITBANK5           100      0       0      13        0.0%
BANK5              100      0       0      14        0.0%
BITBIGSFR          300      0       0      15        0.0%
ABS                  0      0       0      16        0.0%
BIGRAM             5FF      0       0      17        0.0%
DATA                 0      0       0      18        0.0%
BIGSFR               0      0       0     200        0.0%
BITSFR_3             0      0       0     200        0.0%
SFR_3                0      0       0     200        0.0%
BITSFR_2             0      0       0     200        0.0%
SFR_2                0      0       0     200        0.0%
BITSFR_1             0      0       0     200        0.0%
SFR_1                0      0       0     200        0.0%
BITSFR               0      0       0     200        0.0%
SFR                  0      0       0     200        0.0%


Microchip Technology PIC18 Macro Assembler V2.46 build 20240104201356 
Symbol Table                                                                                   Wed Jul 24 10:22:16 2024

                      l5 060A                      l681 0602                      l683 060A  
                   _main 0602                     start 0000             ___param_bank 0000  
                  ?_main 0001                    main@b 0001          __initialization 060E  
           __end_of_main 060E                   ??_main 0001            __activetblptr 0000  
                 isa$std 0001             __mediumconst 0000               __accesstop 0060  
__end_of__initialization 060E            ___rparam_used 0001           __pcstackCOMRAM 0001  
                __Hparam 0000                  __Lparam 0000             __psmallconst 0600  
                __pcinit 060E                  __ramtop 0600                  __ptext0 0602  
   end_of_initialization 060E      start_initialization 060E              __smallconst 0600  
               __Hrparam 0000                 __Lrparam 0000                 isa$xinst 0000  
