

Microchip MPLAB XC8 Assembler V2.46 build 20240104201356 
                                                                                                           Tue Sep 03 17:07:45 2024


     1                           	processor	18F4580
     2                           	pagewidth 132
     3                           	psect	const,global,reloc=2,class=CONST,delta=1,noexec
     4                           	psect	smallconst,global,reloc=2,class=SMALLCONST,delta=1,noexec
     5                           	psect	mediumconst,global,reloc=2,class=MEDIUMCONST,delta=1,noexec
     6                           	psect	rbss,global,class=COMRAM,space=1,delta=1,noexec
     7                           	psect	bss,global,class=RAM,space=1,delta=1,noexec
     8                           	psect	rdata,global,class=COMRAM,space=1,delta=1,noexec
     9                           	psect	irdata,global,reloc=2,class=CODE,delta=1,noexec
    10                           	psect	data,global,class=RAM,space=1,delta=1,noexec
    11                           	psect	idata,global,reloc=2,class=CODE,delta=1,noexec
    12                           	psect	nvrram,global,class=COMRAM,space=1,delta=1,noexec
    13                           	psect	nvbit,global,bit,class=COMRAM,space=1,delta=1,noexec
    14                           	psect	temp,global,ovrld,class=COMRAM,space=1,delta=1,noexec
    15                           	psect	struct,global,ovrld,class=COMRAM,space=1,delta=1,noexec
    16                           	psect	rbit,global,bit,class=COMRAM,space=1,delta=1,noexec
    17                           	psect	bigbss,global,class=BIGRAM,space=1,delta=1,noexec
    18                           	psect	bigdata,global,class=BIGRAM,space=1,delta=1,noexec
    19                           	psect	ibigdata,global,reloc=2,class=CODE,delta=1,noexec
    20                           	psect	farbss,global,reloc=2,class=FARRAM,delta=1,noexec
    21                           	psect	nvFARRAM,global,reloc=2,class=FARRAM,delta=1,noexec
    22                           	psect	fardata,global,reloc=2,class=FARRAM,delta=1,noexec
    23                           	psect	ifardata,global,reloc=2,class=CODE,delta=1,noexec
    24                           	psect	reset_vec,global,reloc=2,class=CODE,delta=1
    25                           	psect	powerup,global,reloc=2,class=CODE,delta=1
    26                           	psect	init,global,reloc=2,class=CODE,delta=1
    27                           	psect	text,global,reloc=2,class=CODE,delta=1
    28                           	psect	clrtext,global,reloc=2,class=CODE,delta=1
    29                           	psect	config,global,class=CONFIG,space=4,delta=1,noexec
    30                           	psect	idloc,global,class=IDLOC,space=5,delta=1,noexec
    31                           	psect	intcode,global,reloc=2,class=CODE,delta=1
    32                           	psect	sivt_hi,global,reloc=2,class=CODE,delta=1
    33                           	psect	intcode_body,global,reloc=2,class=CODE,delta=1
    34                           	psect	intcodelo,global,reloc=2,class=CODE,delta=1
    35                           	psect	sivt_lo,global,reloc=2,class=CODE,delta=1
    36                           	psect	intret,global,reloc=2,class=CODE,delta=1
    37                           	psect	intentry,global,reloc=2,class=CODE,delta=1
    38                           	psect	intsave_regs,global,class=BIGRAM,space=1,delta=1
    39                           	psect	eeprom_data,global,class=EEDATA,delta=1,noexec
    40                           	psect	ramtop,global,class=RAM,delta=1,noexec
    41                           	psect	stack,global,class=STACK,space=2,delta=1,noexec
    42                           	psect	heap,global,class=HEAP,space=7,delta=1,noexec
    43                           	psect	comram,global,class=COMRAM,space=1,delta=1
    44                           	psect	abs1,global,class=ABS1,space=1,delta=1
    45                           	psect	bigram,global,class=BIGRAM,space=1,delta=1
    46                           	psect	ram,global,class=RAM,space=1,delta=1
    47                           	psect	bank0,global,class=BANK0,space=1,delta=1
    48                           	psect	bank1,global,class=BANK1,space=1,delta=1
    49                           	psect	bank2,global,class=BANK2,space=1,delta=1
    50                           	psect	bank3,global,class=BANK3,space=1,delta=1
    51                           	psect	bank4,global,class=BANK4,space=1,delta=1
    52                           	psect	bank5,global,class=BANK5,space=1,delta=1
    53                           	psect	sfr,global,class=SFR,space=1,delta=1
    54                           	psect	bigsfr,global,class=BIGSFR,space=1,delta=1
    55                           
    56                           ; Microchip MPLAB XC8 C Compiler V2.46
    57                           ; Copyright (C) 2024 Microchip Technology Inc.
    58                           ; Auto-generated runtime startup code for final link stage.
    59                           ;
    60                           ; Compiler options:
    61                           ;
    62                           ; -q --opt=none --chip=18f4580 \
    63                           ; -Mdist/default/production/SEGMENT.X.production.map \
    64                           ; -DXPRJ_default=default -L--defsym=__MPLAB_BUILD=1 \
    65                           ; --dfp=C:/Program Files/Microchip/MPLABX/v6.20/packs/Microchip/PIC18Fxxxx_DFP/1.6.159/xc8 \
    66                           ; --summary=+xml --summarydir=dist/default/production/memoryfile.xml \
    67                           ; -oSEGMENT.X.production.elf --objdir=dist/default/production \
    68                           ; --outdir=dist/default/production build/default/production/DISPLAY.p1 \
    69                           ; -L--fixupoverflow=error --std=c99 --callgraph=none --warn=-3 \
    70                           ; --errformat=%f:%l:%c: error: (%n) %s \
    71                           ; --warnformat=%f:%l:%c: warning: (%n) %s \
    72                           ; --msgformat=%f:%l:%c: advisory: (%n) %s
    73                           ;
    74   000000                     
    75                           ; Generated 17/10/2023 GMT
    76                           ; 
    77                           ; Copyright © 2023, Microchip Technology Inc. and its subsidiaries ("Microchip")
    78                           ; All rights reserved.
    79                           ; 
    80                           ; This software is developed by Microchip Technology Inc. and its subsidiaries ("Microchip").
    81                           ; 
    82                           ; Redistribution and use in source and binary forms, with or without modification, are
    83                           ; permitted provided that the following conditions are met:
    84                           ; 
    85                           ;     1. Redistributions of source code must retain the above copyright notice, this list of
    86                           ;        conditions and the following disclaimer.
    87                           ; 
    88                           ;     2. Redistributions in binary form must reproduce the above copyright notice, this list
    89                           ;        of conditions and the following disclaimer in the documentation and/or other
    90                           ;        materials provided with the distribution. Publication is not required when
    91                           ;        this file is used in an embedded application.
    92                           ; 
    93                           ;     3. Microchip's name may not be used to endorse or promote products derived from this
    94                           ;        software without specific prior written permission.
    95                           ; 
    96                           ; THIS SOFTWARE IS PROVIDED BY MICROCHIP "AS IS" AND ANY EXPRESS OR IMPLIED WARRANTIES,
    97                           ; INCLUDING, BUT NOT LIMITED TO, THE IMPLIED WARRANTIES OF MERCHANTABILITY AND FITNESS FOR
    98                           ; PURPOSE ARE DISCLAIMED.  IN NO EVENT SHALL MICROCHIP BE LIABLE FOR ANY DIRECT, INDIRECT,
    99                           ; INCIDENTAL, SPECIAL, EXEMPLARY, OR CONSEQUENTIAL DAMAGES (INCLUDING BUT NOT LIMITED TO
   100                           ; PROCUREMENT OF SUBSTITUTE GOODS OR SERVICES; LOSS OF USE, DATA OR PROFITS; OR BUSINESS
   101                           ; INTERRUPTION) HOWSOEVER CAUSED AND ON ANY THEORY OF LIABILITY, WHETHER IN CONTRACT, STRICT
   102                           ; LIABILITY, OR TORT (INCLUDING NEGLIGENCE OR OTHERWISE) ARISING IN ANY WAY OUT OF THE USE OF
   103                           ; THIS SOFTWARE, EVEN IF ADVISED OF THE POSSIBILITY OF SUCH DAMAGE.
   104                           ; 
   105                           ; 
   106                           ; Code-generator required, PIC18F4580 Definitions
   107                           ; 
   108                           ; SFR Addresses
   109   000000                     
   110                           	psect	smallconst
   111   000600                     __smallconst:
   112                           	callstack 0
   113                           
   114                           	psect	mediumconst
   115   000000                     __mediumconst:
   116                           	callstack 0	; top of RAM usage
   117                           
   118                           	psect	reset_vec
   119   000000                     
   120                           ; No powerup routine
   121                           ; No interrupt routines
   122   000000                     
   123                           ;Initialize the stack pointer (FSR1)
   124   000000                     
   125                           	psect	init
   126   000000                     start:
   127                           	callstack 0
   128   000000  EFB7  F003         	goto	start_initialization	;jump to C runtime clear & initialization
   129                           
   130                           	psect	text
   131   000000                     intlevel0:
   132                           	callstack 0
   133   000000                     intlevel1:
   134                           	callstack 0
   135   000000                     intlevel2:
   136                           	callstack 0
   137   000000                     intlevel3:
   138                           	callstack 0
   139                           
   140                           	psect	ramtop
   141   000600                     __ramtop:
   142                           	callstack 0
   143                           
   144                           	psect	stack
   145   000000                     ___sp:
   146                           	callstack 0
   147   000000                     ___inthi_sp:
   148                           	callstack 0
   149   000000                     ___intlo_sp:
   150                           	callstack 0
   151   000000                     ___stack_lo:
   152                           	callstack 0
   153   000000                     ___stack_hi:
   154                           	callstack 0
   155   000000                     ___inthi_stack_lo:
   156                           	callstack 0
   157   000000                     ___inthi_stack_hi:
   158                           	callstack 0
   159   000000                     ___intlo_stack_lo:
   160                           	callstack 0
   161   000000                     ___intlo_stack_hi:
   162                           	callstack 0
   163                           
   164                           ; No heap to be allocated
   165                           
   166                           	psect	heap
   167   000000                     tosu	equ	0xFFF
   168                           tosh	equ	0xFFE
   169                           tosl	equ	0xFFD
   170                           stkptr	equ	0xFFC
   171                           pclatu	equ	0xFFB
   172                           pclath	equ	0xFFA
   173                           pcl	equ	0xFF9
   174                           tblptru	equ	0xFF8
   175                           tblptrh	equ	0xFF7
   176                           tblptrl	equ	0xFF6
   177                           tablat	equ	0xFF5
   178                           prodh	equ	0xFF4
   179                           prodl	equ	0xFF3
   180                           indf0	equ	0xFEF
   181                           postinc0	equ	0xFEE
   182                           postdec0	equ	0xFED
   183                           preinc0	equ	0xFEC
   184                           plusw0	equ	0xFEB
   185                           fsr0h	equ	0xFEA
   186                           fsr0l	equ	0xFE9
   187                           wreg	equ	0xFE8
   188                           indf1	equ	0xFE7
   189                           postinc1	equ	0xFE6
   190                           postdec1	equ	0xFE5
   191                           preinc1	equ	0xFE4
   192                           plusw1	equ	0xFE3
   193                           fsr1h	equ	0xFE2
   194                           fsr1l	equ	0xFE1
   195                           bsr	equ	0xFE0
   196                           indf2	equ	0xFDF
   197                           postinc2	equ	0xFDE
   198                           postdec2	equ	0xFDD
   199                           preinc2	equ	0xFDC
   200                           plusw2	equ	0xFDB
   201                           fsr2h	equ	0xFDA
   202                           fsr2l	equ	0xFD9
   203                           status	equ	0xFD8


Microchip Technology PIC18 Macro Assembler V2.46 build 20240104201356 
Symbol Table                                                                                               Tue Sep 03 17:07:45 2024

                __S1 001F                 ___sp 0000                 _main 0602                 start 0000  
              __HRAM 0000                __LRAM 0001               isa$std 0001     ___inthi_stack_hi 0000  
   ___inthi_stack_lo 0000         __mediumconst 0000               stackhi 0000               stacklo 0000  
         __accesstop 0060           ___inthi_sp 0000           ___intlo_sp 0000           ___stack_hi 0000  
         ___stack_lo 0000     ___intlo_stack_hi 0000     ___intlo_stack_lo 0000              __ramtop 0600  
start_initialization 076E            ___heap_hi 0000            ___heap_lo 0000          __smallconst 0600  
           isa$xinst 0000             intlevel0 0000             intlevel1 0000             intlevel2 0000  
           intlevel3 0000             reset_vec 0000  
