

Microchip MPLAB XC8 Assembler V2.46 build 20240104201356 
                                                                                               Tue Jul 30 08:56:10 2024

Microchip MPLAB XC8 C Compiler v2.46 (Free license) build 20240104201356 Og1 
     1                           	processor	18F4580
     2                           	fnconf	rparam,??,?,0
     3                           	pagewidth 120
     4                           	opt	flic
     5                           	psect	cinit,global,reloc=2,class=CODE,delta=1
     6                           	psect	cstackCOMRAM,global,class=COMRAM,space=1,delta=1,lowdata,noexec
     7                           	psect	text0,global,reloc=2,class=CODE,delta=1
     8                           	psect	smallconst,global,reloc=2,class=SMALLCONST,delta=1,noexec
     9                           	psect	intsave_regs,global,class=BIGRAM,space=1,delta=1,noexec
    10                           	psect	rparam,global,class=COMRAM,space=1,delta=1,noexec
    11   000000                     
    12                           ; Generated 17/10/2023 GMT
    13                           ; 
    14                           ; Copyright © 2023, Microchip Technology Inc. and its subsidiaries ("Microchip")
    15                           ; All rights reserved.
    16                           ; 
    17                           ; This software is developed by Microchip Technology Inc. and its subsidiaries ("Microch
      +                          ip").
    18                           ; 
    19                           ; Redistribution and use in source and binary forms, with or without modification, are
    20                           ; permitted provided that the following conditions are met:
    21                           ; 
    22                           ;     1. Redistributions of source code must retain the above copyright notice, this lis
      +                          t of
    23                           ;        conditions and the following disclaimer.
    24                           ; 
    25                           ;     2. Redistributions in binary form must reproduce the above copyright notice, this 
      +                          list
    26                           ;        of conditions and the following disclaimer in the documentation and/or other
    27                           ;        materials provided with the distribution. Publication is not required when
    28                           ;        this file is used in an embedded application.
    29                           ; 
    30                           ;     3. Microchip's name may not be used to endorse or promote products derived from th
      +                          is
    31                           ;        software without specific prior written permission.
    32                           ; 
    33                           ; THIS SOFTWARE IS PROVIDED BY MICROCHIP "AS IS" AND ANY EXPRESS OR IMPLIED WARRANTIES,
    34                           ; INCLUDING, BUT NOT LIMITED TO, THE IMPLIED WARRANTIES OF MERCHANTABILITY AND FITNESS F
      +                          OR
    35                           ; PURPOSE ARE DISCLAIMED.  IN NO EVENT SHALL MICROCHIP BE LIABLE FOR ANY DIRECT, INDIREC
      +                          T,
    36                           ; INCIDENTAL, SPECIAL, EXEMPLARY, OR CONSEQUENTIAL DAMAGES (INCLUDING BUT NOT LIMITED TO
    37                           ; PROCUREMENT OF SUBSTITUTE GOODS OR SERVICES; LOSS OF USE, DATA OR PROFITS; OR BUSINESS
    38                           ; INTERRUPTION) HOWSOEVER CAUSED AND ON ANY THEORY OF LIABILITY, WHETHER IN CONTRACT, ST
      +                          RICT
    39                           ; LIABILITY, OR TORT (INCLUDING NEGLIGENCE OR OTHERWISE) ARISING IN ANY WAY OUT OF THE U
      +                          SE OF
    40                           ; THIS SOFTWARE, EVEN IF ADVISED OF THE POSSIBILITY OF SUCH DAMAGE.
    41                           ; 
    42                           ; 
    43                           ; Code-generator required, PIC18F4580 Definitions
    44                           ; 
    45                           ; SFR Addresses
    46   000000                     _PORTC	set	3970
    47   000000                     _TRISC	set	3988
    48   000000                     _TRISD	set	3989
    49   000000                     _PORTD	set	3971
    50                           
    51                           ; #config settings
    52                           
    53                           	psect	cinit
    54   000B8A                     __pcinit:
    55                           	callstack 0
    56   000B8A                     start_initialization:
    57                           	callstack 0
    58   000B8A                     __initialization:
    59                           	callstack 0
    60   000B8A                     end_of_initialization:
    61                           	callstack 0
    62   000B8A                     __end_of__initialization:
    63                           	callstack 0
    64   000B8A  0100               	movlb	0
    65   000B8C  EF01  F003         	goto	_main	;jump to C main() function
    66                           
    67                           	psect	cstackCOMRAM
    68   000001                     __pcstackCOMRAM:
    69                           	callstack 0
    70   000001                     main@i:
    71                           	callstack 0
    72                           
    73                           ; 2 bytes @ 0x0
    74   000001                     	ds	2
    75   000003                     main@i_34:
    76                           	callstack 0
    77                           
    78                           ; 2 bytes @ 0x2
    79   000003                     	ds	2
    80   000005                     main@i_35:
    81                           	callstack 0
    82                           
    83                           ; 2 bytes @ 0x4
    84   000005                     	ds	2
    85   000007                     main@i_36:
    86                           	callstack 0
    87                           
    88                           ; 2 bytes @ 0x6
    89   000007                     	ds	2
    90   000009                     main@i_37:
    91                           	callstack 0
    92                           
    93                           ; 2 bytes @ 0x8
    94   000009                     	ds	2
    95   00000B                     main@i_38:
    96                           	callstack 0
    97                           
    98                           ; 2 bytes @ 0xA
    99   00000B                     	ds	2
   100   00000D                     main@i_39:
   101                           	callstack 0
   102                           
   103                           ; 2 bytes @ 0xC
   104   00000D                     	ds	2
   105   00000F                     main@i_40:
   106                           	callstack 0
   107                           
   108                           ; 2 bytes @ 0xE
   109   00000F                     	ds	2
   110   000011                     main@i_41:
   111                           	callstack 0
   112                           
   113                           ; 2 bytes @ 0x10
   114   000011                     	ds	2
   115   000013                     main@i_42:
   116                           	callstack 0
   117                           
   118                           ; 2 bytes @ 0x12
   119   000013                     	ds	2
   120   000015                     main@i_43:
   121                           	callstack 0
   122                           
   123                           ; 2 bytes @ 0x14
   124   000015                     	ds	2
   125   000017                     main@i_44:
   126                           	callstack 0
   127                           
   128                           ; 2 bytes @ 0x16
   129   000017                     	ds	2
   130   000019                     main@i_45:
   131                           	callstack 0
   132                           
   133                           ; 2 bytes @ 0x18
   134   000019                     	ds	2
   135   00001B                     main@i_46:
   136                           	callstack 0
   137                           
   138                           ; 2 bytes @ 0x1A
   139   00001B                     	ds	2
   140   00001D                     main@i_47:
   141                           	callstack 0
   142                           
   143                           ; 2 bytes @ 0x1C
   144   00001D                     	ds	2
   145   00001F                     main@i_48:
   146                           	callstack 0
   147                           
   148                           ; 2 bytes @ 0x1E
   149   00001F                     	ds	2
   150   000021                     main@i_49:
   151                           	callstack 0
   152                           
   153                           ; 2 bytes @ 0x20
   154   000021                     	ds	2
   155   000023                     main@i_50:
   156                           	callstack 0
   157                           
   158                           ; 2 bytes @ 0x22
   159   000023                     	ds	2
   160   000025                     main@i_51:
   161                           	callstack 0
   162                           
   163                           ; 2 bytes @ 0x24
   164   000025                     	ds	2
   165   000027                     main@i_52:
   166                           	callstack 0
   167                           
   168                           ; 2 bytes @ 0x26
   169   000027                     	ds	2
   170   000029                     main@i_53:
   171                           	callstack 0
   172                           
   173                           ; 2 bytes @ 0x28
   174   000029                     	ds	2
   175   00002B                     main@i_54:
   176                           	callstack 0
   177                           
   178                           ; 2 bytes @ 0x2A
   179   00002B                     	ds	2
   180   00002D                     main@i_55:
   181                           	callstack 0
   182                           
   183                           ; 2 bytes @ 0x2C
   184   00002D                     	ds	2
   185   00002F                     main@i_56:
   186                           	callstack 0
   187                           
   188                           ; 2 bytes @ 0x2E
   189   00002F                     	ds	2
   190   000031                     main@i_57:
   191                           	callstack 0
   192                           
   193                           ; 2 bytes @ 0x30
   194   000031                     	ds	2
   195   000033                     main@i_58:
   196                           	callstack 0
   197                           
   198                           ; 2 bytes @ 0x32
   199   000033                     	ds	2
   200   000035                     main@i_59:
   201                           	callstack 0
   202                           
   203                           ; 2 bytes @ 0x34
   204   000035                     	ds	2
   205   000037                     main@i_60:
   206                           	callstack 0
   207                           
   208                           ; 2 bytes @ 0x36
   209   000037                     	ds	2
   210   000039                     main@i_61:
   211                           	callstack 0
   212                           
   213                           ; 2 bytes @ 0x38
   214   000039                     	ds	2
   215   00003B                     main@i_62:
   216                           	callstack 0
   217                           
   218                           ; 2 bytes @ 0x3A
   219   00003B                     	ds	2
   220   00003D                     main@i_63:
   221                           	callstack 0
   222                           
   223                           ; 2 bytes @ 0x3C
   224   00003D                     	ds	2
   225   00003F                     main@i_64:
   226                           	callstack 0
   227                           
   228                           ; 2 bytes @ 0x3E
   229   00003F                     	ds	2
   230                           
   231 ;;
   232 ;;Main: autosize = 0, tempsize = 0, incstack = 0, save=0
   233 ;;
   234 ;; *************** function _main *****************
   235 ;; Defined at:
   236 ;;		line 10 in file "oneafteranother.c"
   237 ;; Parameters:    Size  Location     Type
   238 ;;		None
   239 ;; Auto vars:     Size  Location     Type
   240 ;;  i               2   62[COMRAM] unsigned int 
   241 ;;  i               2   60[COMRAM] unsigned int 
   242 ;;  i               2   58[COMRAM] unsigned int 
   243 ;;  i               2   56[COMRAM] unsigned int 
   244 ;;  i               2   54[COMRAM] unsigned int 
   245 ;;  i               2   52[COMRAM] unsigned int 
   246 ;;  i               2   50[COMRAM] unsigned int 
   247 ;;  i               2   48[COMRAM] unsigned int 
   248 ;;  i               2   46[COMRAM] unsigned int 
   249 ;;  i               2   44[COMRAM] unsigned int 
   250 ;;  i               2   42[COMRAM] unsigned int 
   251 ;;  i               2   40[COMRAM] unsigned int 
   252 ;;  i               2   38[COMRAM] unsigned int 
   253 ;;  i               2   36[COMRAM] unsigned int 
   254 ;;  i               2   34[COMRAM] unsigned int 
   255 ;;  i               2   32[COMRAM] unsigned int 
   256 ;;  i               2   30[COMRAM] unsigned int 
   257 ;;  i               2   28[COMRAM] unsigned int 
   258 ;;  i               2   26[COMRAM] unsigned int 
   259 ;;  i               2   24[COMRAM] unsigned int 
   260 ;;  i               2   22[COMRAM] unsigned int 
   261 ;;  i               2   20[COMRAM] unsigned int 
   262 ;;  i               2   18[COMRAM] unsigned int 
   263 ;;  i               2   16[COMRAM] unsigned int 
   264 ;;  i               2   14[COMRAM] unsigned int 
   265 ;;  i               2   12[COMRAM] unsigned int 
   266 ;;  i               2   10[COMRAM] unsigned int 
   267 ;;  i               2    8[COMRAM] unsigned int 
   268 ;;  i               2    6[COMRAM] unsigned int 
   269 ;;  i               2    4[COMRAM] unsigned int 
   270 ;;  i               2    2[COMRAM] unsigned int 
   271 ;;  i               2    0[COMRAM] unsigned int 
   272 ;; Return value:  Size  Location     Type
   273 ;;                  1    wreg      void 
   274 ;; Registers used:
   275 ;;		wreg, status,2, status,0
   276 ;; Tracked objects:
   277 ;;		On entry : 0/0
   278 ;;		On exit  : 0/0
   279 ;;		Unchanged: 0/0
   280 ;; Data sizes:     COMRAM   BANK0   BANK1   BANK2   BANK3   BANK4   BANK5
   281 ;;      Params:         0       0       0       0       0       0       0
   282 ;;      Locals:        64       0       0       0       0       0       0
   283 ;;      Temps:          0       0       0       0       0       0       0
   284 ;;      Totals:        64       0       0       0       0       0       0
   285 ;;Total ram usage:       64 bytes
   286 ;; This function calls:
   287 ;;		Nothing
   288 ;; This function is called by:
   289 ;;		Startup code after reset
   290 ;; This function uses a non-reentrant model
   291 ;;
   292                           
   293                           	psect	text0
   294   000602                     __ptext0:
   295                           	callstack 0
   296   000602                     _main:
   297                           	callstack 31
   298   000602                     
   299                           ;oneafteranother.c: 12:     TRISC=0X00;
   300   000602  0E00               	movlw	0
   301   000604  6E94               	movwf	148,c	;volatile
   302                           
   303                           ;oneafteranother.c: 13:     TRISD=0X00;
   304   000606  0E00               	movlw	0
   305   000608  6E95               	movwf	149,c	;volatile
   306   00060A                     l13:
   307                           
   308                           ;oneafteranother.c: 15:     {;oneafteranother.c: 16:         PORTC=0X01;
   309   00060A  0E01               	movlw	1
   310   00060C  6E82               	movwf	130,c	;volatile
   311                           
   312                           ;oneafteranother.c: 17:         for(unsigned int i=0;i<55000;i++);
   313   00060E  0E00               	movlw	0
   314   000610  6E02               	movwf	(main@i+1)^0,c
   315   000612  0E00               	movlw	0
   316   000614  6E01               	movwf	main@i^0,c
   317   000616                     l762:
   318   000616  4A01               	infsnz	main@i^0,f,c
   319   000618  2A02               	incf	(main@i+1)^0,f,c
   320   00061A  0ED8               	movlw	216
   321   00061C  5C01               	subwf	main@i^0,w,c
   322   00061E  0ED6               	movlw	214
   323   000620  5802               	subwfb	(main@i+1)^0,w,c
   324   000622  A0D8               	btfss	status,0,c
   325   000624  EF16  F003         	goto	u11
   326   000628  EF18  F003         	goto	u10
   327   00062C                     u11:
   328   00062C  EF0B  F003         	goto	l762
   329   000630                     u10:
   330   000630                     
   331                           ;oneafteranother.c: 18:         PORTC=0X00;
   332   000630  0E00               	movlw	0
   333   000632  6E82               	movwf	130,c	;volatile
   334                           
   335                           ;oneafteranother.c: 19:         for(unsigned int i=0;i<55000;i++);
   336   000634  0E00               	movlw	0
   337   000636  6E04               	movwf	(main@i_34+1)^0,c
   338   000638  0E00               	movlw	0
   339   00063A  6E03               	movwf	main@i_34^0,c
   340   00063C                     l772:
   341   00063C  4A03               	infsnz	main@i_34^0,f,c
   342   00063E  2A04               	incf	(main@i_34+1)^0,f,c
   343   000640  0ED8               	movlw	216
   344   000642  5C03               	subwf	main@i_34^0,w,c
   345   000644  0ED6               	movlw	214
   346   000646  5804               	subwfb	(main@i_34+1)^0,w,c
   347   000648  A0D8               	btfss	status,0,c
   348   00064A  EF29  F003         	goto	u21
   349   00064E  EF2B  F003         	goto	u20
   350   000652                     u21:
   351   000652  EF1E  F003         	goto	l772
   352   000656                     u20:
   353   000656                     
   354                           ;oneafteranother.c: 20:         PORTC=0X03;
   355   000656  0E03               	movlw	3
   356   000658  6E82               	movwf	130,c	;volatile
   357                           
   358                           ;oneafteranother.c: 21:         for(unsigned int i=0;i<55000;i++);
   359   00065A  0E00               	movlw	0
   360   00065C  6E06               	movwf	(main@i_35+1)^0,c
   361   00065E  0E00               	movlw	0
   362   000660  6E05               	movwf	main@i_35^0,c
   363   000662                     l782:
   364   000662  4A05               	infsnz	main@i_35^0,f,c
   365   000664  2A06               	incf	(main@i_35+1)^0,f,c
   366   000666  0ED8               	movlw	216
   367   000668  5C05               	subwf	main@i_35^0,w,c
   368   00066A  0ED6               	movlw	214
   369   00066C  5806               	subwfb	(main@i_35+1)^0,w,c
   370   00066E  A0D8               	btfss	status,0,c
   371   000670  EF3C  F003         	goto	u31
   372   000674  EF3E  F003         	goto	u30
   373   000678                     u31:
   374   000678  EF31  F003         	goto	l782
   375   00067C                     u30:
   376   00067C                     
   377                           ;oneafteranother.c: 22:         PORTC=0X00;
   378   00067C  0E00               	movlw	0
   379   00067E  6E82               	movwf	130,c	;volatile
   380                           
   381                           ;oneafteranother.c: 23:         for(unsigned int i=0;i<55000;i++);
   382   000680  0E00               	movlw	0
   383   000682  6E08               	movwf	(main@i_36+1)^0,c
   384   000684  0E00               	movlw	0
   385   000686  6E07               	movwf	main@i_36^0,c
   386   000688                     l792:
   387   000688  4A07               	infsnz	main@i_36^0,f,c
   388   00068A  2A08               	incf	(main@i_36+1)^0,f,c
   389   00068C  0ED8               	movlw	216
   390   00068E  5C07               	subwf	main@i_36^0,w,c
   391   000690  0ED6               	movlw	214
   392   000692  5808               	subwfb	(main@i_36+1)^0,w,c
   393   000694  A0D8               	btfss	status,0,c
   394   000696  EF4F  F003         	goto	u41
   395   00069A  EF51  F003         	goto	u40
   396   00069E                     u41:
   397   00069E  EF44  F003         	goto	l792
   398   0006A2                     u40:
   399   0006A2                     
   400                           ;oneafteranother.c: 24:         PORTC=0X07;
   401   0006A2  0E07               	movlw	7
   402   0006A4  6E82               	movwf	130,c	;volatile
   403                           
   404                           ;oneafteranother.c: 25:         for(unsigned int i=0;i<55000;i++);
   405   0006A6  0E00               	movlw	0
   406   0006A8  6E0A               	movwf	(main@i_37+1)^0,c
   407   0006AA  0E00               	movlw	0
   408   0006AC  6E09               	movwf	main@i_37^0,c
   409   0006AE                     l802:
   410   0006AE  4A09               	infsnz	main@i_37^0,f,c
   411   0006B0  2A0A               	incf	(main@i_37+1)^0,f,c
   412   0006B2  0ED8               	movlw	216
   413   0006B4  5C09               	subwf	main@i_37^0,w,c
   414   0006B6  0ED6               	movlw	214
   415   0006B8  580A               	subwfb	(main@i_37+1)^0,w,c
   416   0006BA  A0D8               	btfss	status,0,c
   417   0006BC  EF62  F003         	goto	u51
   418   0006C0  EF64  F003         	goto	u50
   419   0006C4                     u51:
   420   0006C4  EF57  F003         	goto	l802
   421   0006C8                     u50:
   422   0006C8                     
   423                           ;oneafteranother.c: 26:         PORTC=0X00;
   424   0006C8  0E00               	movlw	0
   425   0006CA  6E82               	movwf	130,c	;volatile
   426                           
   427                           ;oneafteranother.c: 27:         for(unsigned int i=0;i<55000;i++);
   428   0006CC  0E00               	movlw	0
   429   0006CE  6E0C               	movwf	(main@i_38+1)^0,c
   430   0006D0  0E00               	movlw	0
   431   0006D2  6E0B               	movwf	main@i_38^0,c
   432   0006D4                     l812:
   433   0006D4  4A0B               	infsnz	main@i_38^0,f,c
   434   0006D6  2A0C               	incf	(main@i_38+1)^0,f,c
   435   0006D8  0ED8               	movlw	216
   436   0006DA  5C0B               	subwf	main@i_38^0,w,c
   437   0006DC  0ED6               	movlw	214
   438   0006DE  580C               	subwfb	(main@i_38+1)^0,w,c
   439   0006E0  A0D8               	btfss	status,0,c
   440   0006E2  EF75  F003         	goto	u61
   441   0006E6  EF77  F003         	goto	u60
   442   0006EA                     u61:
   443   0006EA  EF6A  F003         	goto	l812
   444   0006EE                     u60:
   445   0006EE                     
   446                           ;oneafteranother.c: 28:         PORTC=0X0F;
   447   0006EE  0E0F               	movlw	15
   448   0006F0  6E82               	movwf	130,c	;volatile
   449                           
   450                           ;oneafteranother.c: 29:         for(unsigned int i=0;i<55000;i++);
   451   0006F2  0E00               	movlw	0
   452   0006F4  6E0E               	movwf	(main@i_39+1)^0,c
   453   0006F6  0E00               	movlw	0
   454   0006F8  6E0D               	movwf	main@i_39^0,c
   455   0006FA                     l822:
   456   0006FA  4A0D               	infsnz	main@i_39^0,f,c
   457   0006FC  2A0E               	incf	(main@i_39+1)^0,f,c
   458   0006FE  0ED8               	movlw	216
   459   000700  5C0D               	subwf	main@i_39^0,w,c
   460   000702  0ED6               	movlw	214
   461   000704  580E               	subwfb	(main@i_39+1)^0,w,c
   462   000706  A0D8               	btfss	status,0,c
   463   000708  EF88  F003         	goto	u71
   464   00070C  EF8A  F003         	goto	u70
   465   000710                     u71:
   466   000710  EF7D  F003         	goto	l822
   467   000714                     u70:
   468   000714                     
   469                           ;oneafteranother.c: 30:         PORTC=0X00;
   470   000714  0E00               	movlw	0
   471   000716  6E82               	movwf	130,c	;volatile
   472                           
   473                           ;oneafteranother.c: 31:         for(unsigned int i=0;i<55000;i++);
   474   000718  0E00               	movlw	0
   475   00071A  6E10               	movwf	(main@i_40+1)^0,c
   476   00071C  0E00               	movlw	0
   477   00071E  6E0F               	movwf	main@i_40^0,c
   478   000720                     l832:
   479   000720  4A0F               	infsnz	main@i_40^0,f,c
   480   000722  2A10               	incf	(main@i_40+1)^0,f,c
   481   000724  0ED8               	movlw	216
   482   000726  5C0F               	subwf	main@i_40^0,w,c
   483   000728  0ED6               	movlw	214
   484   00072A  5810               	subwfb	(main@i_40+1)^0,w,c
   485   00072C  A0D8               	btfss	status,0,c
   486   00072E  EF9B  F003         	goto	u81
   487   000732  EF9D  F003         	goto	u80
   488   000736                     u81:
   489   000736  EF90  F003         	goto	l832
   490   00073A                     u80:
   491   00073A                     
   492                           ;oneafteranother.c: 32:         PORTC=0X1F;
   493   00073A  0E1F               	movlw	31
   494   00073C  6E82               	movwf	130,c	;volatile
   495                           
   496                           ;oneafteranother.c: 33:         for(unsigned int i=0;i<55000;i++);
   497   00073E  0E00               	movlw	0
   498   000740  6E12               	movwf	(main@i_41+1)^0,c
   499   000742  0E00               	movlw	0
   500   000744  6E11               	movwf	main@i_41^0,c
   501   000746                     l838:
   502   000746  0ED8               	movlw	216
   503   000748  5C11               	subwf	main@i_41^0,w,c
   504   00074A  0ED6               	movlw	214
   505   00074C  5812               	subwfb	(main@i_41+1)^0,w,c
   506   00074E  A0D8               	btfss	status,0,c
   507   000750  EFAC  F003         	goto	u91
   508   000754  EFAE  F003         	goto	u90
   509   000758                     u91:
   510   000758  EFB0  F003         	goto	l842
   511   00075C                     u90:
   512   00075C  EFB4  F003         	goto	l846
   513   000760                     l842:
   514   000760  4A11               	infsnz	main@i_41^0,f,c
   515   000762  2A12               	incf	(main@i_41+1)^0,f,c
   516   000764  EFA3  F003         	goto	l838
   517   000768                     l846:
   518                           
   519                           ;oneafteranother.c: 34:         PORTC=0X00;
   520   000768  0E00               	movlw	0
   521   00076A  6E82               	movwf	130,c	;volatile
   522                           
   523                           ;oneafteranother.c: 35:         for(unsigned int i=0;i<55000;i++);
   524   00076C  0E00               	movlw	0
   525   00076E  6E14               	movwf	(main@i_42+1)^0,c
   526   000770  0E00               	movlw	0
   527   000772  6E13               	movwf	main@i_42^0,c
   528   000774                     l848:
   529   000774  0ED8               	movlw	216
   530   000776  5C13               	subwf	main@i_42^0,w,c
   531   000778  0ED6               	movlw	214
   532   00077A  5814               	subwfb	(main@i_42+1)^0,w,c
   533   00077C  A0D8               	btfss	status,0,c
   534   00077E  EFC3  F003         	goto	u101
   535   000782  EFC5  F003         	goto	u100
   536   000786                     u101:
   537   000786  EFC7  F003         	goto	l852
   538   00078A                     u100:
   539   00078A  EFCB  F003         	goto	l856
   540   00078E                     l852:
   541   00078E  4A13               	infsnz	main@i_42^0,f,c
   542   000790  2A14               	incf	(main@i_42+1)^0,f,c
   543   000792  EFBA  F003         	goto	l848
   544   000796                     l856:
   545                           
   546                           ;oneafteranother.c: 36:         PORTC=0X3F;
   547   000796  0E3F               	movlw	63
   548   000798  6E82               	movwf	130,c	;volatile
   549                           
   550                           ;oneafteranother.c: 37:         for(unsigned int i=0;i<55000;i++);
   551   00079A  0E00               	movlw	0
   552   00079C  6E16               	movwf	(main@i_43+1)^0,c
   553   00079E  0E00               	movlw	0
   554   0007A0  6E15               	movwf	main@i_43^0,c
   555   0007A2                     l858:
   556   0007A2  0ED8               	movlw	216
   557   0007A4  5C15               	subwf	main@i_43^0,w,c
   558   0007A6  0ED6               	movlw	214
   559   0007A8  5816               	subwfb	(main@i_43+1)^0,w,c
   560   0007AA  A0D8               	btfss	status,0,c
   561   0007AC  EFDA  F003         	goto	u111
   562   0007B0  EFDC  F003         	goto	u110
   563   0007B4                     u111:
   564   0007B4  EFDE  F003         	goto	l862
   565   0007B8                     u110:
   566   0007B8  EFE2  F003         	goto	l866
   567   0007BC                     l862:
   568   0007BC  4A15               	infsnz	main@i_43^0,f,c
   569   0007BE  2A16               	incf	(main@i_43+1)^0,f,c
   570   0007C0  EFD1  F003         	goto	l858
   571   0007C4                     l866:
   572                           
   573                           ;oneafteranother.c: 38:         PORTC=0X00;
   574   0007C4  0E00               	movlw	0
   575   0007C6  6E82               	movwf	130,c	;volatile
   576                           
   577                           ;oneafteranother.c: 39:         for(unsigned int i=0;i<55000;i++);
   578   0007C8  0E00               	movlw	0
   579   0007CA  6E18               	movwf	(main@i_44+1)^0,c
   580   0007CC  0E00               	movlw	0
   581   0007CE  6E17               	movwf	main@i_44^0,c
   582   0007D0                     l868:
   583   0007D0  0ED8               	movlw	216
   584   0007D2  5C17               	subwf	main@i_44^0,w,c
   585   0007D4  0ED6               	movlw	214
   586   0007D6  5818               	subwfb	(main@i_44+1)^0,w,c
   587   0007D8  A0D8               	btfss	status,0,c
   588   0007DA  EFF1  F003         	goto	u121
   589   0007DE  EFF3  F003         	goto	u120
   590   0007E2                     u121:
   591   0007E2  EFF5  F003         	goto	l872
   592   0007E6                     u120:
   593   0007E6  EFF9  F003         	goto	l876
   594   0007EA                     l872:
   595   0007EA  4A17               	infsnz	main@i_44^0,f,c
   596   0007EC  2A18               	incf	(main@i_44+1)^0,f,c
   597   0007EE  EFE8  F003         	goto	l868
   598   0007F2                     l876:
   599                           
   600                           ;oneafteranother.c: 40:         PORTC=0X7F;
   601   0007F2  0E7F               	movlw	127
   602   0007F4  6E82               	movwf	130,c	;volatile
   603                           
   604                           ;oneafteranother.c: 41:         for(unsigned int i=0;i<55000;i++);
   605   0007F6  0E00               	movlw	0
   606   0007F8  6E1A               	movwf	(main@i_45+1)^0,c
   607   0007FA  0E00               	movlw	0
   608   0007FC  6E19               	movwf	main@i_45^0,c
   609   0007FE                     l878:
   610   0007FE  0ED8               	movlw	216
   611   000800  5C19               	subwf	main@i_45^0,w,c
   612   000802  0ED6               	movlw	214
   613   000804  581A               	subwfb	(main@i_45+1)^0,w,c
   614   000806  A0D8               	btfss	status,0,c
   615   000808  EF08  F004         	goto	u131
   616   00080C  EF0A  F004         	goto	u130
   617   000810                     u131:
   618   000810  EF0C  F004         	goto	l882
   619   000814                     u130:
   620   000814  EF10  F004         	goto	l886
   621   000818                     l882:
   622   000818  4A19               	infsnz	main@i_45^0,f,c
   623   00081A  2A1A               	incf	(main@i_45+1)^0,f,c
   624   00081C  EFFF  F003         	goto	l878
   625   000820                     l886:
   626                           
   627                           ;oneafteranother.c: 42:         PORTC=0X00;
   628   000820  0E00               	movlw	0
   629   000822  6E82               	movwf	130,c	;volatile
   630                           
   631                           ;oneafteranother.c: 43:         for(unsigned int i=0;i<55000;i++);
   632   000824  0E00               	movlw	0
   633   000826  6E1C               	movwf	(main@i_46+1)^0,c
   634   000828  0E00               	movlw	0
   635   00082A  6E1B               	movwf	main@i_46^0,c
   636   00082C                     l888:
   637   00082C  0ED8               	movlw	216
   638   00082E  5C1B               	subwf	main@i_46^0,w,c
   639   000830  0ED6               	movlw	214
   640   000832  581C               	subwfb	(main@i_46+1)^0,w,c
   641   000834  A0D8               	btfss	status,0,c
   642   000836  EF1F  F004         	goto	u141
   643   00083A  EF21  F004         	goto	u140
   644   00083E                     u141:
   645   00083E  EF23  F004         	goto	l892
   646   000842                     u140:
   647   000842  EF27  F004         	goto	l41
   648   000846                     l892:
   649   000846  4A1B               	infsnz	main@i_46^0,f,c
   650   000848  2A1C               	incf	(main@i_46+1)^0,f,c
   651   00084A  EF16  F004         	goto	l888
   652   00084E                     l41:
   653                           
   654                           ;oneafteranother.c: 44:         PORTC=0XFF;
   655   00084E  6882               	setf	130,c	;volatile
   656   000850                     
   657                           ;oneafteranother.c: 45:         for(unsigned int i=0;i<55000;i++);
   658   000850  0E00               	movlw	0
   659   000852  6E1E               	movwf	(main@i_47+1)^0,c
   660   000854  0E00               	movlw	0
   661   000856  6E1D               	movwf	main@i_47^0,c
   662   000858                     l898:
   663   000858  0ED8               	movlw	216
   664   00085A  5C1D               	subwf	main@i_47^0,w,c
   665   00085C  0ED6               	movlw	214
   666   00085E  581E               	subwfb	(main@i_47+1)^0,w,c
   667   000860  A0D8               	btfss	status,0,c
   668   000862  EF35  F004         	goto	u151
   669   000866  EF37  F004         	goto	u150
   670   00086A                     u151:
   671   00086A  EF39  F004         	goto	l902
   672   00086E                     u150:
   673   00086E  EF3D  F004         	goto	l906
   674   000872                     l902:
   675   000872  4A1D               	infsnz	main@i_47^0,f,c
   676   000874  2A1E               	incf	(main@i_47+1)^0,f,c
   677   000876  EF2C  F004         	goto	l898
   678   00087A                     l906:
   679                           
   680                           ;oneafteranother.c: 46:         PORTC=0X00;
   681   00087A  0E00               	movlw	0
   682   00087C  6E82               	movwf	130,c	;volatile
   683                           
   684                           ;oneafteranother.c: 47:         for(unsigned int i=0;i<55000;i++);
   685   00087E  0E00               	movlw	0
   686   000880  6E20               	movwf	(main@i_48+1)^0,c
   687   000882  0E00               	movlw	0
   688   000884  6E1F               	movwf	main@i_48^0,c
   689   000886                     l908:
   690   000886  0ED8               	movlw	216
   691   000888  5C1F               	subwf	main@i_48^0,w,c
   692   00088A  0ED6               	movlw	214
   693   00088C  5820               	subwfb	(main@i_48+1)^0,w,c
   694   00088E  A0D8               	btfss	status,0,c
   695   000890  EF4C  F004         	goto	u161
   696   000894  EF4E  F004         	goto	u160
   697   000898                     u161:
   698   000898  EF50  F004         	goto	l912
   699   00089C                     u160:
   700   00089C  EF54  F004         	goto	l916
   701   0008A0                     l912:
   702   0008A0  4A1F               	infsnz	main@i_48^0,f,c
   703   0008A2  2A20               	incf	(main@i_48+1)^0,f,c
   704   0008A4  EF43  F004         	goto	l908
   705   0008A8                     l916:
   706                           
   707                           ;oneafteranother.c: 48:         PORTD=0X01;
   708   0008A8  0E01               	movlw	1
   709   0008AA  6E83               	movwf	131,c	;volatile
   710                           
   711                           ;oneafteranother.c: 49:         for(unsigned int i=0;i<55000;i++);
   712   0008AC  0E00               	movlw	0
   713   0008AE  6E22               	movwf	(main@i_49+1)^0,c
   714   0008B0  0E00               	movlw	0
   715   0008B2  6E21               	movwf	main@i_49^0,c
   716   0008B4                     l918:
   717   0008B4  0ED8               	movlw	216
   718   0008B6  5C21               	subwf	main@i_49^0,w,c
   719   0008B8  0ED6               	movlw	214
   720   0008BA  5822               	subwfb	(main@i_49+1)^0,w,c
   721   0008BC  A0D8               	btfss	status,0,c
   722   0008BE  EF63  F004         	goto	u171
   723   0008C2  EF65  F004         	goto	u170
   724   0008C6                     u171:
   725   0008C6  EF67  F004         	goto	l922
   726   0008CA                     u170:
   727   0008CA  EF6B  F004         	goto	l926
   728   0008CE                     l922:
   729   0008CE  4A21               	infsnz	main@i_49^0,f,c
   730   0008D0  2A22               	incf	(main@i_49+1)^0,f,c
   731   0008D2  EF5A  F004         	goto	l918
   732   0008D6                     l926:
   733                           
   734                           ;oneafteranother.c: 50:         PORTD=0X00;
   735   0008D6  0E00               	movlw	0
   736   0008D8  6E83               	movwf	131,c	;volatile
   737                           
   738                           ;oneafteranother.c: 51:         for(unsigned int i=0;i<55000;i++);
   739   0008DA  0E00               	movlw	0
   740   0008DC  6E24               	movwf	(main@i_50+1)^0,c
   741   0008DE  0E00               	movlw	0
   742   0008E0  6E23               	movwf	main@i_50^0,c
   743   0008E2                     l928:
   744   0008E2  0ED8               	movlw	216
   745   0008E4  5C23               	subwf	main@i_50^0,w,c
   746   0008E6  0ED6               	movlw	214
   747   0008E8  5824               	subwfb	(main@i_50+1)^0,w,c
   748   0008EA  A0D8               	btfss	status,0,c
   749   0008EC  EF7A  F004         	goto	u181
   750   0008F0  EF7C  F004         	goto	u180
   751   0008F4                     u181:
   752   0008F4  EF7E  F004         	goto	l932
   753   0008F8                     u180:
   754   0008F8  EF82  F004         	goto	l936
   755   0008FC                     l932:
   756   0008FC  4A23               	infsnz	main@i_50^0,f,c
   757   0008FE  2A24               	incf	(main@i_50+1)^0,f,c
   758   000900  EF71  F004         	goto	l928
   759   000904                     l936:
   760                           
   761                           ;oneafteranother.c: 52:         PORTD=0X03;
   762   000904  0E03               	movlw	3
   763   000906  6E83               	movwf	131,c	;volatile
   764                           
   765                           ;oneafteranother.c: 53:         for(unsigned int i=0;i<55000;i++);
   766   000908  0E00               	movlw	0
   767   00090A  6E26               	movwf	(main@i_51+1)^0,c
   768   00090C  0E00               	movlw	0
   769   00090E  6E25               	movwf	main@i_51^0,c
   770   000910                     l938:
   771   000910  0ED8               	movlw	216
   772   000912  5C25               	subwf	main@i_51^0,w,c
   773   000914  0ED6               	movlw	214
   774   000916  5826               	subwfb	(main@i_51+1)^0,w,c
   775   000918  A0D8               	btfss	status,0,c
   776   00091A  EF91  F004         	goto	u191
   777   00091E  EF93  F004         	goto	u190
   778   000922                     u191:
   779   000922  EF95  F004         	goto	l942
   780   000926                     u190:
   781   000926  EF99  F004         	goto	l946
   782   00092A                     l942:
   783   00092A  4A25               	infsnz	main@i_51^0,f,c
   784   00092C  2A26               	incf	(main@i_51+1)^0,f,c
   785   00092E  EF88  F004         	goto	l938
   786   000932                     l946:
   787                           
   788                           ;oneafteranother.c: 54:         PORTD=0X00;
   789   000932  0E00               	movlw	0
   790   000934  6E83               	movwf	131,c	;volatile
   791                           
   792                           ;oneafteranother.c: 55:         for(unsigned int i=0;i<55000;i++);
   793   000936  0E00               	movlw	0
   794   000938  6E28               	movwf	(main@i_52+1)^0,c
   795   00093A  0E00               	movlw	0
   796   00093C  6E27               	movwf	main@i_52^0,c
   797   00093E                     l948:
   798   00093E  0ED8               	movlw	216
   799   000940  5C27               	subwf	main@i_52^0,w,c
   800   000942  0ED6               	movlw	214
   801   000944  5828               	subwfb	(main@i_52+1)^0,w,c
   802   000946  A0D8               	btfss	status,0,c
   803   000948  EFA8  F004         	goto	u201
   804   00094C  EFAA  F004         	goto	u200
   805   000950                     u201:
   806   000950  EFAC  F004         	goto	l952
   807   000954                     u200:
   808   000954  EFB0  F004         	goto	l956
   809   000958                     l952:
   810   000958  4A27               	infsnz	main@i_52^0,f,c
   811   00095A  2A28               	incf	(main@i_52+1)^0,f,c
   812   00095C  EF9F  F004         	goto	l948
   813   000960                     l956:
   814                           
   815                           ;oneafteranother.c: 56:         PORTD=0X07;
   816   000960  0E07               	movlw	7
   817   000962  6E83               	movwf	131,c	;volatile
   818                           
   819                           ;oneafteranother.c: 57:         for(unsigned int i=0;i<55000;i++);
   820   000964  0E00               	movlw	0
   821   000966  6E2A               	movwf	(main@i_53+1)^0,c
   822   000968  0E00               	movlw	0
   823   00096A  6E29               	movwf	main@i_53^0,c
   824   00096C                     l958:
   825   00096C  0ED8               	movlw	216
   826   00096E  5C29               	subwf	main@i_53^0,w,c
   827   000970  0ED6               	movlw	214
   828   000972  582A               	subwfb	(main@i_53+1)^0,w,c
   829   000974  A0D8               	btfss	status,0,c
   830   000976  EFBF  F004         	goto	u211
   831   00097A  EFC1  F004         	goto	u210
   832   00097E                     u211:
   833   00097E  EFC3  F004         	goto	l962
   834   000982                     u210:
   835   000982  EFC7  F004         	goto	l966
   836   000986                     l962:
   837   000986  4A29               	infsnz	main@i_53^0,f,c
   838   000988  2A2A               	incf	(main@i_53+1)^0,f,c
   839   00098A  EFB6  F004         	goto	l958
   840   00098E                     l966:
   841                           
   842                           ;oneafteranother.c: 58:         PORTD=0X00;
   843   00098E  0E00               	movlw	0
   844   000990  6E83               	movwf	131,c	;volatile
   845                           
   846                           ;oneafteranother.c: 59:         for(unsigned int i=0;i<55000;i++);
   847   000992  0E00               	movlw	0
   848   000994  6E2C               	movwf	(main@i_54+1)^0,c
   849   000996  0E00               	movlw	0
   850   000998  6E2B               	movwf	main@i_54^0,c
   851   00099A                     l968:
   852   00099A  0ED8               	movlw	216
   853   00099C  5C2B               	subwf	main@i_54^0,w,c
   854   00099E  0ED6               	movlw	214
   855   0009A0  582C               	subwfb	(main@i_54+1)^0,w,c
   856   0009A2  A0D8               	btfss	status,0,c
   857   0009A4  EFD6  F004         	goto	u221
   858   0009A8  EFD8  F004         	goto	u220
   859   0009AC                     u221:
   860   0009AC  EFDA  F004         	goto	l972
   861   0009B0                     u220:
   862   0009B0  EFDE  F004         	goto	l976
   863   0009B4                     l972:
   864   0009B4  4A2B               	infsnz	main@i_54^0,f,c
   865   0009B6  2A2C               	incf	(main@i_54+1)^0,f,c
   866   0009B8  EFCD  F004         	goto	l968
   867   0009BC                     l976:
   868                           
   869                           ;oneafteranother.c: 60:         PORTD=0X0F;
   870   0009BC  0E0F               	movlw	15
   871   0009BE  6E83               	movwf	131,c	;volatile
   872                           
   873                           ;oneafteranother.c: 61:         for(unsigned int i=0;i<55000;i++);
   874   0009C0  0E00               	movlw	0
   875   0009C2  6E2E               	movwf	(main@i_55+1)^0,c
   876   0009C4  0E00               	movlw	0
   877   0009C6  6E2D               	movwf	main@i_55^0,c
   878   0009C8                     l978:
   879   0009C8  0ED8               	movlw	216
   880   0009CA  5C2D               	subwf	main@i_55^0,w,c
   881   0009CC  0ED6               	movlw	214
   882   0009CE  582E               	subwfb	(main@i_55+1)^0,w,c
   883   0009D0  A0D8               	btfss	status,0,c
   884   0009D2  EFED  F004         	goto	u231
   885   0009D6  EFEF  F004         	goto	u230
   886   0009DA                     u231:
   887   0009DA  EFF1  F004         	goto	l982
   888   0009DE                     u230:
   889   0009DE  EFF5  F004         	goto	l986
   890   0009E2                     l982:
   891   0009E2  4A2D               	infsnz	main@i_55^0,f,c
   892   0009E4  2A2E               	incf	(main@i_55+1)^0,f,c
   893   0009E6  EFE4  F004         	goto	l978
   894   0009EA                     l986:
   895                           
   896                           ;oneafteranother.c: 62:         PORTD=0X00;
   897   0009EA  0E00               	movlw	0
   898   0009EC  6E83               	movwf	131,c	;volatile
   899                           
   900                           ;oneafteranother.c: 63:         for(unsigned int i=0;i<55000;i++);
   901   0009EE  0E00               	movlw	0
   902   0009F0  6E30               	movwf	(main@i_56+1)^0,c
   903   0009F2  0E00               	movlw	0
   904   0009F4  6E2F               	movwf	main@i_56^0,c
   905   0009F6                     l988:
   906   0009F6  0ED8               	movlw	216
   907   0009F8  5C2F               	subwf	main@i_56^0,w,c
   908   0009FA  0ED6               	movlw	214
   909   0009FC  5830               	subwfb	(main@i_56+1)^0,w,c
   910   0009FE  A0D8               	btfss	status,0,c
   911   000A00  EF04  F005         	goto	u241
   912   000A04  EF06  F005         	goto	u240
   913   000A08                     u241:
   914   000A08  EF08  F005         	goto	l992
   915   000A0C                     u240:
   916   000A0C  EF0C  F005         	goto	l996
   917   000A10                     l992:
   918   000A10  4A2F               	infsnz	main@i_56^0,f,c
   919   000A12  2A30               	incf	(main@i_56+1)^0,f,c
   920   000A14  EFFB  F004         	goto	l988
   921   000A18                     l996:
   922                           
   923                           ;oneafteranother.c: 64:         PORTD=0X1F;
   924   000A18  0E1F               	movlw	31
   925   000A1A  6E83               	movwf	131,c	;volatile
   926                           
   927                           ;oneafteranother.c: 65:         for(unsigned int i=0;i<55000;i++);
   928   000A1C  0E00               	movlw	0
   929   000A1E  6E32               	movwf	(main@i_57+1)^0,c
   930   000A20  0E00               	movlw	0
   931   000A22  6E31               	movwf	main@i_57^0,c
   932   000A24                     l998:
   933   000A24  0ED8               	movlw	216
   934   000A26  5C31               	subwf	main@i_57^0,w,c
   935   000A28  0ED6               	movlw	214
   936   000A2A  5832               	subwfb	(main@i_57+1)^0,w,c
   937   000A2C  A0D8               	btfss	status,0,c
   938   000A2E  EF1B  F005         	goto	u251
   939   000A32  EF1D  F005         	goto	u250
   940   000A36                     u251:
   941   000A36  EF1F  F005         	goto	l1002
   942   000A3A                     u250:
   943   000A3A  EF23  F005         	goto	l1006
   944   000A3E                     l1002:
   945   000A3E  4A31               	infsnz	main@i_57^0,f,c
   946   000A40  2A32               	incf	(main@i_57+1)^0,f,c
   947   000A42  EF12  F005         	goto	l998
   948   000A46                     l1006:
   949                           
   950                           ;oneafteranother.c: 66:         PORTD=0X00;
   951   000A46  0E00               	movlw	0
   952   000A48  6E83               	movwf	131,c	;volatile
   953                           
   954                           ;oneafteranother.c: 67:         for(unsigned int i=0;i<55000;i++);
   955   000A4A  0E00               	movlw	0
   956   000A4C  6E34               	movwf	(main@i_58+1)^0,c
   957   000A4E  0E00               	movlw	0
   958   000A50  6E33               	movwf	main@i_58^0,c
   959   000A52                     l1008:
   960   000A52  0ED8               	movlw	216
   961   000A54  5C33               	subwf	main@i_58^0,w,c
   962   000A56  0ED6               	movlw	214
   963   000A58  5834               	subwfb	(main@i_58+1)^0,w,c
   964   000A5A  A0D8               	btfss	status,0,c
   965   000A5C  EF32  F005         	goto	u261
   966   000A60  EF34  F005         	goto	u260
   967   000A64                     u261:
   968   000A64  EF36  F005         	goto	l1012
   969   000A68                     u260:
   970   000A68  EF3A  F005         	goto	l1016
   971   000A6C                     l1012:
   972   000A6C  4A33               	infsnz	main@i_58^0,f,c
   973   000A6E  2A34               	incf	(main@i_58+1)^0,f,c
   974   000A70  EF29  F005         	goto	l1008
   975   000A74                     l1016:
   976                           
   977                           ;oneafteranother.c: 68:         PORTD=0X3F;
   978   000A74  0E3F               	movlw	63
   979   000A76  6E83               	movwf	131,c	;volatile
   980                           
   981                           ;oneafteranother.c: 69:         for(unsigned int i=0;i<55000;i++);
   982   000A78  0E00               	movlw	0
   983   000A7A  6E36               	movwf	(main@i_59+1)^0,c
   984   000A7C  0E00               	movlw	0
   985   000A7E  6E35               	movwf	main@i_59^0,c
   986   000A80                     l1018:
   987   000A80  0ED8               	movlw	216
   988   000A82  5C35               	subwf	main@i_59^0,w,c
   989   000A84  0ED6               	movlw	214
   990   000A86  5836               	subwfb	(main@i_59+1)^0,w,c
   991   000A88  A0D8               	btfss	status,0,c
   992   000A8A  EF49  F005         	goto	u271
   993   000A8E  EF4B  F005         	goto	u270
   994   000A92                     u271:
   995   000A92  EF4D  F005         	goto	l1022
   996   000A96                     u270:
   997   000A96  EF51  F005         	goto	l1026
   998   000A9A                     l1022:
   999   000A9A  4A35               	infsnz	main@i_59^0,f,c
  1000   000A9C  2A36               	incf	(main@i_59+1)^0,f,c
  1001   000A9E  EF40  F005         	goto	l1018
  1002   000AA2                     l1026:
  1003                           
  1004                           ;oneafteranother.c: 70:         PORTD=0X00;
  1005   000AA2  0E00               	movlw	0
  1006   000AA4  6E83               	movwf	131,c	;volatile
  1007                           
  1008                           ;oneafteranother.c: 71:         for(unsigned int i=0;i<55000;i++);
  1009   000AA6  0E00               	movlw	0
  1010   000AA8  6E38               	movwf	(main@i_60+1)^0,c
  1011   000AAA  0E00               	movlw	0
  1012   000AAC  6E37               	movwf	main@i_60^0,c
  1013   000AAE                     l1028:
  1014   000AAE  0ED8               	movlw	216
  1015   000AB0  5C37               	subwf	main@i_60^0,w,c
  1016   000AB2  0ED6               	movlw	214
  1017   000AB4  5838               	subwfb	(main@i_60+1)^0,w,c
  1018   000AB6  A0D8               	btfss	status,0,c
  1019   000AB8  EF60  F005         	goto	u281
  1020   000ABC  EF62  F005         	goto	u280
  1021   000AC0                     u281:
  1022   000AC0  EF64  F005         	goto	l1032
  1023   000AC4                     u280:
  1024   000AC4  EF68  F005         	goto	l1036
  1025   000AC8                     l1032:
  1026   000AC8  4A37               	infsnz	main@i_60^0,f,c
  1027   000ACA  2A38               	incf	(main@i_60+1)^0,f,c
  1028   000ACC  EF57  F005         	goto	l1028
  1029   000AD0                     l1036:
  1030                           
  1031                           ;oneafteranother.c: 72:         PORTD=0X7F;
  1032   000AD0  0E7F               	movlw	127
  1033   000AD2  6E83               	movwf	131,c	;volatile
  1034                           
  1035                           ;oneafteranother.c: 73:         for(unsigned int i=0;i<55000;i++);
  1036   000AD4  0E00               	movlw	0
  1037   000AD6  6E3A               	movwf	(main@i_61+1)^0,c
  1038   000AD8  0E00               	movlw	0
  1039   000ADA  6E39               	movwf	main@i_61^0,c
  1040   000ADC                     l1038:
  1041   000ADC  0ED8               	movlw	216
  1042   000ADE  5C39               	subwf	main@i_61^0,w,c
  1043   000AE0  0ED6               	movlw	214
  1044   000AE2  583A               	subwfb	(main@i_61+1)^0,w,c
  1045   000AE4  A0D8               	btfss	status,0,c
  1046   000AE6  EF77  F005         	goto	u291
  1047   000AEA  EF79  F005         	goto	u290
  1048   000AEE                     u291:
  1049   000AEE  EF7B  F005         	goto	l1042
  1050   000AF2                     u290:
  1051   000AF2  EF7F  F005         	goto	l1046
  1052   000AF6                     l1042:
  1053   000AF6  4A39               	infsnz	main@i_61^0,f,c
  1054   000AF8  2A3A               	incf	(main@i_61+1)^0,f,c
  1055   000AFA  EF6E  F005         	goto	l1038
  1056   000AFE                     l1046:
  1057                           
  1058                           ;oneafteranother.c: 74:         PORTD=0X00;
  1059   000AFE  0E00               	movlw	0
  1060   000B00  6E83               	movwf	131,c	;volatile
  1061                           
  1062                           ;oneafteranother.c: 75:         for(unsigned int i=0;i<55000;i++);
  1063   000B02  0E00               	movlw	0
  1064   000B04  6E3C               	movwf	(main@i_62+1)^0,c
  1065   000B06  0E00               	movlw	0
  1066   000B08  6E3B               	movwf	main@i_62^0,c
  1067   000B0A                     l1048:
  1068   000B0A  0ED8               	movlw	216
  1069   000B0C  5C3B               	subwf	main@i_62^0,w,c
  1070   000B0E  0ED6               	movlw	214
  1071   000B10  583C               	subwfb	(main@i_62+1)^0,w,c
  1072   000B12  A0D8               	btfss	status,0,c
  1073   000B14  EF8E  F005         	goto	u301
  1074   000B18  EF90  F005         	goto	u300
  1075   000B1C                     u301:
  1076   000B1C  EF92  F005         	goto	l1052
  1077   000B20                     u300:
  1078   000B20  EF96  F005         	goto	l73
  1079   000B24                     l1052:
  1080   000B24  4A3B               	infsnz	main@i_62^0,f,c
  1081   000B26  2A3C               	incf	(main@i_62+1)^0,f,c
  1082   000B28  EF85  F005         	goto	l1048
  1083   000B2C                     l73:
  1084                           
  1085                           ;oneafteranother.c: 76:         PORTD=0XFF;
  1086   000B2C  6883               	setf	131,c	;volatile
  1087   000B2E                     
  1088                           ;oneafteranother.c: 77:         for(unsigned int i=0;i<55000;i++);
  1089   000B2E  0E00               	movlw	0
  1090   000B30  6E3E               	movwf	(main@i_63+1)^0,c
  1091   000B32  0E00               	movlw	0
  1092   000B34  6E3D               	movwf	main@i_63^0,c
  1093   000B36                     l1058:
  1094   000B36  0ED8               	movlw	216
  1095   000B38  5C3D               	subwf	main@i_63^0,w,c
  1096   000B3A  0ED6               	movlw	214
  1097   000B3C  583E               	subwfb	(main@i_63+1)^0,w,c
  1098   000B3E  A0D8               	btfss	status,0,c
  1099   000B40  EFA4  F005         	goto	u311
  1100   000B44  EFA6  F005         	goto	u310
  1101   000B48                     u311:
  1102   000B48  EFA8  F005         	goto	l1062
  1103   000B4C                     u310:
  1104   000B4C  EFAC  F005         	goto	l1066
  1105   000B50                     l1062:
  1106   000B50  4A3D               	infsnz	main@i_63^0,f,c
  1107   000B52  2A3E               	incf	(main@i_63+1)^0,f,c
  1108   000B54  EF9B  F005         	goto	l1058
  1109   000B58                     l1066:
  1110                           
  1111                           ;oneafteranother.c: 78:         PORTD=0X00;
  1112   000B58  0E00               	movlw	0
  1113   000B5A  6E83               	movwf	131,c	;volatile
  1114                           
  1115                           ;oneafteranother.c: 79:         for(unsigned int i=0;i<55000;i++);
  1116   000B5C  0E00               	movlw	0
  1117   000B5E  6E40               	movwf	(main@i_64+1)^0,c
  1118   000B60  0E00               	movlw	0
  1119   000B62  6E3F               	movwf	main@i_64^0,c
  1120   000B64                     l1068:
  1121   000B64  0ED8               	movlw	216
  1122   000B66  5C3F               	subwf	main@i_64^0,w,c
  1123   000B68  0ED6               	movlw	214
  1124   000B6A  5840               	subwfb	(main@i_64+1)^0,w,c
  1125   000B6C  A0D8               	btfss	status,0,c
  1126   000B6E  EFBB  F005         	goto	u321
  1127   000B72  EFBD  F005         	goto	u320
  1128   000B76                     u321:
  1129   000B76  EFBF  F005         	goto	l1072
  1130   000B7A                     u320:
  1131   000B7A  EF05  F003         	goto	l13
  1132   000B7E                     l1072:
  1133   000B7E  4A3F               	infsnz	main@i_64^0,f,c
  1134   000B80  2A40               	incf	(main@i_64+1)^0,f,c
  1135   000B82  EFB2  F005         	goto	l1068
  1136   000B86  EF00  F000         	goto	start
  1137   000B8A                     __end_of_main:
  1138                           	callstack 0
  1139                           
  1140                           	psect	smallconst
  1141   000600                     __psmallconst:
  1142                           	callstack 0
  1143   000600  00                 	db	0
  1144   000601  00                 	db	0	; dummy byte at the end
  1145   000000                     
  1146                           	psect	rparam
  1147   000000                     tosu	equ	0xFFF
  1148                           tosh	equ	0xFFE
  1149                           tosl	equ	0xFFD
  1150                           stkptr	equ	0xFFC
  1151                           pclatu	equ	0xFFB
  1152                           pclath	equ	0xFFA
  1153                           pcl	equ	0xFF9
  1154                           tblptru	equ	0xFF8
  1155                           tblptrh	equ	0xFF7
  1156                           tblptrl	equ	0xFF6
  1157                           tablat	equ	0xFF5
  1158                           prodh	equ	0xFF4
  1159                           prodl	equ	0xFF3
  1160                           indf0	equ	0xFEF
  1161                           postinc0	equ	0xFEE
  1162                           postdec0	equ	0xFED
  1163                           preinc0	equ	0xFEC
  1164                           plusw0	equ	0xFEB
  1165                           fsr0h	equ	0xFEA
  1166                           fsr0l	equ	0xFE9
  1167                           wreg	equ	0xFE8
  1168                           indf1	equ	0xFE7
  1169                           postinc1	equ	0xFE6
  1170                           postdec1	equ	0xFE5
  1171                           preinc1	equ	0xFE4
  1172                           plusw1	equ	0xFE3
  1173                           fsr1h	equ	0xFE2
  1174                           fsr1l	equ	0xFE1
  1175                           bsr	equ	0xFE0
  1176                           indf2	equ	0xFDF
  1177                           postinc2	equ	0xFDE
  1178                           postdec2	equ	0xFDD
  1179                           preinc2	equ	0xFDC
  1180                           plusw2	equ	0xFDB
  1181                           fsr2h	equ	0xFDA
  1182                           fsr2l	equ	0xFD9
  1183                           status	equ	0xFD8

Data Sizes:
    Strings     0
    Constant    0
    Data        0
    BSS         0
    Persistent  0
    Stack       0

Auto Spaces:
    Space          Size  Autos    Used
    COMRAM           95     64      64
    BANK0           160      0       0
    BANK1           256      0       0
    BANK2           256      0       0
    BANK3           256      0       0
    BANK4           256      0       0
    BANK5           256      0       0

Pointer List with Targets:

    None.

Critical Paths under _main in COMRAM

    None.

Critical Paths under _main in BANK0

    None.

Critical Paths under _main in BANK1

    None.

Critical Paths under _main in BANK2

    None.

Critical Paths under _main in BANK3

    None.

Critical Paths under _main in BANK4

    None.

Critical Paths under _main in BANK5

    None.

Call Graph Tables:

 ---------------------------------------------------------------------------------
 (Depth) Function   	        Calls       Base Space   Used Autos Params    Refs
 ---------------------------------------------------------------------------------
 (0) _main                                                64    64      0     960
                                              0 COMRAM    64    64      0
 ---------------------------------------------------------------------------------
 Estimated maximum stack depth 0
 ---------------------------------------------------------------------------------

 Call Graph Graphs:

 _main (ROOT)

 Address spaces:
Name               Size   Autos  Total    Cost      Usage
BITCOMRAM           5F      0       0       0        0.0%
EEDATA             100      0       0       0        0.0%
NULL                 0      0       0       0        0.0%
CODE                 0      0       0       0        0.0%
COMRAM              5F     40      40       1       67.4%
STACK                0      0       0       2        0.0%
DATA                 0      0       0       3        0.0%
BITBANK0            A0      0       0       4        0.0%
BANK0               A0      0       0       5        0.0%
BITBANK1           100      0       0       6        0.0%
BANK1              100      0       0       7        0.0%
BITBANK2           100      0       0       8        0.0%
BANK2              100      0       0       9        0.0%
BITBANK3           100      0       0      10        0.0%
BANK3              100      0       0      11        0.0%
BITBANK4           100      0       0      12        0.0%
BANK4              100      0       0      13        0.0%
BITBANK5           100      0       0      14        0.0%
BANK5              100      0       0      15        0.0%
BITBIGSFRh          6A      0       0      16        0.0%
BITBIGSFRlh         10      0       0      17        0.0%
BITBIGSFRll        282      0       0      18        0.0%
ABS                  0      0       0      19        0.0%
BIGRAM             5FF      0       0      20        0.0%
BIGSFR               0      0       0     200        0.0%
BITSFR_3             0      0       0     200        0.0%
SFR_3                0      0       0     200        0.0%
BITSFR_2             0      0       0     200        0.0%
SFR_2                0      0       0     200        0.0%
BITSFR_1             0      0       0     200        0.0%
SFR_1                0      0       0     200        0.0%
BITSFR               0      0       0     200        0.0%
SFR                  0      0       0     200        0.0%


Microchip Technology PIC18 Macro Assembler V2.46 build 20240104201356 
Symbol Table                                                                                   Tue Jul 30 08:56:10 2024

                     l13 060A                       l41 084E                       l73 0B2C  
                     u10 0630                       u11 062C                       u20 0656  
                     u21 0652                       u30 067C                       u31 0678  
                     u40 06A2                       u41 069E                       u50 06C8  
                     u51 06C4                       u60 06EE                       u61 06EA  
                     u70 0714                       u71 0710                       u80 073A  
                     u81 0736                       u90 075C                       u91 0758  
                    l802 06AE                      l812 06D4                      l804 06B2  
                    l902 0872                      l822 06FA                      l814 06D8  
                    l806 06C8                      l912 08A0                      l832 0720  
                    l824 06FE                      l816 06EE                      l922 08CE  
                    l906 087A                      l842 0760                      l834 0724  
                    l826 0714                      l762 0616                      l932 08FC  
                    l916 08A8                      l908 0886                      l852 078E  
                    l836 073A                      l772 063C                      l764 061A  
                    l756 0602                      l942 092A                      l926 08D6  
                    l918 08B4                      l862 07BC                      l846 0768  
                    l838 0746                      l782 0662                      l774 0640  
                    l766 0630                      l952 0958                      l936 0904  
                    l928 08E2                      l872 07EA                      l856 0796  
                    l848 0774                      l792 0688                      l784 0666  
                    l776 0656                      l962 0986                      l946 0932  
                    l938 0910                      l882 0818                      l866 07C4  
                    l858 07A2                      l794 068C                      l786 067C  
                    l972 09B4                      l956 0960                      l948 093E  
                    l892 0846                      l876 07F2                      l868 07D0  
                    l796 06A2                      l982 09E2                      l966 098E  
                    l958 096C                      l886 0820                      l878 07FE  
                    l992 0A10                      l976 09BC                      l968 099A  
                    l896 0850                      l888 082C                      l986 09EA  
                    l978 09C8                      l898 0858                      l996 0A18  
                    l988 09F6                      l998 0A24                      u100 078A  
                    u101 0786                      u110 07B8                      u111 07B4  
                    u200 0954                      u120 07E6                      u201 0950  
                    u121 07E2                      u210 0982                      u130 0814  
                    u211 097E                      u131 0810                      u300 0B20  
                    u220 09B0                      u140 0842                      u301 0B1C  
                    u221 09AC                      u141 083E                      u310 0B4C  
                    u230 09DE                      u150 086E                      u311 0B48  
                    u231 09DA                      u151 086A                      u320 0B7A  
                    u240 0A0C                      u160 089C                      u321 0B76  
                    u241 0A08                      u161 0898                      u250 0A3A  
                    u170 08CA                      u251 0A36                      u171 08C6  
                    u260 0A68                      u180 08F8                      u261 0A64  
                    u181 08F4                      u270 0A96                      u190 0926  
                    u271 0A92                      u191 0922                      u280 0AC4  
                    u281 0AC0                      u290 0AF2                      u291 0AEE  
                   l1002 0A3E                     l1012 0A6C                     l1022 0A9A  
                   l1006 0A46                     l1032 0AC8                     l1016 0A74  
                   l1008 0A52                     l1042 0AF6                     l1026 0AA2  
                   l1018 0A80                     l1052 0B24                     l1036 0AD0  
                   l1028 0AAE                     l1062 0B50                     l1046 0AFE  
                   l1038 0ADC                     l1072 0B7E                     l1056 0B2E  
                   l1048 0B0A                     l1066 0B58                     l1058 0B36  
                   l1068 0B64                     _main 0602                     start 0000  
           ___param_bank 0000                    ?_main 0001                    _PORTC 0F82  
                  _PORTD 0F83                    _TRISC 0F94                    _TRISD 0F95  
                  main@i 0001                    status 0FD8          __initialization 0B8A  
           __end_of_main 0B8A                   ??_main 0001            __activetblptr 0000  
                 isa$std 0001             __mediumconst 0000               __accesstop 0060  
__end_of__initialization 0B8A            ___rparam_used 0001           __pcstackCOMRAM 0001  
                __Hparam 0000                  __Lparam 0000             __psmallconst 0600  
                __pcinit 0B8A                  __ramtop 0600                  __ptext0 0602  
   end_of_initialization 0B8A      start_initialization 0B8A              __smallconst 0600  
               __Hrparam 0000                 __Lrparam 0000                 isa$xinst 0000  
               main@i_40 000F                 main@i_41 0011                 main@i_50 0023  
               main@i_42 0013                 main@i_34 0003                 main@i_51 0025  
               main@i_43 0015                 main@i_35 0005                 main@i_60 0037  
               main@i_52 0027                 main@i_44 0017                 main@i_36 0007  
               main@i_61 0039                 main@i_53 0029                 main@i_45 0019  
               main@i_37 0009                 main@i_62 003B                 main@i_54 002B  
               main@i_46 001B                 main@i_38 000B                 main@i_63 003D  
               main@i_55 002D                 main@i_47 001D                 main@i_39 000D  
               main@i_64 003F                 main@i_56 002F                 main@i_48 001F  
               main@i_57 0031                 main@i_49 0021                 main@i_58 0033  
               main@i_59 0035  
